mode: set
github.com/heathcliff26/kube-upgrade/cmd/upgraded/main.go:5.13,7.2 1 0
github.com/heathcliff26/kube-upgrade/pkg/apis/kubeupgrade/v1alpha1/defaults.go:3.63,4.24 1 0
github.com/heathcliff26/kube-upgrade/pkg/apis/kubeupgrade/v1alpha1/defaults.go:4.24,6.3 1 0
github.com/heathcliff26/kube-upgrade/pkg/apis/kubeupgrade/v1alpha1/defaults.go:7.2,7.39 1 0
github.com/heathcliff26/kube-upgrade/pkg/apis/kubeupgrade/v1alpha1/defaults.go:7.39,8.26 1 0
github.com/heathcliff26/kube-upgrade/pkg/apis/kubeupgrade/v1alpha1/defaults.go:8.26,10.4 1 0
github.com/heathcliff26/kube-upgrade/pkg/apis/kubeupgrade/v1alpha1/defaults.go:11.3,11.28 1 0
github.com/heathcliff26/kube-upgrade/pkg/apis/kubeupgrade/v1alpha1/defaults.go:15.69,16.26 1 0
github.com/heathcliff26/kube-upgrade/pkg/apis/kubeupgrade/v1alpha1/defaults.go:16.26,18.3 1 0
github.com/heathcliff26/kube-upgrade/pkg/apis/kubeupgrade/v1alpha1/defaults.go:19.2,19.26 1 0
github.com/heathcliff26/kube-upgrade/pkg/apis/kubeupgrade/v1alpha1/defaults.go:19.26,21.3 1 0
github.com/heathcliff26/kube-upgrade/pkg/apis/kubeupgrade/v1alpha1/register.go:21.13,26.2 1 0
github.com/heathcliff26/kube-upgrade/pkg/apis/kubeupgrade/v1alpha1/register.go:29.53,31.2 1 0
github.com/heathcliff26/kube-upgrade/pkg/apis/kubeupgrade/v1alpha1/register.go:34.50,52.2 4 0
github.com/heathcliff26/kube-upgrade/pkg/apis/kubeupgrade/v1alpha1/zz_generated.deepcopy.go:13.63,20.2 6 0
github.com/heathcliff26/kube-upgrade/pkg/apis/kubeupgrade/v1alpha1/zz_generated.deepcopy.go:23.56,24.15 1 0
github.com/heathcliff26/kube-upgrade/pkg/apis/kubeupgrade/v1alpha1/zz_generated.deepcopy.go:24.15,26.3 1 0
github.com/heathcliff26/kube-upgrade/pkg/apis/kubeupgrade/v1alpha1/zz_generated.deepcopy.go:27.2,29.12 3 0
github.com/heathcliff26/kube-upgrade/pkg/apis/kubeupgrade/v1alpha1/zz_generated.deepcopy.go:33.60,34.34 1 0
github.com/heathcliff26/kube-upgrade/pkg/apis/kubeupgrade/v1alpha1/zz_generated.deepcopy.go:34.34,36.3 1 0
github.com/heathcliff26/kube-upgrade/pkg/apis/kubeupgrade/v1alpha1/zz_generated.deepcopy.go:37.2,37.12 1 0
github.com/heathcliff26/kube-upgrade/pkg/apis/kubeupgrade/v1alpha1/zz_generated.deepcopy.go:41.73,43.25 2 0
github.com/heathcliff26/kube-upgrade/pkg/apis/kubeupgrade/v1alpha1/zz_generated.deepcopy.go:43.25,47.3 3 0
github.com/heathcliff26/kube-upgrade/pkg/apis/kubeupgrade/v1alpha1/zz_generated.deepcopy.go:48.2,48.22 1 0
github.com/heathcliff26/kube-upgrade/pkg/apis/kubeupgrade/v1alpha1/zz_generated.deepcopy.go:48.22,51.29 3 0
github.com/heathcliff26/kube-upgrade/pkg/apis/kubeupgrade/v1alpha1/zz_generated.deepcopy.go:51.29,53.4 1 0
github.com/heathcliff26/kube-upgrade/pkg/apis/kubeupgrade/v1alpha1/zz_generated.deepcopy.go:55.2,55.8 1 0
github.com/heathcliff26/kube-upgrade/pkg/apis/kubeupgrade/v1alpha1/zz_generated.deepcopy.go:59.66,60.15 1 0
github.com/heathcliff26/kube-upgrade/pkg/apis/kubeupgrade/v1alpha1/zz_generated.deepcopy.go:60.15,62.3 1 0
github.com/heathcliff26/kube-upgrade/pkg/apis/kubeupgrade/v1alpha1/zz_generated.deepcopy.go:63.2,65.12 3 0
github.com/heathcliff26/kube-upgrade/pkg/apis/kubeupgrade/v1alpha1/zz_generated.deepcopy.go:69.71,73.21 4 0
github.com/heathcliff26/kube-upgrade/pkg/apis/kubeupgrade/v1alpha1/zz_generated.deepcopy.go:73.21,76.22 3 0
github.com/heathcliff26/kube-upgrade/pkg/apis/kubeupgrade/v1alpha1/zz_generated.deepcopy.go:76.22,78.4 1 0
github.com/heathcliff26/kube-upgrade/pkg/apis/kubeupgrade/v1alpha1/zz_generated.deepcopy.go:80.2,80.8 1 0
github.com/heathcliff26/kube-upgrade/pkg/apis/kubeupgrade/v1alpha1/zz_generated.deepcopy.go:84.64,85.15 1 0
github.com/heathcliff26/kube-upgrade/pkg/apis/kubeupgrade/v1alpha1/zz_generated.deepcopy.go:85.15,87.3 1 0
github.com/heathcliff26/kube-upgrade/pkg/apis/kubeupgrade/v1alpha1/zz_generated.deepcopy.go:88.2,90.12 3 0
github.com/heathcliff26/kube-upgrade/pkg/apis/kubeupgrade/v1alpha1/zz_generated.deepcopy.go:94.64,95.34 1 0
github.com/heathcliff26/kube-upgrade/pkg/apis/kubeupgrade/v1alpha1/zz_generated.deepcopy.go:95.34,97.3 1 0
github.com/heathcliff26/kube-upgrade/pkg/apis/kubeupgrade/v1alpha1/zz_generated.deepcopy.go:98.2,98.12 1 0
github.com/heathcliff26/kube-upgrade/pkg/apis/kubeupgrade/v1alpha1/zz_generated.deepcopy.go:102.63,104.22 2 0
github.com/heathcliff26/kube-upgrade/pkg/apis/kubeupgrade/v1alpha1/zz_generated.deepcopy.go:104.22,107.29 3 0
github.com/heathcliff26/kube-upgrade/pkg/apis/kubeupgrade/v1alpha1/zz_generated.deepcopy.go:107.29,109.4 1 0
github.com/heathcliff26/kube-upgrade/pkg/apis/kubeupgrade/v1alpha1/zz_generated.deepcopy.go:111.2,111.8 1 0
github.com/heathcliff26/kube-upgrade/pkg/apis/kubeupgrade/v1alpha1/zz_generated.deepcopy.go:115.56,116.15 1 0
github.com/heathcliff26/kube-upgrade/pkg/apis/kubeupgrade/v1alpha1/zz_generated.deepcopy.go:116.15,118.3 1 0
github.com/heathcliff26/kube-upgrade/pkg/apis/kubeupgrade/v1alpha1/zz_generated.deepcopy.go:119.2,121.12 3 0
github.com/heathcliff26/kube-upgrade/pkg/apis/kubeupgrade/v1alpha1/zz_generated.deepcopy.go:125.67,127.22 2 0
github.com/heathcliff26/kube-upgrade/pkg/apis/kubeupgrade/v1alpha1/zz_generated.deepcopy.go:127.22,130.29 3 0
github.com/heathcliff26/kube-upgrade/pkg/apis/kubeupgrade/v1alpha1/zz_generated.deepcopy.go:130.29,132.4 1 0
github.com/heathcliff26/kube-upgrade/pkg/apis/kubeupgrade/v1alpha1/zz_generated.deepcopy.go:134.2,134.8 1 0
github.com/heathcliff26/kube-upgrade/pkg/apis/kubeupgrade/v1alpha1/zz_generated.deepcopy.go:138.60,139.15 1 0
github.com/heathcliff26/kube-upgrade/pkg/apis/kubeupgrade/v1alpha1/zz_generated.deepcopy.go:139.15,141.3 1 0
github.com/heathcliff26/kube-upgrade/pkg/apis/kubeupgrade/v1alpha1/zz_generated.deepcopy.go:142.2,144.12 3 0
github.com/heathcliff26/kube-upgrade/pkg/apis/kubeupgrade/v1alpha1/zz_generated.defaults.go:15.53,16.73 1 0
github.com/heathcliff26/kube-upgrade/pkg/apis/kubeupgrade/v1alpha1/zz_generated.defaults.go:16.73,16.134 1 0
github.com/heathcliff26/kube-upgrade/pkg/apis/kubeupgrade/v1alpha1/zz_generated.defaults.go:17.2,17.77 1 0
github.com/heathcliff26/kube-upgrade/pkg/apis/kubeupgrade/v1alpha1/zz_generated.defaults.go:17.77,17.146 1 0
github.com/heathcliff26/kube-upgrade/pkg/apis/kubeupgrade/v1alpha1/zz_generated.defaults.go:18.2,18.12 1 0
github.com/heathcliff26/kube-upgrade/pkg/apis/kubeupgrade/v1alpha1/zz_generated.defaults.go:21.61,24.2 2 0
github.com/heathcliff26/kube-upgrade/pkg/apis/kubeupgrade/v1alpha1/zz_generated.defaults.go:26.69,27.26 1 0
github.com/heathcliff26/kube-upgrade/pkg/apis/kubeupgrade/v1alpha1/zz_generated.defaults.go:27.26,30.3 2 0
github.com/heathcliff26/kube-upgrade/cmd/upgrade-controller/main.go:5.13,7.2 1 0
github.com/heathcliff26/kube-upgrade/pkg/client/applyconfiguration/utils.go:16.56,17.14 1 0
github.com/heathcliff26/kube-upgrade/pkg/client/applyconfiguration/utils.go:19.63,20.66 1 0
github.com/heathcliff26/kube-upgrade/pkg/client/applyconfiguration/utils.go:21.68,22.71 1 0
github.com/heathcliff26/kube-upgrade/pkg/client/applyconfiguration/utils.go:23.63,24.66 1 0
github.com/heathcliff26/kube-upgrade/pkg/client/applyconfiguration/utils.go:25.65,26.68 1 0
github.com/heathcliff26/kube-upgrade/pkg/client/applyconfiguration/utils.go:29.2,29.12 1 0
github.com/heathcliff26/kube-upgrade/pkg/client/applyconfiguration/utils.go:32.70,34.2 1 0
github.com/heathcliff26/kube-upgrade/pkg/client/applyconfiguration/internal/internal.go:12.29,13.23 1 0
github.com/heathcliff26/kube-upgrade/pkg/client/applyconfiguration/internal/internal.go:13.23,16.17 3 0
github.com/heathcliff26/kube-upgrade/pkg/client/applyconfiguration/internal/internal.go:16.17,17.57 1 0
github.com/heathcliff26/kube-upgrade/pkg/client/applyconfiguration/internal/internal.go:20.2,20.15 1 0
github.com/heathcliff26/kube-upgrade/pkg/client/applyconfiguration/kubeupgrade/v1alpha1/kubeupgradeplan.go:22.81,29.2 6 0
github.com/heathcliff26/kube-upgrade/pkg/client/applyconfiguration/kubeupgrade/v1alpha1/kubeupgradeplan.go:34.103,37.2 2 0
github.com/heathcliff26/kube-upgrade/pkg/client/applyconfiguration/kubeupgrade/v1alpha1/kubeupgradeplan.go:42.109,45.2 2 0
github.com/heathcliff26/kube-upgrade/pkg/client/applyconfiguration/kubeupgrade/v1alpha1/kubeupgradeplan.go:50.103,54.2 3 0
github.com/heathcliff26/kube-upgrade/pkg/client/applyconfiguration/kubeupgrade/v1alpha1/kubeupgradeplan.go:59.111,63.2 3 0
github.com/heathcliff26/kube-upgrade/pkg/client/applyconfiguration/kubeupgrade/v1alpha1/kubeupgradeplan.go:68.108,72.2 3 0
github.com/heathcliff26/kube-upgrade/pkg/client/applyconfiguration/kubeupgrade/v1alpha1/kubeupgradeplan.go:77.105,81.2 3 0
github.com/heathcliff26/kube-upgrade/pkg/client/applyconfiguration/kubeupgrade/v1alpha1/kubeupgradeplan.go:86.114,90.2 3 0
github.com/heathcliff26/kube-upgrade/pkg/client/applyconfiguration/kubeupgrade/v1alpha1/kubeupgradeplan.go:95.108,99.2 3 0
github.com/heathcliff26/kube-upgrade/pkg/client/applyconfiguration/kubeupgrade/v1alpha1/kubeupgradeplan.go:104.121,108.2 3 0
github.com/heathcliff26/kube-upgrade/pkg/client/applyconfiguration/kubeupgrade/v1alpha1/kubeupgradeplan.go:113.121,117.2 3 0
github.com/heathcliff26/kube-upgrade/pkg/client/applyconfiguration/kubeupgrade/v1alpha1/kubeupgradeplan.go:122.124,126.2 3 0
github.com/heathcliff26/kube-upgrade/pkg/client/applyconfiguration/kubeupgrade/v1alpha1/kubeupgradeplan.go:132.118,134.41 2 0
github.com/heathcliff26/kube-upgrade/pkg/client/applyconfiguration/kubeupgrade/v1alpha1/kubeupgradeplan.go:134.41,136.3 1 0
github.com/heathcliff26/kube-upgrade/pkg/client/applyconfiguration/kubeupgrade/v1alpha1/kubeupgradeplan.go:137.2,137.28 1 0
github.com/heathcliff26/kube-upgrade/pkg/client/applyconfiguration/kubeupgrade/v1alpha1/kubeupgradeplan.go:137.28,139.3 1 0
github.com/heathcliff26/kube-upgrade/pkg/client/applyconfiguration/kubeupgrade/v1alpha1/kubeupgradeplan.go:140.2,140.10 1 0
github.com/heathcliff26/kube-upgrade/pkg/client/applyconfiguration/kubeupgrade/v1alpha1/kubeupgradeplan.go:147.123,149.46 2 0
github.com/heathcliff26/kube-upgrade/pkg/client/applyconfiguration/kubeupgrade/v1alpha1/kubeupgradeplan.go:149.46,151.3 1 0
github.com/heathcliff26/kube-upgrade/pkg/client/applyconfiguration/kubeupgrade/v1alpha1/kubeupgradeplan.go:152.2,152.28 1 0
github.com/heathcliff26/kube-upgrade/pkg/client/applyconfiguration/kubeupgrade/v1alpha1/kubeupgradeplan.go:152.28,154.3 1 0
github.com/heathcliff26/kube-upgrade/pkg/client/applyconfiguration/kubeupgrade/v1alpha1/kubeupgradeplan.go:155.2,155.10 1 0
github.com/heathcliff26/kube-upgrade/pkg/client/applyconfiguration/kubeupgrade/v1alpha1/kubeupgradeplan.go:161.148,163.24 2 0
github.com/heathcliff26/kube-upgrade/pkg/client/applyconfiguration/kubeupgrade/v1alpha1/kubeupgradeplan.go:163.24,164.23 1 0
github.com/heathcliff26/kube-upgrade/pkg/client/applyconfiguration/kubeupgrade/v1alpha1/kubeupgradeplan.go:164.23,165.52 1 0
github.com/heathcliff26/kube-upgrade/pkg/client/applyconfiguration/kubeupgrade/v1alpha1/kubeupgradeplan.go:167.3,167.60 1 0
github.com/heathcliff26/kube-upgrade/pkg/client/applyconfiguration/kubeupgrade/v1alpha1/kubeupgradeplan.go:169.2,169.10 1 0
github.com/heathcliff26/kube-upgrade/pkg/client/applyconfiguration/kubeupgrade/v1alpha1/kubeupgradeplan.go:175.113,177.24 2 0
github.com/heathcliff26/kube-upgrade/pkg/client/applyconfiguration/kubeupgrade/v1alpha1/kubeupgradeplan.go:177.24,179.3 1 0
github.com/heathcliff26/kube-upgrade/pkg/client/applyconfiguration/kubeupgrade/v1alpha1/kubeupgradeplan.go:180.2,180.10 1 0
github.com/heathcliff26/kube-upgrade/pkg/client/applyconfiguration/kubeupgrade/v1alpha1/kubeupgradeplan.go:183.88,184.43 1 0
github.com/heathcliff26/kube-upgrade/pkg/client/applyconfiguration/kubeupgrade/v1alpha1/kubeupgradeplan.go:184.43,186.3 1 0
github.com/heathcliff26/kube-upgrade/pkg/client/applyconfiguration/kubeupgrade/v1alpha1/kubeupgradeplan.go:192.131,195.2 2 0
github.com/heathcliff26/kube-upgrade/pkg/client/applyconfiguration/kubeupgrade/v1alpha1/kubeupgradeplan.go:200.135,203.2 2 0
github.com/heathcliff26/kube-upgrade/pkg/client/applyconfiguration/kubeupgrade/v1alpha1/kubeupgradeplan.go:206.63,209.2 2 0
github.com/heathcliff26/kube-upgrade/pkg/client/applyconfiguration/kubeupgrade/v1alpha1/kubeupgradeplangroup.go:14.69,16.2 1 0
github.com/heathcliff26/kube-upgrade/pkg/client/applyconfiguration/kubeupgrade/v1alpha1/kubeupgradeplangroup.go:21.122,22.24 1 0
github.com/heathcliff26/kube-upgrade/pkg/client/applyconfiguration/kubeupgrade/v1alpha1/kubeupgradeplangroup.go:22.24,24.3 1 0
github.com/heathcliff26/kube-upgrade/pkg/client/applyconfiguration/kubeupgrade/v1alpha1/kubeupgradeplangroup.go:25.2,25.10 1 0
github.com/heathcliff26/kube-upgrade/pkg/client/applyconfiguration/kubeupgrade/v1alpha1/kubeupgradeplangroup.go:32.128,33.41 1 0
github.com/heathcliff26/kube-upgrade/pkg/client/applyconfiguration/kubeupgrade/v1alpha1/kubeupgradeplangroup.go:33.41,35.3 1 0
github.com/heathcliff26/kube-upgrade/pkg/client/applyconfiguration/kubeupgrade/v1alpha1/kubeupgradeplangroup.go:36.2,36.28 1 0
github.com/heathcliff26/kube-upgrade/pkg/client/applyconfiguration/kubeupgrade/v1alpha1/kubeupgradeplangroup.go:36.28,38.3 1 0
github.com/heathcliff26/kube-upgrade/pkg/client/applyconfiguration/kubeupgrade/v1alpha1/kubeupgradeplangroup.go:39.2,39.10 1 0
github.com/heathcliff26/kube-upgrade/pkg/client/applyconfiguration/kubeupgrade/v1alpha1/kubeupgradespec.go:14.59,16.2 1 0
github.com/heathcliff26/kube-upgrade/pkg/client/applyconfiguration/kubeupgrade/v1alpha1/kubeupgradespec.go:21.116,24.2 2 0
github.com/heathcliff26/kube-upgrade/pkg/client/applyconfiguration/kubeupgrade/v1alpha1/kubeupgradespec.go:30.150,31.41 1 0
github.com/heathcliff26/kube-upgrade/pkg/client/applyconfiguration/kubeupgrade/v1alpha1/kubeupgradespec.go:31.41,33.3 1 0
github.com/heathcliff26/kube-upgrade/pkg/client/applyconfiguration/kubeupgrade/v1alpha1/kubeupgradespec.go:34.2,34.28 1 0
github.com/heathcliff26/kube-upgrade/pkg/client/applyconfiguration/kubeupgrade/v1alpha1/kubeupgradespec.go:34.28,36.3 1 0
github.com/heathcliff26/kube-upgrade/pkg/client/applyconfiguration/kubeupgrade/v1alpha1/kubeupgradespec.go:37.2,37.10 1 0
github.com/heathcliff26/kube-upgrade/pkg/client/applyconfiguration/kubeupgrade/v1alpha1/kubeupgradestatus.go:14.63,16.2 1 0
github.com/heathcliff26/kube-upgrade/pkg/client/applyconfiguration/kubeupgrade/v1alpha1/kubeupgradestatus.go:21.110,24.2 2 0
github.com/heathcliff26/kube-upgrade/pkg/client/applyconfiguration/kubeupgrade/v1alpha1/kubeupgradestatus.go:30.122,31.41 1 0
github.com/heathcliff26/kube-upgrade/pkg/client/applyconfiguration/kubeupgrade/v1alpha1/kubeupgradestatus.go:31.41,33.3 1 0
github.com/heathcliff26/kube-upgrade/pkg/client/applyconfiguration/kubeupgrade/v1alpha1/kubeupgradestatus.go:34.2,34.28 1 0
github.com/heathcliff26/kube-upgrade/pkg/client/applyconfiguration/kubeupgrade/v1alpha1/kubeupgradestatus.go:34.28,36.3 1 0
github.com/heathcliff26/kube-upgrade/pkg/client/applyconfiguration/kubeupgrade/v1alpha1/kubeupgradestatus.go:37.2,37.10 1 0
github.com/heathcliff26/kube-upgrade/pkg/client/clientset/versioned/clientset.go:27.92,29.2 1 0
github.com/heathcliff26/kube-upgrade/pkg/client/clientset/versioned/clientset.go:32.62,33.14 1 0
github.com/heathcliff26/kube-upgrade/pkg/client/clientset/versioned/clientset.go:33.14,35.3 1 0
github.com/heathcliff26/kube-upgrade/pkg/client/clientset/versioned/clientset.go:36.2,36.26 1 0
github.com/heathcliff26/kube-upgrade/pkg/client/clientset/versioned/clientset.go:44.55,47.39 2 0
github.com/heathcliff26/kube-upgrade/pkg/client/clientset/versioned/clientset.go:47.39,49.3 1 0
github.com/heathcliff26/kube-upgrade/pkg/client/clientset/versioned/clientset.go:52.2,53.16 2 0
github.com/heathcliff26/kube-upgrade/pkg/client/clientset/versioned/clientset.go:53.16,55.3 1 0
github.com/heathcliff26/kube-upgrade/pkg/client/clientset/versioned/clientset.go:57.2,57.62 1 0
github.com/heathcliff26/kube-upgrade/pkg/client/clientset/versioned/clientset.go:64.89,66.71 2 0
github.com/heathcliff26/kube-upgrade/pkg/client/clientset/versioned/clientset.go:66.71,67.35 1 0
github.com/heathcliff26/kube-upgrade/pkg/client/clientset/versioned/clientset.go:67.35,69.4 1 0
github.com/heathcliff26/kube-upgrade/pkg/client/clientset/versioned/clientset.go:70.3,70.120 1 0
github.com/heathcliff26/kube-upgrade/pkg/client/clientset/versioned/clientset.go:73.2,76.16 4 0
github.com/heathcliff26/kube-upgrade/pkg/client/clientset/versioned/clientset.go:76.16,78.3 1 0
github.com/heathcliff26/kube-upgrade/pkg/client/clientset/versioned/clientset.go:80.2,81.16 2 0
github.com/heathcliff26/kube-upgrade/pkg/client/clientset/versioned/clientset.go:81.16,83.3 1 0
github.com/heathcliff26/kube-upgrade/pkg/client/clientset/versioned/clientset.go:84.2,84.17 1 0
github.com/heathcliff26/kube-upgrade/pkg/client/clientset/versioned/clientset.go:89.51,91.16 2 0
github.com/heathcliff26/kube-upgrade/pkg/client/clientset/versioned/clientset.go:91.16,92.13 1 0
github.com/heathcliff26/kube-upgrade/pkg/client/clientset/versioned/clientset.go:94.2,94.11 1 0
github.com/heathcliff26/kube-upgrade/pkg/client/clientset/versioned/clientset.go:98.39,104.2 4 0
github.com/heathcliff26/kube-upgrade/pkg/client/clientset/versioned/scheme/register.go:37.13,40.2 2 0
github.com/heathcliff26/kube-upgrade/pkg/client/clientset/versioned/typed/kubeupgrade/v1alpha1/kubeupgrade_client.go:23.97,25.2 1 0
github.com/heathcliff26/kube-upgrade/pkg/client/clientset/versioned/typed/kubeupgrade/v1alpha1/kubeupgrade_client.go:30.71,32.51 2 0
github.com/heathcliff26/kube-upgrade/pkg/client/clientset/versioned/typed/kubeupgrade/v1alpha1/kubeupgrade_client.go:32.51,34.3 1 0
github.com/heathcliff26/kube-upgrade/pkg/client/clientset/versioned/typed/kubeupgrade/v1alpha1/kubeupgrade_client.go:35.2,36.16 2 0
github.com/heathcliff26/kube-upgrade/pkg/client/clientset/versioned/typed/kubeupgrade/v1alpha1/kubeupgrade_client.go:36.16,38.3 1 0
github.com/heathcliff26/kube-upgrade/pkg/client/clientset/versioned/typed/kubeupgrade/v1alpha1/kubeupgrade_client.go:39.2,39.51 1 0
github.com/heathcliff26/kube-upgrade/pkg/client/clientset/versioned/typed/kubeupgrade/v1alpha1/kubeupgrade_client.go:44.96,46.51 2 0
github.com/heathcliff26/kube-upgrade/pkg/client/clientset/versioned/typed/kubeupgrade/v1alpha1/kubeupgrade_client.go:46.51,48.3 1 0
github.com/heathcliff26/kube-upgrade/pkg/client/clientset/versioned/typed/kubeupgrade/v1alpha1/kubeupgrade_client.go:49.2,50.16 2 0
github.com/heathcliff26/kube-upgrade/pkg/client/clientset/versioned/typed/kubeupgrade/v1alpha1/kubeupgrade_client.go:50.16,52.3 1 0
github.com/heathcliff26/kube-upgrade/pkg/client/clientset/versioned/typed/kubeupgrade/v1alpha1/kubeupgrade_client.go:53.2,53.48 1 0
github.com/heathcliff26/kube-upgrade/pkg/client/clientset/versioned/typed/kubeupgrade/v1alpha1/kubeupgrade_client.go:58.67,60.16 2 0
github.com/heathcliff26/kube-upgrade/pkg/client/clientset/versioned/typed/kubeupgrade/v1alpha1/kubeupgrade_client.go:60.16,61.13 1 0
github.com/heathcliff26/kube-upgrade/pkg/client/clientset/versioned/typed/kubeupgrade/v1alpha1/kubeupgrade_client.go:63.2,63.15 1 0
github.com/heathcliff26/kube-upgrade/pkg/client/clientset/versioned/typed/kubeupgrade/v1alpha1/kubeupgrade_client.go:67.55,69.2 1 0
github.com/heathcliff26/kube-upgrade/pkg/client/clientset/versioned/typed/kubeupgrade/v1alpha1/kubeupgrade_client.go:71.51,77.28 5 0
github.com/heathcliff26/kube-upgrade/pkg/client/clientset/versioned/typed/kubeupgrade/v1alpha1/kubeupgrade_client.go:77.28,79.3 1 0
github.com/heathcliff26/kube-upgrade/pkg/client/clientset/versioned/typed/kubeupgrade/v1alpha1/kubeupgrade_client.go:81.2,81.12 1 0
github.com/heathcliff26/kube-upgrade/pkg/client/clientset/versioned/typed/kubeupgrade/v1alpha1/kubeupgrade_client.go:86.65,87.14 1 0
github.com/heathcliff26/kube-upgrade/pkg/client/clientset/versioned/typed/kubeupgrade/v1alpha1/kubeupgrade_client.go:87.14,89.3 1 0
github.com/heathcliff26/kube-upgrade/pkg/client/clientset/versioned/typed/kubeupgrade/v1alpha1/kubeupgrade_client.go:90.2,90.21 1 0
github.com/heathcliff26/kube-upgrade/pkg/client/clientset/versioned/typed/kubeupgrade/v1alpha1/kubeupgradeplan.go:47.92,54.37 1 0
github.com/heathcliff26/kube-upgrade/pkg/client/clientset/versioned/typed/kubeupgrade/v1alpha1/kubeupgradeplan.go:54.37,54.75 1 0
github.com/heathcliff26/kube-upgrade/pkg/client/clientset/versioned/typed/kubeupgrade/v1alpha1/kubeupgradeplan.go:55.41,55.83 1 0
github.com/heathcliff26/kube-upgrade/pkg/client/clientset/versioned/fake/clientset_generated.go:25.63,27.30 2 0
github.com/heathcliff26/kube-upgrade/pkg/client/clientset/versioned/fake/clientset_generated.go:27.30,28.36 1 0
github.com/heathcliff26/kube-upgrade/pkg/client/clientset/versioned/fake/clientset_generated.go:28.36,29.14 1 0
github.com/heathcliff26/kube-upgrade/pkg/client/clientset/versioned/fake/clientset_generated.go:33.2,36.101 4 0
github.com/heathcliff26/kube-upgrade/pkg/client/clientset/versioned/fake/clientset_generated.go:36.101,40.17 4 0
github.com/heathcliff26/kube-upgrade/pkg/client/clientset/versioned/fake/clientset_generated.go:40.17,42.4 1 0
github.com/heathcliff26/kube-upgrade/pkg/client/clientset/versioned/fake/clientset_generated.go:43.3,43.26 1 0
github.com/heathcliff26/kube-upgrade/pkg/client/clientset/versioned/fake/clientset_generated.go:46.2,46.11 1 0
github.com/heathcliff26/kube-upgrade/pkg/client/clientset/versioned/fake/clientset_generated.go:58.62,60.2 1 0
github.com/heathcliff26/kube-upgrade/pkg/client/clientset/versioned/fake/clientset_generated.go:62.53,64.2 1 0
github.com/heathcliff26/kube-upgrade/pkg/client/clientset/versioned/fake/clientset_generated.go:70.57,76.30 2 0
github.com/heathcliff26/kube-upgrade/pkg/client/clientset/versioned/fake/clientset_generated.go:76.30,77.36 1 0
github.com/heathcliff26/kube-upgrade/pkg/client/clientset/versioned/fake/clientset_generated.go:77.36,78.14 1 0
github.com/heathcliff26/kube-upgrade/pkg/client/clientset/versioned/fake/clientset_generated.go:82.2,85.101 4 0
github.com/heathcliff26/kube-upgrade/pkg/client/clientset/versioned/fake/clientset_generated.go:85.101,89.17 4 0
github.com/heathcliff26/kube-upgrade/pkg/client/clientset/versioned/fake/clientset_generated.go:89.17,91.4 1 0
github.com/heathcliff26/kube-upgrade/pkg/client/clientset/versioned/fake/clientset_generated.go:92.3,92.26 1 0
github.com/heathcliff26/kube-upgrade/pkg/client/clientset/versioned/fake/clientset_generated.go:95.2,95.11 1 0
github.com/heathcliff26/kube-upgrade/pkg/client/clientset/versioned/fake/clientset_generated.go:104.92,106.2 1 0
github.com/heathcliff26/kube-upgrade/pkg/client/clientset/versioned/fake/register.go:37.13,40.2 2 0
github.com/heathcliff26/kube-upgrade/pkg/client/clientset/versioned/typed/kubeupgrade/v1alpha1/fake/fake_kubeupgrade_client.go:15.104,17.2 1 0
github.com/heathcliff26/kube-upgrade/pkg/client/clientset/versioned/typed/kubeupgrade/v1alpha1/fake/fake_kubeupgrade_client.go:21.63,24.2 2 0
github.com/heathcliff26/kube-upgrade/pkg/client/clientset/versioned/typed/kubeupgrade/v1alpha1/fake/fake_kubeupgradeplan.go:30.139,35.16 3 0
github.com/heathcliff26/kube-upgrade/pkg/client/clientset/versioned/typed/kubeupgrade/v1alpha1/fake/fake_kubeupgradeplan.go:35.16,37.3 1 0
github.com/heathcliff26/kube-upgrade/pkg/client/clientset/versioned/typed/kubeupgrade/v1alpha1/fake/fake_kubeupgradeplan.go:38.2,38.45 1 0
github.com/heathcliff26/kube-upgrade/pkg/client/clientset/versioned/typed/kubeupgrade/v1alpha1/fake/fake_kubeupgradeplan.go:42.129,47.16 3 0
github.com/heathcliff26/kube-upgrade/pkg/client/clientset/versioned/typed/kubeupgrade/v1alpha1/fake/fake_kubeupgradeplan.go:47.16,49.3 1 0
github.com/heathcliff26/kube-upgrade/pkg/client/clientset/versioned/typed/kubeupgrade/v1alpha1/fake/fake_kubeupgradeplan.go:51.2,52.18 2 0
github.com/heathcliff26/kube-upgrade/pkg/client/clientset/versioned/typed/kubeupgrade/v1alpha1/fake/fake_kubeupgradeplan.go:52.18,54.3 1 0
github.com/heathcliff26/kube-upgrade/pkg/client/clientset/versioned/typed/kubeupgrade/v1alpha1/fake/fake_kubeupgradeplan.go:55.2,56.65 2 0
github.com/heathcliff26/kube-upgrade/pkg/client/clientset/versioned/typed/kubeupgrade/v1alpha1/fake/fake_kubeupgradeplan.go:56.65,57.45 1 0
github.com/heathcliff26/kube-upgrade/pkg/client/clientset/versioned/typed/kubeupgrade/v1alpha1/fake/fake_kubeupgradeplan.go:57.45,59.4 1 0
github.com/heathcliff26/kube-upgrade/pkg/client/clientset/versioned/typed/kubeupgrade/v1alpha1/fake/fake_kubeupgradeplan.go:61.2,61.18 1 0
github.com/heathcliff26/kube-upgrade/pkg/client/clientset/versioned/typed/kubeupgrade/v1alpha1/fake/fake_kubeupgradeplan.go:65.105,69.2 1 0
github.com/heathcliff26/kube-upgrade/pkg/client/clientset/versioned/typed/kubeupgrade/v1alpha1/fake/fake_kubeupgradeplan.go:72.172,77.16 3 0
github.com/heathcliff26/kube-upgrade/pkg/client/clientset/versioned/typed/kubeupgrade/v1alpha1/fake/fake_kubeupgradeplan.go:77.16,79.3 1 0
github.com/heathcliff26/kube-upgrade/pkg/client/clientset/versioned/typed/kubeupgrade/v1alpha1/fake/fake_kubeupgradeplan.go:80.2,80.45 1 0
github.com/heathcliff26/kube-upgrade/pkg/client/clientset/versioned/typed/kubeupgrade/v1alpha1/fake/fake_kubeupgradeplan.go:84.172,89.16 3 0
github.com/heathcliff26/kube-upgrade/pkg/client/clientset/versioned/typed/kubeupgrade/v1alpha1/fake/fake_kubeupgradeplan.go:89.16,91.3 1 0
github.com/heathcliff26/kube-upgrade/pkg/client/clientset/versioned/typed/kubeupgrade/v1alpha1/fake/fake_kubeupgradeplan.go:92.2,92.45 1 0
github.com/heathcliff26/kube-upgrade/pkg/client/clientset/versioned/typed/kubeupgrade/v1alpha1/fake/fake_kubeupgradeplan.go:97.178,102.16 3 0
github.com/heathcliff26/kube-upgrade/pkg/client/clientset/versioned/typed/kubeupgrade/v1alpha1/fake/fake_kubeupgradeplan.go:102.16,104.3 1 0
github.com/heathcliff26/kube-upgrade/pkg/client/clientset/versioned/typed/kubeupgrade/v1alpha1/fake/fake_kubeupgradeplan.go:105.2,105.45 1 0
github.com/heathcliff26/kube-upgrade/pkg/client/clientset/versioned/typed/kubeupgrade/v1alpha1/fake/fake_kubeupgradeplan.go:109.102,114.2 2 0
github.com/heathcliff26/kube-upgrade/pkg/client/clientset/versioned/typed/kubeupgrade/v1alpha1/fake/fake_kubeupgradeplan.go:117.124,122.2 3 0
github.com/heathcliff26/kube-upgrade/pkg/client/clientset/versioned/typed/kubeupgrade/v1alpha1/fake/fake_kubeupgradeplan.go:125.197,130.16 3 0
github.com/heathcliff26/kube-upgrade/pkg/client/clientset/versioned/typed/kubeupgrade/v1alpha1/fake/fake_kubeupgradeplan.go:130.16,132.3 1 0
github.com/heathcliff26/kube-upgrade/pkg/client/clientset/versioned/typed/kubeupgrade/v1alpha1/fake/fake_kubeupgradeplan.go:133.2,133.45 1 0
github.com/heathcliff26/kube-upgrade/pkg/client/clientset/versioned/typed/kubeupgrade/v1alpha1/fake/fake_kubeupgradeplan.go:137.199,138.28 1 0
github.com/heathcliff26/kube-upgrade/pkg/client/clientset/versioned/typed/kubeupgrade/v1alpha1/fake/fake_kubeupgradeplan.go:138.28,140.3 1 0
github.com/heathcliff26/kube-upgrade/pkg/client/clientset/versioned/typed/kubeupgrade/v1alpha1/fake/fake_kubeupgradeplan.go:141.2,142.16 2 0
github.com/heathcliff26/kube-upgrade/pkg/client/clientset/versioned/typed/kubeupgrade/v1alpha1/fake/fake_kubeupgradeplan.go:142.16,144.3 1 0
github.com/heathcliff26/kube-upgrade/pkg/client/clientset/versioned/typed/kubeupgrade/v1alpha1/fake/fake_kubeupgradeplan.go:145.2,146.17 2 0
github.com/heathcliff26/kube-upgrade/pkg/client/clientset/versioned/typed/kubeupgrade/v1alpha1/fake/fake_kubeupgradeplan.go:146.17,148.3 1 0
github.com/heathcliff26/kube-upgrade/pkg/client/clientset/versioned/typed/kubeupgrade/v1alpha1/fake/fake_kubeupgradeplan.go:149.2,153.16 3 0
github.com/heathcliff26/kube-upgrade/pkg/client/clientset/versioned/typed/kubeupgrade/v1alpha1/fake/fake_kubeupgradeplan.go:153.16,155.3 1 0
github.com/heathcliff26/kube-upgrade/pkg/client/clientset/versioned/typed/kubeupgrade/v1alpha1/fake/fake_kubeupgradeplan.go:156.2,156.45 1 0
github.com/heathcliff26/kube-upgrade/pkg/client/clientset/versioned/typed/kubeupgrade/v1alpha1/fake/fake_kubeupgradeplan.go:161.205,162.28 1 0
github.com/heathcliff26/kube-upgrade/pkg/client/clientset/versioned/typed/kubeupgrade/v1alpha1/fake/fake_kubeupgradeplan.go:162.28,164.3 1 0
github.com/heathcliff26/kube-upgrade/pkg/client/clientset/versioned/typed/kubeupgrade/v1alpha1/fake/fake_kubeupgradeplan.go:165.2,166.16 2 0
github.com/heathcliff26/kube-upgrade/pkg/client/clientset/versioned/typed/kubeupgrade/v1alpha1/fake/fake_kubeupgradeplan.go:166.16,168.3 1 0
github.com/heathcliff26/kube-upgrade/pkg/client/clientset/versioned/typed/kubeupgrade/v1alpha1/fake/fake_kubeupgradeplan.go:169.2,170.17 2 0
github.com/heathcliff26/kube-upgrade/pkg/client/clientset/versioned/typed/kubeupgrade/v1alpha1/fake/fake_kubeupgradeplan.go:170.17,172.3 1 0
github.com/heathcliff26/kube-upgrade/pkg/client/clientset/versioned/typed/kubeupgrade/v1alpha1/fake/fake_kubeupgradeplan.go:173.2,177.16 3 0
github.com/heathcliff26/kube-upgrade/pkg/client/clientset/versioned/typed/kubeupgrade/v1alpha1/fake/fake_kubeupgradeplan.go:177.16,179.3 1 0
github.com/heathcliff26/kube-upgrade/pkg/client/clientset/versioned/typed/kubeupgrade/v1alpha1/fake/fake_kubeupgradeplan.go:180.2,180.45 1 0
github.com/heathcliff26/kube-upgrade/pkg/client/informers/externalversions/kubeupgrade/interface.go:23.140,25.2 1 0
github.com/heathcliff26/kube-upgrade/pkg/client/informers/externalversions/kubeupgrade/interface.go:28.47,30.2 1 0
github.com/heathcliff26/kube-upgrade/pkg/client/informers/externalversions/factory.go:43.92,44.69 1 0
github.com/heathcliff26/kube-upgrade/pkg/client/informers/externalversions/factory.go:44.69,45.34 1 0
github.com/heathcliff26/kube-upgrade/pkg/client/informers/externalversions/factory.go:45.34,47.4 1 0
github.com/heathcliff26/kube-upgrade/pkg/client/informers/externalversions/factory.go:48.3,48.17 1 0
github.com/heathcliff26/kube-upgrade/pkg/client/informers/externalversions/factory.go:53.106,54.69 1 0
github.com/heathcliff26/kube-upgrade/pkg/client/informers/externalversions/factory.go:54.69,57.3 2 0
github.com/heathcliff26/kube-upgrade/pkg/client/informers/externalversions/factory.go:61.59,62.69 1 0
github.com/heathcliff26/kube-upgrade/pkg/client/informers/externalversions/factory.go:62.69,65.3 2 0
github.com/heathcliff26/kube-upgrade/pkg/client/informers/externalversions/factory.go:69.72,70.69 1 0
github.com/heathcliff26/kube-upgrade/pkg/client/informers/externalversions/factory.go:70.69,73.3 2 0
github.com/heathcliff26/kube-upgrade/pkg/client/informers/externalversions/factory.go:77.110,79.2 1 0
github.com/heathcliff26/kube-upgrade/pkg/client/informers/externalversions/factory.go:85.194,87.2 1 0
github.com/heathcliff26/kube-upgrade/pkg/client/informers/externalversions/factory.go:90.154,101.30 2 0
github.com/heathcliff26/kube-upgrade/pkg/client/informers/externalversions/factory.go:101.30,103.3 1 0
github.com/heathcliff26/kube-upgrade/pkg/client/informers/externalversions/factory.go:105.2,105.16 1 0
github.com/heathcliff26/kube-upgrade/pkg/client/informers/externalversions/factory.go:108.63,112.20 3 0
github.com/heathcliff26/kube-upgrade/pkg/client/informers/externalversions/factory.go:112.20,114.3 1 0
github.com/heathcliff26/kube-upgrade/pkg/client/informers/externalversions/factory.go:116.2,116.50 1 0
github.com/heathcliff26/kube-upgrade/pkg/client/informers/externalversions/factory.go:116.50,117.40 1 0
github.com/heathcliff26/kube-upgrade/pkg/client/informers/externalversions/factory.go:117.40,123.14 3 0
github.com/heathcliff26/kube-upgrade/pkg/client/informers/externalversions/factory.go:123.14,126.5 2 0
github.com/heathcliff26/kube-upgrade/pkg/client/informers/externalversions/factory.go:127.4,127.43 1 0
github.com/heathcliff26/kube-upgrade/pkg/client/informers/externalversions/factory.go:132.44,139.2 4 0
github.com/heathcliff26/kube-upgrade/pkg/client/informers/externalversions/factory.go:141.96,142.65 1 0
github.com/heathcliff26/kube-upgrade/pkg/client/informers/externalversions/factory.go:142.65,147.51 4 0
github.com/heathcliff26/kube-upgrade/pkg/client/informers/externalversions/factory.go:147.51,148.40 1 0
github.com/heathcliff26/kube-upgrade/pkg/client/informers/externalversions/factory.go:148.40,150.5 1 0
github.com/heathcliff26/kube-upgrade/pkg/client/informers/externalversions/factory.go:152.3,152.19 1 0
github.com/heathcliff26/kube-upgrade/pkg/client/informers/externalversions/factory.go:155.2,156.46 2 0
github.com/heathcliff26/kube-upgrade/pkg/client/informers/externalversions/factory.go:156.46,158.3 1 0
github.com/heathcliff26/kube-upgrade/pkg/client/informers/externalversions/factory.go:159.2,159.12 1 0
github.com/heathcliff26/kube-upgrade/pkg/client/informers/externalversions/factory.go:164.135,170.12 5 0
github.com/heathcliff26/kube-upgrade/pkg/client/informers/externalversions/factory.go:170.12,172.3 1 0
github.com/heathcliff26/kube-upgrade/pkg/client/informers/externalversions/factory.go:174.2,175.13 2 0
github.com/heathcliff26/kube-upgrade/pkg/client/informers/externalversions/factory.go:175.13,177.3 1 0
github.com/heathcliff26/kube-upgrade/pkg/client/informers/externalversions/factory.go:179.2,183.17 4 0
github.com/heathcliff26/kube-upgrade/pkg/client/informers/externalversions/factory.go:244.69,246.2 1 0
github.com/heathcliff26/kube-upgrade/pkg/client/informers/externalversions/generic.go:26.64,28.2 1 0
github.com/heathcliff26/kube-upgrade/pkg/client/informers/externalversions/generic.go:31.56,33.2 1 0
github.com/heathcliff26/kube-upgrade/pkg/client/informers/externalversions/generic.go:37.108,38.18 1 0
github.com/heathcliff26/kube-upgrade/pkg/client/informers/externalversions/generic.go:40.68,41.135 1 0
github.com/heathcliff26/kube-upgrade/pkg/client/informers/externalversions/generic.go:45.2,45.62 1 0
github.com/heathcliff26/kube-upgrade/pkg/client/listers/kubeupgrade/v1alpha1/kubeupgradeplan.go:29.76,31.2 1 0
github.com/heathcliff26/kube-upgrade/pkg/client/listers/kubeupgrade/v1alpha1/kubeupgradeplan.go:34.99,36.2 1 0
github.com/heathcliff26/kube-upgrade/pkg/client/informers/externalversions/kubeupgrade/v1alpha1/interface.go:22.140,24.2 1 0
github.com/heathcliff26/kube-upgrade/pkg/client/informers/externalversions/kubeupgrade/v1alpha1/interface.go:27.62,29.2 1 0
github.com/heathcliff26/kube-upgrade/pkg/client/informers/externalversions/kubeupgrade/v1alpha1/kubeupgradeplan.go:35.158,37.2 1 0
github.com/heathcliff26/kube-upgrade/pkg/client/informers/externalversions/kubeupgrade/v1alpha1/kubeupgradeplan.go:42.224,45.67 1 0
github.com/heathcliff26/kube-upgrade/pkg/client/informers/externalversions/kubeupgrade/v1alpha1/kubeupgradeplan.go:45.67,46.32 1 0
github.com/heathcliff26/kube-upgrade/pkg/client/informers/externalversions/kubeupgrade/v1alpha1/kubeupgradeplan.go:46.32,48.6 1 0
github.com/heathcliff26/kube-upgrade/pkg/client/informers/externalversions/kubeupgrade/v1alpha1/kubeupgradeplan.go:49.5,49.98 1 0
github.com/heathcliff26/kube-upgrade/pkg/client/informers/externalversions/kubeupgrade/v1alpha1/kubeupgradeplan.go:51.69,52.32 1 0
github.com/heathcliff26/kube-upgrade/pkg/client/informers/externalversions/kubeupgrade/v1alpha1/kubeupgradeplan.go:52.32,54.6 1 0
github.com/heathcliff26/kube-upgrade/pkg/client/informers/externalversions/kubeupgrade/v1alpha1/kubeupgradeplan.go:55.5,55.99 1 0
github.com/heathcliff26/kube-upgrade/pkg/client/informers/externalversions/kubeupgrade/v1alpha1/kubeupgradeplan.go:64.133,66.2 1 0
github.com/heathcliff26/kube-upgrade/pkg/client/informers/externalversions/kubeupgrade/v1alpha1/kubeupgradeplan.go:68.72,70.2 1 0
github.com/heathcliff26/kube-upgrade/pkg/client/informers/externalversions/kubeupgrade/v1alpha1/kubeupgradeplan.go:72.75,74.2 1 0
github.com/heathcliff26/kube-upgrade/cmd/upgrade-controller/main.go:5.13,7.2 1 0
github.com/heathcliff26/kube-upgrade/cmd/upgraded/main.go:5.13,7.2 1 0
github.com/heathcliff26/kube-upgrade/pkg/apis/kubeupgrade/v1alpha1/defaults.go:3.63,4.24 1 0
github.com/heathcliff26/kube-upgrade/pkg/apis/kubeupgrade/v1alpha1/defaults.go:4.24,6.3 1 0
github.com/heathcliff26/kube-upgrade/pkg/apis/kubeupgrade/v1alpha1/defaults.go:7.2,7.39 1 0
github.com/heathcliff26/kube-upgrade/pkg/apis/kubeupgrade/v1alpha1/defaults.go:7.39,8.26 1 0
github.com/heathcliff26/kube-upgrade/pkg/apis/kubeupgrade/v1alpha1/defaults.go:8.26,10.4 1 0
github.com/heathcliff26/kube-upgrade/pkg/apis/kubeupgrade/v1alpha1/defaults.go:11.3,11.28 1 0
github.com/heathcliff26/kube-upgrade/pkg/apis/kubeupgrade/v1alpha1/defaults.go:15.69,16.26 1 0
github.com/heathcliff26/kube-upgrade/pkg/apis/kubeupgrade/v1alpha1/defaults.go:16.26,18.3 1 0
github.com/heathcliff26/kube-upgrade/pkg/apis/kubeupgrade/v1alpha1/defaults.go:19.2,19.26 1 0
github.com/heathcliff26/kube-upgrade/pkg/apis/kubeupgrade/v1alpha1/defaults.go:19.26,21.3 1 0
github.com/heathcliff26/kube-upgrade/pkg/apis/kubeupgrade/v1alpha1/register.go:21.13,26.2 1 1
github.com/heathcliff26/kube-upgrade/pkg/apis/kubeupgrade/v1alpha1/register.go:29.53,31.2 1 0
github.com/heathcliff26/kube-upgrade/pkg/apis/kubeupgrade/v1alpha1/register.go:34.50,52.2 4 1
github.com/heathcliff26/kube-upgrade/pkg/apis/kubeupgrade/v1alpha1/zz_generated.deepcopy.go:13.63,20.2 6 0
github.com/heathcliff26/kube-upgrade/pkg/apis/kubeupgrade/v1alpha1/zz_generated.deepcopy.go:23.56,24.15 1 0
github.com/heathcliff26/kube-upgrade/pkg/apis/kubeupgrade/v1alpha1/zz_generated.deepcopy.go:24.15,26.3 1 0
github.com/heathcliff26/kube-upgrade/pkg/apis/kubeupgrade/v1alpha1/zz_generated.deepcopy.go:27.2,29.12 3 0
github.com/heathcliff26/kube-upgrade/pkg/apis/kubeupgrade/v1alpha1/zz_generated.deepcopy.go:33.60,34.34 1 0
github.com/heathcliff26/kube-upgrade/pkg/apis/kubeupgrade/v1alpha1/zz_generated.deepcopy.go:34.34,36.3 1 0
github.com/heathcliff26/kube-upgrade/pkg/apis/kubeupgrade/v1alpha1/zz_generated.deepcopy.go:37.2,37.12 1 0
github.com/heathcliff26/kube-upgrade/pkg/apis/kubeupgrade/v1alpha1/zz_generated.deepcopy.go:41.73,43.25 2 0
github.com/heathcliff26/kube-upgrade/pkg/apis/kubeupgrade/v1alpha1/zz_generated.deepcopy.go:43.25,47.3 3 0
github.com/heathcliff26/kube-upgrade/pkg/apis/kubeupgrade/v1alpha1/zz_generated.deepcopy.go:48.2,48.22 1 0
github.com/heathcliff26/kube-upgrade/pkg/apis/kubeupgrade/v1alpha1/zz_generated.deepcopy.go:48.22,51.29 3 0
github.com/heathcliff26/kube-upgrade/pkg/apis/kubeupgrade/v1alpha1/zz_generated.deepcopy.go:51.29,53.4 1 0
github.com/heathcliff26/kube-upgrade/pkg/apis/kubeupgrade/v1alpha1/zz_generated.deepcopy.go:55.2,55.8 1 0
github.com/heathcliff26/kube-upgrade/pkg/apis/kubeupgrade/v1alpha1/zz_generated.deepcopy.go:59.66,60.15 1 0
github.com/heathcliff26/kube-upgrade/pkg/apis/kubeupgrade/v1alpha1/zz_generated.deepcopy.go:60.15,62.3 1 0
github.com/heathcliff26/kube-upgrade/pkg/apis/kubeupgrade/v1alpha1/zz_generated.deepcopy.go:63.2,65.12 3 0
github.com/heathcliff26/kube-upgrade/pkg/apis/kubeupgrade/v1alpha1/zz_generated.deepcopy.go:69.71,73.21 4 0
github.com/heathcliff26/kube-upgrade/pkg/apis/kubeupgrade/v1alpha1/zz_generated.deepcopy.go:73.21,76.22 3 0
github.com/heathcliff26/kube-upgrade/pkg/apis/kubeupgrade/v1alpha1/zz_generated.deepcopy.go:76.22,78.4 1 0
github.com/heathcliff26/kube-upgrade/pkg/apis/kubeupgrade/v1alpha1/zz_generated.deepcopy.go:80.2,80.8 1 0
github.com/heathcliff26/kube-upgrade/pkg/apis/kubeupgrade/v1alpha1/zz_generated.deepcopy.go:84.64,85.15 1 0
github.com/heathcliff26/kube-upgrade/pkg/apis/kubeupgrade/v1alpha1/zz_generated.deepcopy.go:85.15,87.3 1 0
github.com/heathcliff26/kube-upgrade/pkg/apis/kubeupgrade/v1alpha1/zz_generated.deepcopy.go:88.2,90.12 3 0
github.com/heathcliff26/kube-upgrade/pkg/apis/kubeupgrade/v1alpha1/zz_generated.deepcopy.go:94.64,95.34 1 0
github.com/heathcliff26/kube-upgrade/pkg/apis/kubeupgrade/v1alpha1/zz_generated.deepcopy.go:95.34,97.3 1 0
github.com/heathcliff26/kube-upgrade/pkg/apis/kubeupgrade/v1alpha1/zz_generated.deepcopy.go:98.2,98.12 1 0
github.com/heathcliff26/kube-upgrade/pkg/apis/kubeupgrade/v1alpha1/zz_generated.deepcopy.go:102.63,104.22 2 0
github.com/heathcliff26/kube-upgrade/pkg/apis/kubeupgrade/v1alpha1/zz_generated.deepcopy.go:104.22,107.29 3 0
github.com/heathcliff26/kube-upgrade/pkg/apis/kubeupgrade/v1alpha1/zz_generated.deepcopy.go:107.29,109.4 1 0
github.com/heathcliff26/kube-upgrade/pkg/apis/kubeupgrade/v1alpha1/zz_generated.deepcopy.go:111.2,111.8 1 0
github.com/heathcliff26/kube-upgrade/pkg/apis/kubeupgrade/v1alpha1/zz_generated.deepcopy.go:115.56,116.15 1 0
github.com/heathcliff26/kube-upgrade/pkg/apis/kubeupgrade/v1alpha1/zz_generated.deepcopy.go:116.15,118.3 1 0
github.com/heathcliff26/kube-upgrade/pkg/apis/kubeupgrade/v1alpha1/zz_generated.deepcopy.go:119.2,121.12 3 0
github.com/heathcliff26/kube-upgrade/pkg/apis/kubeupgrade/v1alpha1/zz_generated.deepcopy.go:125.67,127.22 2 0
github.com/heathcliff26/kube-upgrade/pkg/apis/kubeupgrade/v1alpha1/zz_generated.deepcopy.go:127.22,130.29 3 0
github.com/heathcliff26/kube-upgrade/pkg/apis/kubeupgrade/v1alpha1/zz_generated.deepcopy.go:130.29,132.4 1 0
github.com/heathcliff26/kube-upgrade/pkg/apis/kubeupgrade/v1alpha1/zz_generated.deepcopy.go:134.2,134.8 1 0
github.com/heathcliff26/kube-upgrade/pkg/apis/kubeupgrade/v1alpha1/zz_generated.deepcopy.go:138.60,139.15 1 0
github.com/heathcliff26/kube-upgrade/pkg/apis/kubeupgrade/v1alpha1/zz_generated.deepcopy.go:139.15,141.3 1 0
github.com/heathcliff26/kube-upgrade/pkg/apis/kubeupgrade/v1alpha1/zz_generated.deepcopy.go:142.2,144.12 3 0
github.com/heathcliff26/kube-upgrade/pkg/apis/kubeupgrade/v1alpha1/zz_generated.defaults.go:15.53,16.73 1 0
github.com/heathcliff26/kube-upgrade/pkg/apis/kubeupgrade/v1alpha1/zz_generated.defaults.go:16.73,16.134 1 0
github.com/heathcliff26/kube-upgrade/pkg/apis/kubeupgrade/v1alpha1/zz_generated.defaults.go:17.2,17.77 1 0
github.com/heathcliff26/kube-upgrade/pkg/apis/kubeupgrade/v1alpha1/zz_generated.defaults.go:17.77,17.146 1 0
github.com/heathcliff26/kube-upgrade/pkg/apis/kubeupgrade/v1alpha1/zz_generated.defaults.go:18.2,18.12 1 0
github.com/heathcliff26/kube-upgrade/pkg/apis/kubeupgrade/v1alpha1/zz_generated.defaults.go:21.61,24.2 2 0
github.com/heathcliff26/kube-upgrade/pkg/apis/kubeupgrade/v1alpha1/zz_generated.defaults.go:26.69,27.26 1 0
github.com/heathcliff26/kube-upgrade/pkg/apis/kubeupgrade/v1alpha1/zz_generated.defaults.go:27.26,30.3 2 0
github.com/heathcliff26/kube-upgrade/pkg/client/applyconfiguration/utils.go:16.56,17.14 1 0
github.com/heathcliff26/kube-upgrade/pkg/client/applyconfiguration/utils.go:19.63,20.66 1 0
github.com/heathcliff26/kube-upgrade/pkg/client/applyconfiguration/utils.go:21.68,22.71 1 0
github.com/heathcliff26/kube-upgrade/pkg/client/applyconfiguration/utils.go:23.63,24.66 1 0
github.com/heathcliff26/kube-upgrade/pkg/client/applyconfiguration/utils.go:25.65,26.68 1 0
github.com/heathcliff26/kube-upgrade/pkg/client/applyconfiguration/utils.go:29.2,29.12 1 0
github.com/heathcliff26/kube-upgrade/pkg/client/applyconfiguration/utils.go:32.70,34.2 1 0
github.com/heathcliff26/kube-upgrade/pkg/client/applyconfiguration/internal/internal.go:12.29,13.23 1 0
github.com/heathcliff26/kube-upgrade/pkg/client/applyconfiguration/internal/internal.go:13.23,16.17 3 0
github.com/heathcliff26/kube-upgrade/pkg/client/applyconfiguration/internal/internal.go:16.17,17.57 1 0
github.com/heathcliff26/kube-upgrade/pkg/client/applyconfiguration/internal/internal.go:20.2,20.15 1 0
github.com/heathcliff26/kube-upgrade/pkg/client/applyconfiguration/kubeupgrade/v1alpha1/kubeupgradeplan.go:22.81,29.2 6 0
github.com/heathcliff26/kube-upgrade/pkg/client/applyconfiguration/kubeupgrade/v1alpha1/kubeupgradeplan.go:34.103,37.2 2 0
github.com/heathcliff26/kube-upgrade/pkg/client/applyconfiguration/kubeupgrade/v1alpha1/kubeupgradeplan.go:42.109,45.2 2 0
github.com/heathcliff26/kube-upgrade/pkg/client/applyconfiguration/kubeupgrade/v1alpha1/kubeupgradeplan.go:50.103,54.2 3 0
github.com/heathcliff26/kube-upgrade/pkg/client/applyconfiguration/kubeupgrade/v1alpha1/kubeupgradeplan.go:59.111,63.2 3 0
github.com/heathcliff26/kube-upgrade/pkg/client/applyconfiguration/kubeupgrade/v1alpha1/kubeupgradeplan.go:68.108,72.2 3 0
github.com/heathcliff26/kube-upgrade/pkg/client/applyconfiguration/kubeupgrade/v1alpha1/kubeupgradeplan.go:77.105,81.2 3 0
github.com/heathcliff26/kube-upgrade/pkg/client/applyconfiguration/kubeupgrade/v1alpha1/kubeupgradeplan.go:86.114,90.2 3 0
github.com/heathcliff26/kube-upgrade/pkg/client/applyconfiguration/kubeupgrade/v1alpha1/kubeupgradeplan.go:95.108,99.2 3 0
github.com/heathcliff26/kube-upgrade/pkg/client/applyconfiguration/kubeupgrade/v1alpha1/kubeupgradeplan.go:104.121,108.2 3 0
github.com/heathcliff26/kube-upgrade/pkg/client/applyconfiguration/kubeupgrade/v1alpha1/kubeupgradeplan.go:113.121,117.2 3 0
github.com/heathcliff26/kube-upgrade/pkg/client/applyconfiguration/kubeupgrade/v1alpha1/kubeupgradeplan.go:122.124,126.2 3 0
github.com/heathcliff26/kube-upgrade/pkg/client/applyconfiguration/kubeupgrade/v1alpha1/kubeupgradeplan.go:132.118,134.41 2 0
github.com/heathcliff26/kube-upgrade/pkg/client/applyconfiguration/kubeupgrade/v1alpha1/kubeupgradeplan.go:134.41,136.3 1 0
github.com/heathcliff26/kube-upgrade/pkg/client/applyconfiguration/kubeupgrade/v1alpha1/kubeupgradeplan.go:137.2,137.28 1 0
github.com/heathcliff26/kube-upgrade/pkg/client/applyconfiguration/kubeupgrade/v1alpha1/kubeupgradeplan.go:137.28,139.3 1 0
github.com/heathcliff26/kube-upgrade/pkg/client/applyconfiguration/kubeupgrade/v1alpha1/kubeupgradeplan.go:140.2,140.10 1 0
github.com/heathcliff26/kube-upgrade/pkg/client/applyconfiguration/kubeupgrade/v1alpha1/kubeupgradeplan.go:147.123,149.46 2 0
github.com/heathcliff26/kube-upgrade/pkg/client/applyconfiguration/kubeupgrade/v1alpha1/kubeupgradeplan.go:149.46,151.3 1 0
github.com/heathcliff26/kube-upgrade/pkg/client/applyconfiguration/kubeupgrade/v1alpha1/kubeupgradeplan.go:152.2,152.28 1 0
github.com/heathcliff26/kube-upgrade/pkg/client/applyconfiguration/kubeupgrade/v1alpha1/kubeupgradeplan.go:152.28,154.3 1 0
github.com/heathcliff26/kube-upgrade/pkg/client/applyconfiguration/kubeupgrade/v1alpha1/kubeupgradeplan.go:155.2,155.10 1 0
github.com/heathcliff26/kube-upgrade/pkg/client/applyconfiguration/kubeupgrade/v1alpha1/kubeupgradeplan.go:161.148,163.24 2 0
github.com/heathcliff26/kube-upgrade/pkg/client/applyconfiguration/kubeupgrade/v1alpha1/kubeupgradeplan.go:163.24,164.23 1 0
github.com/heathcliff26/kube-upgrade/pkg/client/applyconfiguration/kubeupgrade/v1alpha1/kubeupgradeplan.go:164.23,165.52 1 0
github.com/heathcliff26/kube-upgrade/pkg/client/applyconfiguration/kubeupgrade/v1alpha1/kubeupgradeplan.go:167.3,167.60 1 0
github.com/heathcliff26/kube-upgrade/pkg/client/applyconfiguration/kubeupgrade/v1alpha1/kubeupgradeplan.go:169.2,169.10 1 0
github.com/heathcliff26/kube-upgrade/pkg/client/applyconfiguration/kubeupgrade/v1alpha1/kubeupgradeplan.go:175.113,177.24 2 0
github.com/heathcliff26/kube-upgrade/pkg/client/applyconfiguration/kubeupgrade/v1alpha1/kubeupgradeplan.go:177.24,179.3 1 0
github.com/heathcliff26/kube-upgrade/pkg/client/applyconfiguration/kubeupgrade/v1alpha1/kubeupgradeplan.go:180.2,180.10 1 0
github.com/heathcliff26/kube-upgrade/pkg/client/applyconfiguration/kubeupgrade/v1alpha1/kubeupgradeplan.go:183.88,184.43 1 0
github.com/heathcliff26/kube-upgrade/pkg/client/applyconfiguration/kubeupgrade/v1alpha1/kubeupgradeplan.go:184.43,186.3 1 0
github.com/heathcliff26/kube-upgrade/pkg/client/applyconfiguration/kubeupgrade/v1alpha1/kubeupgradeplan.go:192.131,195.2 2 0
github.com/heathcliff26/kube-upgrade/pkg/client/applyconfiguration/kubeupgrade/v1alpha1/kubeupgradeplan.go:200.135,203.2 2 0
github.com/heathcliff26/kube-upgrade/pkg/client/applyconfiguration/kubeupgrade/v1alpha1/kubeupgradeplan.go:206.63,209.2 2 0
github.com/heathcliff26/kube-upgrade/pkg/client/applyconfiguration/kubeupgrade/v1alpha1/kubeupgradeplangroup.go:14.69,16.2 1 0
github.com/heathcliff26/kube-upgrade/pkg/client/applyconfiguration/kubeupgrade/v1alpha1/kubeupgradeplangroup.go:21.122,22.24 1 0
github.com/heathcliff26/kube-upgrade/pkg/client/applyconfiguration/kubeupgrade/v1alpha1/kubeupgradeplangroup.go:22.24,24.3 1 0
github.com/heathcliff26/kube-upgrade/pkg/client/applyconfiguration/kubeupgrade/v1alpha1/kubeupgradeplangroup.go:25.2,25.10 1 0
github.com/heathcliff26/kube-upgrade/pkg/client/applyconfiguration/kubeupgrade/v1alpha1/kubeupgradeplangroup.go:32.128,33.41 1 0
github.com/heathcliff26/kube-upgrade/pkg/client/applyconfiguration/kubeupgrade/v1alpha1/kubeupgradeplangroup.go:33.41,35.3 1 0
github.com/heathcliff26/kube-upgrade/pkg/client/applyconfiguration/kubeupgrade/v1alpha1/kubeupgradeplangroup.go:36.2,36.28 1 0
github.com/heathcliff26/kube-upgrade/pkg/client/applyconfiguration/kubeupgrade/v1alpha1/kubeupgradeplangroup.go:36.28,38.3 1 0
github.com/heathcliff26/kube-upgrade/pkg/client/applyconfiguration/kubeupgrade/v1alpha1/kubeupgradeplangroup.go:39.2,39.10 1 0
github.com/heathcliff26/kube-upgrade/pkg/client/applyconfiguration/kubeupgrade/v1alpha1/kubeupgradespec.go:14.59,16.2 1 0
github.com/heathcliff26/kube-upgrade/pkg/client/applyconfiguration/kubeupgrade/v1alpha1/kubeupgradespec.go:21.116,24.2 2 0
github.com/heathcliff26/kube-upgrade/pkg/client/applyconfiguration/kubeupgrade/v1alpha1/kubeupgradespec.go:30.150,31.41 1 0
github.com/heathcliff26/kube-upgrade/pkg/client/applyconfiguration/kubeupgrade/v1alpha1/kubeupgradespec.go:31.41,33.3 1 0
github.com/heathcliff26/kube-upgrade/pkg/client/applyconfiguration/kubeupgrade/v1alpha1/kubeupgradespec.go:34.2,34.28 1 0
github.com/heathcliff26/kube-upgrade/pkg/client/applyconfiguration/kubeupgrade/v1alpha1/kubeupgradespec.go:34.28,36.3 1 0
github.com/heathcliff26/kube-upgrade/pkg/client/applyconfiguration/kubeupgrade/v1alpha1/kubeupgradespec.go:37.2,37.10 1 0
github.com/heathcliff26/kube-upgrade/pkg/client/applyconfiguration/kubeupgrade/v1alpha1/kubeupgradestatus.go:14.63,16.2 1 0
github.com/heathcliff26/kube-upgrade/pkg/client/applyconfiguration/kubeupgrade/v1alpha1/kubeupgradestatus.go:21.110,24.2 2 0
github.com/heathcliff26/kube-upgrade/pkg/client/applyconfiguration/kubeupgrade/v1alpha1/kubeupgradestatus.go:30.122,31.41 1 0
github.com/heathcliff26/kube-upgrade/pkg/client/applyconfiguration/kubeupgrade/v1alpha1/kubeupgradestatus.go:31.41,33.3 1 0
github.com/heathcliff26/kube-upgrade/pkg/client/applyconfiguration/kubeupgrade/v1alpha1/kubeupgradestatus.go:34.2,34.28 1 0
github.com/heathcliff26/kube-upgrade/pkg/client/applyconfiguration/kubeupgrade/v1alpha1/kubeupgradestatus.go:34.28,36.3 1 0
github.com/heathcliff26/kube-upgrade/pkg/client/applyconfiguration/kubeupgrade/v1alpha1/kubeupgradestatus.go:37.2,37.10 1 0
github.com/heathcliff26/kube-upgrade/pkg/client/clientset/versioned/clientset.go:27.92,29.2 1 0
github.com/heathcliff26/kube-upgrade/pkg/client/clientset/versioned/clientset.go:32.62,33.14 1 0
github.com/heathcliff26/kube-upgrade/pkg/client/clientset/versioned/clientset.go:33.14,35.3 1 0
github.com/heathcliff26/kube-upgrade/pkg/client/clientset/versioned/clientset.go:36.2,36.26 1 0
github.com/heathcliff26/kube-upgrade/pkg/client/clientset/versioned/clientset.go:44.55,47.39 2 0
github.com/heathcliff26/kube-upgrade/pkg/client/clientset/versioned/clientset.go:47.39,49.3 1 0
github.com/heathcliff26/kube-upgrade/pkg/client/clientset/versioned/clientset.go:52.2,53.16 2 0
github.com/heathcliff26/kube-upgrade/pkg/client/clientset/versioned/clientset.go:53.16,55.3 1 0
github.com/heathcliff26/kube-upgrade/pkg/client/clientset/versioned/clientset.go:57.2,57.62 1 0
github.com/heathcliff26/kube-upgrade/pkg/client/clientset/versioned/clientset.go:64.89,66.71 2 0
github.com/heathcliff26/kube-upgrade/pkg/client/clientset/versioned/clientset.go:66.71,67.35 1 0
github.com/heathcliff26/kube-upgrade/pkg/client/clientset/versioned/clientset.go:67.35,69.4 1 0
github.com/heathcliff26/kube-upgrade/pkg/client/clientset/versioned/clientset.go:70.3,70.120 1 0
github.com/heathcliff26/kube-upgrade/pkg/client/clientset/versioned/clientset.go:73.2,76.16 4 0
github.com/heathcliff26/kube-upgrade/pkg/client/clientset/versioned/clientset.go:76.16,78.3 1 0
github.com/heathcliff26/kube-upgrade/pkg/client/clientset/versioned/clientset.go:80.2,81.16 2 0
github.com/heathcliff26/kube-upgrade/pkg/client/clientset/versioned/clientset.go:81.16,83.3 1 0
github.com/heathcliff26/kube-upgrade/pkg/client/clientset/versioned/clientset.go:84.2,84.17 1 0
github.com/heathcliff26/kube-upgrade/pkg/client/clientset/versioned/clientset.go:89.51,91.16 2 0
github.com/heathcliff26/kube-upgrade/pkg/client/clientset/versioned/clientset.go:91.16,92.13 1 0
github.com/heathcliff26/kube-upgrade/pkg/client/clientset/versioned/clientset.go:94.2,94.11 1 0
github.com/heathcliff26/kube-upgrade/pkg/client/clientset/versioned/clientset.go:98.39,104.2 4 0
github.com/heathcliff26/kube-upgrade/pkg/client/clientset/versioned/fake/clientset_generated.go:25.63,27.30 2 0
github.com/heathcliff26/kube-upgrade/pkg/client/clientset/versioned/fake/clientset_generated.go:27.30,28.36 1 0
github.com/heathcliff26/kube-upgrade/pkg/client/clientset/versioned/fake/clientset_generated.go:28.36,29.14 1 0
github.com/heathcliff26/kube-upgrade/pkg/client/clientset/versioned/fake/clientset_generated.go:33.2,36.101 4 0
github.com/heathcliff26/kube-upgrade/pkg/client/clientset/versioned/fake/clientset_generated.go:36.101,40.17 4 0
github.com/heathcliff26/kube-upgrade/pkg/client/clientset/versioned/fake/clientset_generated.go:40.17,42.4 1 0
github.com/heathcliff26/kube-upgrade/pkg/client/clientset/versioned/fake/clientset_generated.go:43.3,43.26 1 0
github.com/heathcliff26/kube-upgrade/pkg/client/clientset/versioned/fake/clientset_generated.go:46.2,46.11 1 0
github.com/heathcliff26/kube-upgrade/pkg/client/clientset/versioned/fake/clientset_generated.go:58.62,60.2 1 0
github.com/heathcliff26/kube-upgrade/pkg/client/clientset/versioned/fake/clientset_generated.go:62.53,64.2 1 0
github.com/heathcliff26/kube-upgrade/pkg/client/clientset/versioned/fake/clientset_generated.go:70.57,76.30 2 0
github.com/heathcliff26/kube-upgrade/pkg/client/clientset/versioned/fake/clientset_generated.go:76.30,77.36 1 0
github.com/heathcliff26/kube-upgrade/pkg/client/clientset/versioned/fake/clientset_generated.go:77.36,78.14 1 0
github.com/heathcliff26/kube-upgrade/pkg/client/clientset/versioned/fake/clientset_generated.go:82.2,85.101 4 0
github.com/heathcliff26/kube-upgrade/pkg/client/clientset/versioned/fake/clientset_generated.go:85.101,89.17 4 0
github.com/heathcliff26/kube-upgrade/pkg/client/clientset/versioned/fake/clientset_generated.go:89.17,91.4 1 0
github.com/heathcliff26/kube-upgrade/pkg/client/clientset/versioned/fake/clientset_generated.go:92.3,92.26 1 0
github.com/heathcliff26/kube-upgrade/pkg/client/clientset/versioned/fake/clientset_generated.go:95.2,95.11 1 0
github.com/heathcliff26/kube-upgrade/pkg/client/clientset/versioned/fake/clientset_generated.go:104.92,106.2 1 0
github.com/heathcliff26/kube-upgrade/pkg/client/clientset/versioned/fake/register.go:37.13,40.2 2 0
github.com/heathcliff26/kube-upgrade/pkg/client/clientset/versioned/scheme/register.go:37.13,40.2 2 1
github.com/heathcliff26/kube-upgrade/pkg/client/clientset/versioned/typed/kubeupgrade/v1alpha1/kubeupgrade_client.go:23.97,25.2 1 0
github.com/heathcliff26/kube-upgrade/pkg/client/clientset/versioned/typed/kubeupgrade/v1alpha1/kubeupgrade_client.go:30.71,32.51 2 0
github.com/heathcliff26/kube-upgrade/pkg/client/clientset/versioned/typed/kubeupgrade/v1alpha1/kubeupgrade_client.go:32.51,34.3 1 0
github.com/heathcliff26/kube-upgrade/pkg/client/clientset/versioned/typed/kubeupgrade/v1alpha1/kubeupgrade_client.go:35.2,36.16 2 0
github.com/heathcliff26/kube-upgrade/pkg/client/clientset/versioned/typed/kubeupgrade/v1alpha1/kubeupgrade_client.go:36.16,38.3 1 0
github.com/heathcliff26/kube-upgrade/pkg/client/clientset/versioned/typed/kubeupgrade/v1alpha1/kubeupgrade_client.go:39.2,39.51 1 0
github.com/heathcliff26/kube-upgrade/pkg/client/clientset/versioned/typed/kubeupgrade/v1alpha1/kubeupgrade_client.go:44.96,46.51 2 0
github.com/heathcliff26/kube-upgrade/pkg/client/clientset/versioned/typed/kubeupgrade/v1alpha1/kubeupgrade_client.go:46.51,48.3 1 0
github.com/heathcliff26/kube-upgrade/pkg/client/clientset/versioned/typed/kubeupgrade/v1alpha1/kubeupgrade_client.go:49.2,50.16 2 0
github.com/heathcliff26/kube-upgrade/pkg/client/clientset/versioned/typed/kubeupgrade/v1alpha1/kubeupgrade_client.go:50.16,52.3 1 0
github.com/heathcliff26/kube-upgrade/pkg/client/clientset/versioned/typed/kubeupgrade/v1alpha1/kubeupgrade_client.go:53.2,53.48 1 0
github.com/heathcliff26/kube-upgrade/pkg/client/clientset/versioned/typed/kubeupgrade/v1alpha1/kubeupgrade_client.go:58.67,60.16 2 0
github.com/heathcliff26/kube-upgrade/pkg/client/clientset/versioned/typed/kubeupgrade/v1alpha1/kubeupgrade_client.go:60.16,61.13 1 0
github.com/heathcliff26/kube-upgrade/pkg/client/clientset/versioned/typed/kubeupgrade/v1alpha1/kubeupgrade_client.go:63.2,63.15 1 0
github.com/heathcliff26/kube-upgrade/pkg/client/clientset/versioned/typed/kubeupgrade/v1alpha1/kubeupgrade_client.go:67.55,69.2 1 0
github.com/heathcliff26/kube-upgrade/pkg/client/clientset/versioned/typed/kubeupgrade/v1alpha1/kubeupgrade_client.go:71.51,77.28 5 0
github.com/heathcliff26/kube-upgrade/pkg/client/clientset/versioned/typed/kubeupgrade/v1alpha1/kubeupgrade_client.go:77.28,79.3 1 0
github.com/heathcliff26/kube-upgrade/pkg/client/clientset/versioned/typed/kubeupgrade/v1alpha1/kubeupgrade_client.go:81.2,81.12 1 0
github.com/heathcliff26/kube-upgrade/pkg/client/clientset/versioned/typed/kubeupgrade/v1alpha1/kubeupgrade_client.go:86.65,87.14 1 0
github.com/heathcliff26/kube-upgrade/pkg/client/clientset/versioned/typed/kubeupgrade/v1alpha1/kubeupgrade_client.go:87.14,89.3 1 0
github.com/heathcliff26/kube-upgrade/pkg/client/clientset/versioned/typed/kubeupgrade/v1alpha1/kubeupgrade_client.go:90.2,90.21 1 0
github.com/heathcliff26/kube-upgrade/pkg/client/clientset/versioned/typed/kubeupgrade/v1alpha1/kubeupgradeplan.go:47.92,54.37 1 0
github.com/heathcliff26/kube-upgrade/pkg/client/clientset/versioned/typed/kubeupgrade/v1alpha1/kubeupgradeplan.go:54.37,54.75 1 0
github.com/heathcliff26/kube-upgrade/pkg/client/clientset/versioned/typed/kubeupgrade/v1alpha1/kubeupgradeplan.go:55.41,55.83 1 0
github.com/heathcliff26/kube-upgrade/pkg/client/clientset/versioned/typed/kubeupgrade/v1alpha1/fake/fake_kubeupgrade_client.go:15.104,17.2 1 0
github.com/heathcliff26/kube-upgrade/pkg/client/clientset/versioned/typed/kubeupgrade/v1alpha1/fake/fake_kubeupgrade_client.go:21.63,24.2 2 0
github.com/heathcliff26/kube-upgrade/pkg/client/clientset/versioned/typed/kubeupgrade/v1alpha1/fake/fake_kubeupgradeplan.go:30.139,35.16 3 0
github.com/heathcliff26/kube-upgrade/pkg/client/clientset/versioned/typed/kubeupgrade/v1alpha1/fake/fake_kubeupgradeplan.go:35.16,37.3 1 0
github.com/heathcliff26/kube-upgrade/pkg/client/clientset/versioned/typed/kubeupgrade/v1alpha1/fake/fake_kubeupgradeplan.go:38.2,38.45 1 0
github.com/heathcliff26/kube-upgrade/pkg/client/clientset/versioned/typed/kubeupgrade/v1alpha1/fake/fake_kubeupgradeplan.go:42.129,47.16 3 0
github.com/heathcliff26/kube-upgrade/pkg/client/clientset/versioned/typed/kubeupgrade/v1alpha1/fake/fake_kubeupgradeplan.go:47.16,49.3 1 0
github.com/heathcliff26/kube-upgrade/pkg/client/clientset/versioned/typed/kubeupgrade/v1alpha1/fake/fake_kubeupgradeplan.go:51.2,52.18 2 0
github.com/heathcliff26/kube-upgrade/pkg/client/clientset/versioned/typed/kubeupgrade/v1alpha1/fake/fake_kubeupgradeplan.go:52.18,54.3 1 0
github.com/heathcliff26/kube-upgrade/pkg/client/clientset/versioned/typed/kubeupgrade/v1alpha1/fake/fake_kubeupgradeplan.go:55.2,56.65 2 0
github.com/heathcliff26/kube-upgrade/pkg/client/clientset/versioned/typed/kubeupgrade/v1alpha1/fake/fake_kubeupgradeplan.go:56.65,57.45 1 0
github.com/heathcliff26/kube-upgrade/pkg/client/clientset/versioned/typed/kubeupgrade/v1alpha1/fake/fake_kubeupgradeplan.go:57.45,59.4 1 0
github.com/heathcliff26/kube-upgrade/pkg/client/clientset/versioned/typed/kubeupgrade/v1alpha1/fake/fake_kubeupgradeplan.go:61.2,61.18 1 0
github.com/heathcliff26/kube-upgrade/pkg/client/clientset/versioned/typed/kubeupgrade/v1alpha1/fake/fake_kubeupgradeplan.go:65.105,69.2 1 0
github.com/heathcliff26/kube-upgrade/pkg/client/clientset/versioned/typed/kubeupgrade/v1alpha1/fake/fake_kubeupgradeplan.go:72.172,77.16 3 0
github.com/heathcliff26/kube-upgrade/pkg/client/clientset/versioned/typed/kubeupgrade/v1alpha1/fake/fake_kubeupgradeplan.go:77.16,79.3 1 0
github.com/heathcliff26/kube-upgrade/pkg/client/clientset/versioned/typed/kubeupgrade/v1alpha1/fake/fake_kubeupgradeplan.go:80.2,80.45 1 0
github.com/heathcliff26/kube-upgrade/pkg/client/clientset/versioned/typed/kubeupgrade/v1alpha1/fake/fake_kubeupgradeplan.go:84.172,89.16 3 0
github.com/heathcliff26/kube-upgrade/pkg/client/clientset/versioned/typed/kubeupgrade/v1alpha1/fake/fake_kubeupgradeplan.go:89.16,91.3 1 0
github.com/heathcliff26/kube-upgrade/pkg/client/clientset/versioned/typed/kubeupgrade/v1alpha1/fake/fake_kubeupgradeplan.go:92.2,92.45 1 0
github.com/heathcliff26/kube-upgrade/pkg/client/clientset/versioned/typed/kubeupgrade/v1alpha1/fake/fake_kubeupgradeplan.go:97.178,102.16 3 0
github.com/heathcliff26/kube-upgrade/pkg/client/clientset/versioned/typed/kubeupgrade/v1alpha1/fake/fake_kubeupgradeplan.go:102.16,104.3 1 0
github.com/heathcliff26/kube-upgrade/pkg/client/clientset/versioned/typed/kubeupgrade/v1alpha1/fake/fake_kubeupgradeplan.go:105.2,105.45 1 0
github.com/heathcliff26/kube-upgrade/pkg/client/clientset/versioned/typed/kubeupgrade/v1alpha1/fake/fake_kubeupgradeplan.go:109.102,114.2 2 0
github.com/heathcliff26/kube-upgrade/pkg/client/clientset/versioned/typed/kubeupgrade/v1alpha1/fake/fake_kubeupgradeplan.go:117.124,122.2 3 0
github.com/heathcliff26/kube-upgrade/pkg/client/clientset/versioned/typed/kubeupgrade/v1alpha1/fake/fake_kubeupgradeplan.go:125.197,130.16 3 0
github.com/heathcliff26/kube-upgrade/pkg/client/clientset/versioned/typed/kubeupgrade/v1alpha1/fake/fake_kubeupgradeplan.go:130.16,132.3 1 0
github.com/heathcliff26/kube-upgrade/pkg/client/clientset/versioned/typed/kubeupgrade/v1alpha1/fake/fake_kubeupgradeplan.go:133.2,133.45 1 0
github.com/heathcliff26/kube-upgrade/pkg/client/clientset/versioned/typed/kubeupgrade/v1alpha1/fake/fake_kubeupgradeplan.go:137.199,138.28 1 0
github.com/heathcliff26/kube-upgrade/pkg/client/clientset/versioned/typed/kubeupgrade/v1alpha1/fake/fake_kubeupgradeplan.go:138.28,140.3 1 0
github.com/heathcliff26/kube-upgrade/pkg/client/clientset/versioned/typed/kubeupgrade/v1alpha1/fake/fake_kubeupgradeplan.go:141.2,142.16 2 0
github.com/heathcliff26/kube-upgrade/pkg/client/clientset/versioned/typed/kubeupgrade/v1alpha1/fake/fake_kubeupgradeplan.go:142.16,144.3 1 0
github.com/heathcliff26/kube-upgrade/pkg/client/clientset/versioned/typed/kubeupgrade/v1alpha1/fake/fake_kubeupgradeplan.go:145.2,146.17 2 0
github.com/heathcliff26/kube-upgrade/pkg/client/clientset/versioned/typed/kubeupgrade/v1alpha1/fake/fake_kubeupgradeplan.go:146.17,148.3 1 0
github.com/heathcliff26/kube-upgrade/pkg/client/clientset/versioned/typed/kubeupgrade/v1alpha1/fake/fake_kubeupgradeplan.go:149.2,153.16 3 0
github.com/heathcliff26/kube-upgrade/pkg/client/clientset/versioned/typed/kubeupgrade/v1alpha1/fake/fake_kubeupgradeplan.go:153.16,155.3 1 0
github.com/heathcliff26/kube-upgrade/pkg/client/clientset/versioned/typed/kubeupgrade/v1alpha1/fake/fake_kubeupgradeplan.go:156.2,156.45 1 0
github.com/heathcliff26/kube-upgrade/pkg/client/clientset/versioned/typed/kubeupgrade/v1alpha1/fake/fake_kubeupgradeplan.go:161.205,162.28 1 0
github.com/heathcliff26/kube-upgrade/pkg/client/clientset/versioned/typed/kubeupgrade/v1alpha1/fake/fake_kubeupgradeplan.go:162.28,164.3 1 0
github.com/heathcliff26/kube-upgrade/pkg/client/clientset/versioned/typed/kubeupgrade/v1alpha1/fake/fake_kubeupgradeplan.go:165.2,166.16 2 0
github.com/heathcliff26/kube-upgrade/pkg/client/clientset/versioned/typed/kubeupgrade/v1alpha1/fake/fake_kubeupgradeplan.go:166.16,168.3 1 0
github.com/heathcliff26/kube-upgrade/pkg/client/clientset/versioned/typed/kubeupgrade/v1alpha1/fake/fake_kubeupgradeplan.go:169.2,170.17 2 0
github.com/heathcliff26/kube-upgrade/pkg/client/clientset/versioned/typed/kubeupgrade/v1alpha1/fake/fake_kubeupgradeplan.go:170.17,172.3 1 0
github.com/heathcliff26/kube-upgrade/pkg/client/clientset/versioned/typed/kubeupgrade/v1alpha1/fake/fake_kubeupgradeplan.go:173.2,177.16 3 0
github.com/heathcliff26/kube-upgrade/pkg/client/clientset/versioned/typed/kubeupgrade/v1alpha1/fake/fake_kubeupgradeplan.go:177.16,179.3 1 0
github.com/heathcliff26/kube-upgrade/pkg/client/clientset/versioned/typed/kubeupgrade/v1alpha1/fake/fake_kubeupgradeplan.go:180.2,180.45 1 0
github.com/heathcliff26/kube-upgrade/pkg/client/informers/externalversions/factory.go:43.92,44.69 1 0
github.com/heathcliff26/kube-upgrade/pkg/client/informers/externalversions/factory.go:44.69,45.34 1 0
github.com/heathcliff26/kube-upgrade/pkg/client/informers/externalversions/factory.go:45.34,47.4 1 0
github.com/heathcliff26/kube-upgrade/pkg/client/informers/externalversions/factory.go:48.3,48.17 1 0
github.com/heathcliff26/kube-upgrade/pkg/client/informers/externalversions/factory.go:53.106,54.69 1 0
github.com/heathcliff26/kube-upgrade/pkg/client/informers/externalversions/factory.go:54.69,57.3 2 0
github.com/heathcliff26/kube-upgrade/pkg/client/informers/externalversions/factory.go:61.59,62.69 1 0
github.com/heathcliff26/kube-upgrade/pkg/client/informers/externalversions/factory.go:62.69,65.3 2 0
github.com/heathcliff26/kube-upgrade/pkg/client/informers/externalversions/factory.go:69.72,70.69 1 0
github.com/heathcliff26/kube-upgrade/pkg/client/informers/externalversions/factory.go:70.69,73.3 2 0
github.com/heathcliff26/kube-upgrade/pkg/client/informers/externalversions/factory.go:77.110,79.2 1 0
github.com/heathcliff26/kube-upgrade/pkg/client/informers/externalversions/factory.go:85.194,87.2 1 0
github.com/heathcliff26/kube-upgrade/pkg/client/informers/externalversions/factory.go:90.154,101.30 2 0
github.com/heathcliff26/kube-upgrade/pkg/client/informers/externalversions/factory.go:101.30,103.3 1 0
github.com/heathcliff26/kube-upgrade/pkg/client/informers/externalversions/factory.go:105.2,105.16 1 0
github.com/heathcliff26/kube-upgrade/pkg/client/informers/externalversions/factory.go:108.63,112.20 3 0
github.com/heathcliff26/kube-upgrade/pkg/client/informers/externalversions/factory.go:112.20,114.3 1 0
github.com/heathcliff26/kube-upgrade/pkg/client/informers/externalversions/factory.go:116.2,116.50 1 0
github.com/heathcliff26/kube-upgrade/pkg/client/informers/externalversions/factory.go:116.50,117.40 1 0
github.com/heathcliff26/kube-upgrade/pkg/client/informers/externalversions/factory.go:117.40,123.14 3 0
github.com/heathcliff26/kube-upgrade/pkg/client/informers/externalversions/factory.go:123.14,126.5 2 0
github.com/heathcliff26/kube-upgrade/pkg/client/informers/externalversions/factory.go:127.4,127.43 1 0
github.com/heathcliff26/kube-upgrade/pkg/client/informers/externalversions/factory.go:132.44,139.2 4 0
github.com/heathcliff26/kube-upgrade/pkg/client/informers/externalversions/factory.go:141.96,142.65 1 0
github.com/heathcliff26/kube-upgrade/pkg/client/informers/externalversions/factory.go:142.65,147.51 4 0
github.com/heathcliff26/kube-upgrade/pkg/client/informers/externalversions/factory.go:147.51,148.40 1 0
github.com/heathcliff26/kube-upgrade/pkg/client/informers/externalversions/factory.go:148.40,150.5 1 0
github.com/heathcliff26/kube-upgrade/pkg/client/informers/externalversions/factory.go:152.3,152.19 1 0
github.com/heathcliff26/kube-upgrade/pkg/client/informers/externalversions/factory.go:155.2,156.46 2 0
github.com/heathcliff26/kube-upgrade/pkg/client/informers/externalversions/factory.go:156.46,158.3 1 0
github.com/heathcliff26/kube-upgrade/pkg/client/informers/externalversions/factory.go:159.2,159.12 1 0
github.com/heathcliff26/kube-upgrade/pkg/client/informers/externalversions/factory.go:164.135,170.12 5 0
github.com/heathcliff26/kube-upgrade/pkg/client/informers/externalversions/factory.go:170.12,172.3 1 0
github.com/heathcliff26/kube-upgrade/pkg/client/informers/externalversions/factory.go:174.2,175.13 2 0
github.com/heathcliff26/kube-upgrade/pkg/client/informers/externalversions/factory.go:175.13,177.3 1 0
github.com/heathcliff26/kube-upgrade/pkg/client/informers/externalversions/factory.go:179.2,183.17 4 0
github.com/heathcliff26/kube-upgrade/pkg/client/informers/externalversions/factory.go:244.69,246.2 1 0
github.com/heathcliff26/kube-upgrade/pkg/client/informers/externalversions/generic.go:26.64,28.2 1 0
github.com/heathcliff26/kube-upgrade/pkg/client/informers/externalversions/generic.go:31.56,33.2 1 0
github.com/heathcliff26/kube-upgrade/pkg/client/informers/externalversions/generic.go:37.108,38.18 1 0
github.com/heathcliff26/kube-upgrade/pkg/client/informers/externalversions/generic.go:40.68,41.135 1 0
github.com/heathcliff26/kube-upgrade/pkg/client/informers/externalversions/generic.go:45.2,45.62 1 0
github.com/heathcliff26/kube-upgrade/pkg/client/informers/externalversions/kubeupgrade/interface.go:23.140,25.2 1 0
github.com/heathcliff26/kube-upgrade/pkg/client/informers/externalversions/kubeupgrade/interface.go:28.47,30.2 1 0
github.com/heathcliff26/kube-upgrade/pkg/client/informers/externalversions/kubeupgrade/v1alpha1/interface.go:22.140,24.2 1 0
github.com/heathcliff26/kube-upgrade/pkg/client/informers/externalversions/kubeupgrade/v1alpha1/interface.go:27.62,29.2 1 0
github.com/heathcliff26/kube-upgrade/pkg/client/informers/externalversions/kubeupgrade/v1alpha1/kubeupgradeplan.go:35.158,37.2 1 0
github.com/heathcliff26/kube-upgrade/pkg/client/informers/externalversions/kubeupgrade/v1alpha1/kubeupgradeplan.go:42.224,45.67 1 0
github.com/heathcliff26/kube-upgrade/pkg/client/informers/externalversions/kubeupgrade/v1alpha1/kubeupgradeplan.go:45.67,46.32 1 0
github.com/heathcliff26/kube-upgrade/pkg/client/informers/externalversions/kubeupgrade/v1alpha1/kubeupgradeplan.go:46.32,48.6 1 0
github.com/heathcliff26/kube-upgrade/pkg/client/informers/externalversions/kubeupgrade/v1alpha1/kubeupgradeplan.go:49.5,49.98 1 0
github.com/heathcliff26/kube-upgrade/pkg/client/informers/externalversions/kubeupgrade/v1alpha1/kubeupgradeplan.go:51.69,52.32 1 0
github.com/heathcliff26/kube-upgrade/pkg/client/informers/externalversions/kubeupgrade/v1alpha1/kubeupgradeplan.go:52.32,54.6 1 0
github.com/heathcliff26/kube-upgrade/pkg/client/informers/externalversions/kubeupgrade/v1alpha1/kubeupgradeplan.go:55.5,55.99 1 0
github.com/heathcliff26/kube-upgrade/pkg/client/informers/externalversions/kubeupgrade/v1alpha1/kubeupgradeplan.go:64.133,66.2 1 0
github.com/heathcliff26/kube-upgrade/pkg/client/informers/externalversions/kubeupgrade/v1alpha1/kubeupgradeplan.go:68.72,70.2 1 0
github.com/heathcliff26/kube-upgrade/pkg/client/informers/externalversions/kubeupgrade/v1alpha1/kubeupgradeplan.go:72.75,74.2 1 0
github.com/heathcliff26/kube-upgrade/pkg/client/listers/kubeupgrade/v1alpha1/kubeupgradeplan.go:29.76,31.2 1 0
github.com/heathcliff26/kube-upgrade/pkg/client/listers/kubeupgrade/v1alpha1/kubeupgradeplan.go:34.99,36.2 1 0
github.com/heathcliff26/kube-upgrade/pkg/upgrade-controller/root.go:13.16,16.16 3 0
github.com/heathcliff26/kube-upgrade/pkg/upgrade-controller/root.go:16.16,18.3 1 0
github.com/heathcliff26/kube-upgrade/pkg/upgrade-controller/root.go:21.44,23.32 1 1
github.com/heathcliff26/kube-upgrade/pkg/upgrade-controller/root.go:23.32,25.4 1 0
github.com/heathcliff26/kube-upgrade/pkg/upgrade-controller/root.go:28.2,31.52 1 1
github.com/heathcliff26/kube-upgrade/pkg/upgrade-controller/root.go:31.52,34.4 2 0
github.com/heathcliff26/kube-upgrade/pkg/upgrade-controller/root.go:37.2,41.16 2 1
github.com/heathcliff26/kube-upgrade/pkg/upgrade-controller/root.go:44.12,46.16 2 0
github.com/heathcliff26/kube-upgrade/pkg/upgrade-controller/root.go:46.16,48.3 1 0
github.com/heathcliff26/kube-upgrade/pkg/upgrade-controller/root.go:49.2,50.16 2 0
github.com/heathcliff26/kube-upgrade/pkg/upgrade-controller/root.go:50.16,52.3 1 0
github.com/heathcliff26/kube-upgrade/pkg/upgrade-controller/controller/controller.go:26.13,28.2 1 1
github.com/heathcliff26/kube-upgrade/pkg/upgrade-controller/controller/controller.go:41.54,43.16 2 0
github.com/heathcliff26/kube-upgrade/pkg/upgrade-controller/controller/controller.go:43.16,45.3 1 0
github.com/heathcliff26/kube-upgrade/pkg/upgrade-controller/controller/controller.go:46.2,47.16 2 0
github.com/heathcliff26/kube-upgrade/pkg/upgrade-controller/controller/controller.go:47.16,49.3 1 0
github.com/heathcliff26/kube-upgrade/pkg/upgrade-controller/controller/controller.go:51.2,52.16 2 0
github.com/heathcliff26/kube-upgrade/pkg/upgrade-controller/controller/controller.go:52.16,54.3 1 0
github.com/heathcliff26/kube-upgrade/pkg/upgrade-controller/controller/controller.go:56.2,67.16 2 0
github.com/heathcliff26/kube-upgrade/pkg/upgrade-controller/controller/controller.go:67.16,69.3 1 0
github.com/heathcliff26/kube-upgrade/pkg/upgrade-controller/controller/controller.go:70.2,71.16 2 0
github.com/heathcliff26/kube-upgrade/pkg/upgrade-controller/controller/controller.go:71.16,73.3 1 0
github.com/heathcliff26/kube-upgrade/pkg/upgrade-controller/controller/controller.go:74.2,75.16 2 0
github.com/heathcliff26/kube-upgrade/pkg/upgrade-controller/controller/controller.go:75.16,77.3 1 0
github.com/heathcliff26/kube-upgrade/pkg/upgrade-controller/controller/controller.go:79.2,83.8 1 0
github.com/heathcliff26/kube-upgrade/pkg/upgrade-controller/controller/controller.go:86.34,88.16 2 0
github.com/heathcliff26/kube-upgrade/pkg/upgrade-controller/controller/controller.go:88.16,90.3 1 0
github.com/heathcliff26/kube-upgrade/pkg/upgrade-controller/controller/controller.go:91.2,91.54 1 0
github.com/heathcliff26/kube-upgrade/pkg/upgrade-controller/controller/controller.go:94.92,99.16 4 0
github.com/heathcliff26/kube-upgrade/pkg/upgrade-controller/controller/controller.go:99.16,102.3 2 0
github.com/heathcliff26/kube-upgrade/pkg/upgrade-controller/controller/controller.go:104.2,105.16 2 0
github.com/heathcliff26/kube-upgrade/pkg/upgrade-controller/controller/controller.go:105.16,107.3 1 0
github.com/heathcliff26/kube-upgrade/pkg/upgrade-controller/controller/controller.go:109.2,110.16 2 0
github.com/heathcliff26/kube-upgrade/pkg/upgrade-controller/controller/controller.go:110.16,113.3 2 0
github.com/heathcliff26/kube-upgrade/pkg/upgrade-controller/controller/controller.go:115.2,118.8 1 0
github.com/heathcliff26/kube-upgrade/pkg/upgrade-controller/controller/controller.go:121.111,122.31 1 0
github.com/heathcliff26/kube-upgrade/pkg/upgrade-controller/controller/controller.go:122.31,124.3 1 0
github.com/heathcliff26/kube-upgrade/pkg/upgrade-controller/controller/controller.go:126.2,129.42 3 0
github.com/heathcliff26/kube-upgrade/pkg/upgrade-controller/controller/controller.go:129.42,133.17 2 0
github.com/heathcliff26/kube-upgrade/pkg/upgrade-controller/controller/controller.go:133.17,136.4 2 0
github.com/heathcliff26/kube-upgrade/pkg/upgrade-controller/controller/controller.go:138.3,139.17 2 0
github.com/heathcliff26/kube-upgrade/pkg/upgrade-controller/controller/controller.go:139.17,142.4 2 0
github.com/heathcliff26/kube-upgrade/pkg/upgrade-controller/controller/controller.go:144.3,146.13 2 0
github.com/heathcliff26/kube-upgrade/pkg/upgrade-controller/controller/controller.go:146.13,148.4 1 0
github.com/heathcliff26/kube-upgrade/pkg/upgrade-controller/controller/controller.go:148.9,148.62 1 0
github.com/heathcliff26/kube-upgrade/pkg/upgrade-controller/controller/controller.go:148.62,150.4 1 0
github.com/heathcliff26/kube-upgrade/pkg/upgrade-controller/controller/controller.go:153.2,153.41 1 0
github.com/heathcliff26/kube-upgrade/pkg/upgrade-controller/controller/controller.go:153.41,154.79 1 0
github.com/heathcliff26/kube-upgrade/pkg/upgrade-controller/controller/controller.go:154.79,157.12 3 0
github.com/heathcliff26/kube-upgrade/pkg/upgrade-controller/controller/controller.go:158.9,158.62 1 0
github.com/heathcliff26/kube-upgrade/pkg/upgrade-controller/controller/controller.go:158.62,160.4 1 0
github.com/heathcliff26/kube-upgrade/pkg/upgrade-controller/controller/controller.go:162.3,162.30 1 0
github.com/heathcliff26/kube-upgrade/pkg/upgrade-controller/controller/controller.go:162.30,164.18 2 0
github.com/heathcliff26/kube-upgrade/pkg/upgrade-controller/controller/controller.go:164.18,166.5 1 0
github.com/heathcliff26/kube-upgrade/pkg/upgrade-controller/controller/controller.go:170.2,173.12 3 0
github.com/heathcliff26/kube-upgrade/pkg/upgrade-controller/controller/controller.go:176.115,177.21 1 0
github.com/heathcliff26/kube-upgrade/pkg/upgrade-controller/controller/controller.go:177.21,179.3 1 0
github.com/heathcliff26/kube-upgrade/pkg/upgrade-controller/controller/controller.go:181.2,184.23 3 0
github.com/heathcliff26/kube-upgrade/pkg/upgrade-controller/controller/controller.go:184.23,185.34 1 0
github.com/heathcliff26/kube-upgrade/pkg/upgrade-controller/controller/controller.go:185.34,187.4 1 0
github.com/heathcliff26/kube-upgrade/pkg/upgrade-controller/controller/controller.go:189.3,189.75 1 0
github.com/heathcliff26/kube-upgrade/pkg/upgrade-controller/controller/controller.go:189.75,190.97 1 0
github.com/heathcliff26/kube-upgrade/pkg/upgrade-controller/controller/controller.go:190.97,192.5 1 0
github.com/heathcliff26/kube-upgrade/pkg/upgrade-controller/controller/controller.go:193.4,193.12 1 0
github.com/heathcliff26/kube-upgrade/pkg/upgrade-controller/controller/controller.go:196.3,200.20 4 0
github.com/heathcliff26/kube-upgrade/pkg/upgrade-controller/controller/controller.go:203.2,204.15 2 0
github.com/heathcliff26/kube-upgrade/pkg/upgrade-controller/controller/controller.go:204.15,206.3 1 0
github.com/heathcliff26/kube-upgrade/pkg/upgrade-controller/controller/controller.go:206.8,208.3 1 0
github.com/heathcliff26/kube-upgrade/pkg/upgrade-controller/controller/controller.go:209.2,209.39 1 0
github.com/heathcliff26/kube-upgrade/pkg/upgrade-controller/controller/errors.go:10.57,15.2 1 0
github.com/heathcliff26/kube-upgrade/pkg/upgrade-controller/controller/errors.go:17.44,19.2 1 0
github.com/heathcliff26/kube-upgrade/pkg/upgrade-controller/controller/utils.go:17.37,19.16 2 0
github.com/heathcliff26/kube-upgrade/pkg/upgrade-controller/controller/utils.go:19.16,20.38 1 0
github.com/heathcliff26/kube-upgrade/pkg/upgrade-controller/controller/utils.go:20.38,22.4 1 0
github.com/heathcliff26/kube-upgrade/pkg/upgrade-controller/controller/utils.go:22.9,24.4 1 0
github.com/heathcliff26/kube-upgrade/pkg/upgrade-controller/controller/utils.go:27.2,28.18 2 0
github.com/heathcliff26/kube-upgrade/pkg/upgrade-controller/controller/utils.go:28.18,30.3 1 0
github.com/heathcliff26/kube-upgrade/pkg/upgrade-controller/controller/utils.go:31.2,31.16 1 0
github.com/heathcliff26/kube-upgrade/pkg/upgrade-controller/controller/utils.go:35.29,37.2 1 0
github.com/heathcliff26/kube-upgrade/pkg/upgrade-controller/controller/utils.go:40.75,41.25 1 0
github.com/heathcliff26/kube-upgrade/pkg/upgrade-controller/controller/utils.go:41.25,42.47 1 0
github.com/heathcliff26/kube-upgrade/pkg/upgrade-controller/controller/utils.go:42.47,44.4 1 0
github.com/heathcliff26/kube-upgrade/pkg/upgrade-controller/controller/utils.go:46.2,46.14 1 0
github.com/heathcliff26/kube-upgrade/pkg/upgrade-controller/controller/utils.go:50.59,51.22 1 0
github.com/heathcliff26/kube-upgrade/pkg/upgrade-controller/controller/utils.go:51.22,53.3 1 0
github.com/heathcliff26/kube-upgrade/pkg/upgrade-controller/controller/utils.go:54.2,58.27 4 0
github.com/heathcliff26/kube-upgrade/pkg/upgrade-controller/controller/utils.go:58.27,59.12 1 0
github.com/heathcliff26/kube-upgrade/pkg/upgrade-controller/controller/utils.go:60.36,60.36 0 0
github.com/heathcliff26/kube-upgrade/pkg/upgrade-controller/controller/utils.go:61.39,62.22 1 0
github.com/heathcliff26/kube-upgrade/pkg/upgrade-controller/controller/utils.go:63.35,64.18 1 0
github.com/heathcliff26/kube-upgrade/pkg/upgrade-controller/controller/utils.go:65.11,66.18 1 0
github.com/heathcliff26/kube-upgrade/pkg/upgrade-controller/controller/utils.go:70.2,70.13 1 0
github.com/heathcliff26/kube-upgrade/pkg/upgrade-controller/controller/utils.go:70.13,72.3 1 0
github.com/heathcliff26/kube-upgrade/pkg/upgrade-controller/controller/utils.go:72.8,72.24 1 0
[...]
github.com/heathcliff26/kube-upgrade/pkg/upgrade-controller/controller/utils.go:72.24,74.3 1 0
github.com/heathcliff26/kube-upgrade/pkg/upgrade-controller/controller/utils.go:74.8,74.20 1 0
github.com/heathcliff26/kube-upgrade/pkg/upgrade-controller/controller/utils.go:74.20,76.3 1 0
github.com/heathcliff26/kube-upgrade/pkg/upgrade-controller/controller/utils.go:76.8,78.3 1 0
github.com/heathcliff26/kube-upgrade/pkg/upgraded/root.go:17.16,20.16 3 0
github.com/heathcliff26/kube-upgrade/pkg/upgraded/root.go:20.16,23.3 2 0
github.com/heathcliff26/kube-upgrade/pkg/upgraded/root.go:26.35,28.32 1 0
github.com/heathcliff26/kube-upgrade/pkg/upgraded/root.go:28.32,30.4 1 0
github.com/heathcliff26/kube-upgrade/pkg/upgraded/root.go:33.2,36.45 1 0
github.com/heathcliff26/kube-upgrade/pkg/upgraded/root.go:36.45,38.18 2 0
github.com/heathcliff26/kube-upgrade/pkg/upgraded/root.go:38.18,41.5 2 0
github.com/heathcliff26/kube-upgrade/pkg/upgraded/root.go:43.4,43.12 1 0
github.com/heathcliff26/kube-upgrade/pkg/upgraded/root.go:47.2,52.16 3 0
github.com/heathcliff26/kube-upgrade/pkg/upgraded/root.go:55.26,57.16 2 0
github.com/heathcliff26/kube-upgrade/pkg/upgraded/root.go:57.16,60.3 2 0
github.com/heathcliff26/kube-upgrade/pkg/upgraded/root.go:62.2,63.16 2 0
github.com/heathcliff26/kube-upgrade/pkg/upgraded/root.go:63.16,66.3 2 0
github.com/heathcliff26/kube-upgrade/pkg/upgraded/root.go:67.2,67.26 1 0
github.com/heathcliff26/kube-upgrade/pkg/upgraded/root.go:67.26,70.3 2 0
github.com/heathcliff26/kube-upgrade/pkg/upgraded/root.go:72.2,73.16 2 0
github.com/heathcliff26/kube-upgrade/pkg/upgraded/root.go:73.16,76.3 2 0
github.com/heathcliff26/kube-upgrade/pkg/upgraded/root.go:78.2,79.16 2 0
github.com/heathcliff26/kube-upgrade/pkg/upgraded/root.go:79.16,82.3 2 0
github.com/heathcliff26/kube-upgrade/pkg/upgraded/config/config.go:28.13,35.2 4 0
github.com/heathcliff26/kube-upgrade/pkg/upgraded/config/config.go:65.38,66.32 1 0
github.com/heathcliff26/kube-upgrade/pkg/upgraded/config/config.go:67.15,68.32 1 0
github.com/heathcliff26/kube-upgrade/pkg/upgraded/config/config.go:69.14,70.31 1 0
github.com/heathcliff26/kube-upgrade/pkg/upgraded/config/config.go:71.14,72.31 1 0
github.com/heathcliff26/kube-upgrade/pkg/upgraded/config/config.go:73.15,74.32 1 0
github.com/heathcliff26/kube-upgrade/pkg/upgraded/config/config.go:75.10,76.38 1 0
github.com/heathcliff26/kube-upgrade/pkg/upgraded/config/config.go:78.2,78.12 1 0
github.com/heathcliff26/kube-upgrade/pkg/upgraded/config/config.go:81.30,94.2 1 0
github.com/heathcliff26/kube-upgrade/pkg/upgraded/config/config.go:100.47,104.16 3 0
github.com/heathcliff26/kube-upgrade/pkg/upgraded/config/config.go:104.16,106.3 1 0
github.com/heathcliff26/kube-upgrade/pkg/upgraded/config/config.go:108.2,109.38 2 0
github.com/heathcliff26/kube-upgrade/pkg/upgraded/config/config.go:109.38,111.3 1 0
github.com/heathcliff26/kube-upgrade/pkg/upgraded/config/config.go:111.8,111.23 1 0
github.com/heathcliff26/kube-upgrade/pkg/upgraded/config/config.go:111.23,113.3 1 0
github.com/heathcliff26/kube-upgrade/pkg/upgraded/config/config.go:115.2,116.16 2 0
github.com/heathcliff26/kube-upgrade/pkg/upgraded/config/config.go:116.16,118.3 1 0
github.com/heathcliff26/kube-upgrade/pkg/upgraded/config/config.go:120.2,121.16 2 0
github.com/heathcliff26/kube-upgrade/pkg/upgraded/config/config.go:121.16,123.3 1 0
github.com/heathcliff26/kube-upgrade/pkg/upgraded/config/config.go:125.2,125.15 1 0
github.com/heathcliff26/kube-upgrade/pkg/upgraded/config/errors.go:7.48,11.2 1 0
github.com/heathcliff26/kube-upgrade/pkg/upgraded/config/errors.go:13.45,15.2 1 0
github.com/heathcliff26/kube-upgrade/pkg/upgraded/daemon/daemon.go:42.53,44.16 2 0
github.com/heathcliff26/kube-upgrade/pkg/upgraded/daemon/daemon.go:44.16,46.3 1 0
github.com/heathcliff26/kube-upgrade/pkg/upgraded/daemon/daemon.go:48.2,49.16 2 0
github.com/heathcliff26/kube-upgrade/pkg/upgraded/daemon/daemon.go:49.16,51.3 1 0
github.com/heathcliff26/kube-upgrade/pkg/upgraded/daemon/daemon.go:52.2,53.16 2 0
github.com/heathcliff26/kube-upgrade/pkg/upgraded/daemon/daemon.go:53.16,55.3 1 0
github.com/heathcliff26/kube-upgrade/pkg/upgraded/daemon/daemon.go:57.2,57.26 1 0
github.com/heathcliff26/kube-upgrade/pkg/upgraded/daemon/daemon.go:57.26,59.3 1 0
github.com/heathcliff26/kube-upgrade/pkg/upgraded/daemon/daemon.go:60.2,61.16 2 0
github.com/heathcliff26/kube-upgrade/pkg/upgraded/daemon/daemon.go:61.16,63.3 1 0
github.com/heathcliff26/kube-upgrade/pkg/upgraded/daemon/daemon.go:64.2,65.16 2 0
github.com/heathcliff26/kube-upgrade/pkg/upgraded/daemon/daemon.go:65.16,67.3 1 0
github.com/heathcliff26/kube-upgrade/pkg/upgraded/daemon/daemon.go:69.2,69.21 1 0
github.com/heathcliff26/kube-upgrade/pkg/upgraded/daemon/daemon.go:69.21,71.3 1 0
github.com/heathcliff26/kube-upgrade/pkg/upgraded/daemon/daemon.go:73.2,74.16 2 0
github.com/heathcliff26/kube-upgrade/pkg/upgraded/daemon/daemon.go:74.16,76.3 1 0
github.com/heathcliff26/kube-upgrade/pkg/upgraded/daemon/daemon.go:77.2,78.16 2 0
github.com/heathcliff26/kube-upgrade/pkg/upgraded/daemon/daemon.go:78.16,80.3 1 0
github.com/heathcliff26/kube-upgrade/pkg/upgraded/daemon/daemon.go:81.2,94.8 2 0
github.com/heathcliff26/kube-upgrade/pkg/upgraded/daemon/daemon.go:98.39,99.11 1 0
github.com/heathcliff26/kube-upgrade/pkg/upgraded/daemon/daemon.go:99.11,100.10 1 0
github.com/heathcliff26/kube-upgrade/pkg/upgraded/daemon/daemon.go:101.23,102.10 1 0
github.com/heathcliff26/kube-upgrade/pkg/upgraded/daemon/daemon.go:103.38,103.38 0 0
github.com/heathcliff26/kube-upgrade/pkg/upgraded/daemon/daemon.go:109.32,110.22 1 0
github.com/heathcliff26/kube-upgrade/pkg/upgraded/daemon/daemon.go:110.22,112.17 2 0
github.com/heathcliff26/kube-upgrade/pkg/upgraded/daemon/daemon.go:112.17,114.4 1 0
github.com/heathcliff26/kube-upgrade/pkg/upgraded/daemon/daemon.go:116.3,117.15 2 0
github.com/heathcliff26/kube-upgrade/pkg/upgraded/daemon/daemon.go:122.30,128.12 6 0
github.com/heathcliff26/kube-upgrade/pkg/upgraded/daemon/daemon.go:128.12,131.3 2 0
github.com/heathcliff26/kube-upgrade/pkg/upgraded/daemon/daemon.go:133.2,134.16 2 0
github.com/heathcliff26/kube-upgrade/pkg/upgraded/daemon/daemon.go:134.16,136.3 1 0
github.com/heathcliff26/kube-upgrade/pkg/upgraded/daemon/daemon.go:138.2,138.29 1 0
github.com/heathcliff26/kube-upgrade/pkg/upgraded/daemon/daemon.go:138.29,141.25 3 0
github.com/heathcliff26/kube-upgrade/pkg/upgraded/daemon/daemon.go:141.25,143.4 1 0
github.com/heathcliff26/kube-upgrade/pkg/upgraded/daemon/daemon.go:144.8,146.3 1 0
github.com/heathcliff26/kube-upgrade/pkg/upgraded/daemon/daemon.go:148.2,153.12 4 0
github.com/heathcliff26/kube-upgrade/pkg/upgraded/daemon/daemon.go:153.12,157.3 3 0
github.com/heathcliff26/kube-upgrade/pkg/upgraded/daemon/daemon.go:158.2,158.12 1 0
github.com/heathcliff26/kube-upgrade/pkg/upgraded/daemon/daemon.go:158.12,162.3 3 0
github.com/heathcliff26/kube-upgrade/pkg/upgraded/daemon/daemon.go:164.2,165.12 2 0
github.com/heathcliff26/kube-upgrade/pkg/upgraded/daemon/nodes.go:19.40,20.144 1 0
github.com/heathcliff26/kube-upgrade/pkg/upgraded/daemon/nodes.go:20.144,22.3 1 0
github.com/heathcliff26/kube-upgrade/pkg/upgraded/daemon/nodes.go:24.2,27.43 2 0
github.com/heathcliff26/kube-upgrade/pkg/upgraded/daemon/nodes.go:27.43,29.4 1 0
github.com/heathcliff26/kube-upgrade/pkg/upgraded/daemon/nodes.go:30.35,33.4 2 0
github.com/heathcliff26/kube-upgrade/pkg/upgraded/daemon/nodes.go:35.2,35.16 1 0
github.com/heathcliff26/kube-upgrade/pkg/upgraded/daemon/nodes.go:35.16,39.3 3 0
github.com/heathcliff26/kube-upgrade/pkg/upgraded/daemon/nodes.go:40.2,41.16 2 0
github.com/heathcliff26/kube-upgrade/pkg/upgraded/daemon/nodes.go:41.16,45.3 3 0
github.com/heathcliff26/kube-upgrade/pkg/upgraded/daemon/nodes.go:46.2,47.28 2 0
github.com/heathcliff26/kube-upgrade/pkg/upgraded/daemon/nodes.go:51.51,54.29 2 0
github.com/heathcliff26/kube-upgrade/pkg/upgraded/daemon/nodes.go:54.29,56.3 1 0
github.com/heathcliff26/kube-upgrade/pkg/upgraded/daemon/nodes.go:58.2,58.22 1 0
github.com/heathcliff26/kube-upgrade/pkg/upgraded/daemon/nodes.go:58.22,60.17 2 0
github.com/heathcliff26/kube-upgrade/pkg/upgraded/daemon/nodes.go:60.17,62.4 1 0
github.com/heathcliff26/kube-upgrade/pkg/upgraded/daemon/nodes.go:63.3,64.15 2 0
github.com/heathcliff26/kube-upgrade/pkg/upgraded/daemon/nodes.go:69.57,73.26 1 0
github.com/heathcliff26/kube-upgrade/pkg/upgraded/daemon/nodes.go:73.26,75.3 1 0
github.com/heathcliff26/kube-upgrade/pkg/upgraded/daemon/nodes.go:76.2,82.16 5 0
github.com/heathcliff26/kube-upgrade/pkg/upgraded/daemon/nodes.go:82.16,84.3 1 0
github.com/heathcliff26/kube-upgrade/pkg/upgraded/daemon/nodes.go:86.2,86.52 1 0
github.com/heathcliff26/kube-upgrade/pkg/upgraded/daemon/nodes.go:86.52,89.17 3 0
github.com/heathcliff26/kube-upgrade/pkg/upgraded/daemon/nodes.go:89.17,91.4 1 0
github.com/heathcliff26/kube-upgrade/pkg/upgraded/daemon/nodes.go:92.3,93.17 2 0
github.com/heathcliff26/kube-upgrade/pkg/upgraded/daemon/nodes.go:93.17,95.4 1 0
github.com/heathcliff26/kube-upgrade/pkg/upgraded/daemon/nodes.go:97.3,97.13 1 0
github.com/heathcliff26/kube-upgrade/pkg/upgraded/daemon/nodes.go:100.2,103.16 3 0
github.com/heathcliff26/kube-upgrade/pkg/upgraded/daemon/nodes.go:103.16,105.3 1 0
github.com/heathcliff26/kube-upgrade/pkg/upgraded/daemon/nodes.go:107.2,108.16 2 0
github.com/heathcliff26/kube-upgrade/pkg/upgraded/daemon/nodes.go:108.16,110.3 1 0
github.com/heathcliff26/kube-upgrade/pkg/upgraded/daemon/nodes.go:111.2,111.34 1 0
github.com/heathcliff26/kube-upgrade/pkg/upgraded/daemon/nodes.go:111.34,113.3 1 0
github.com/heathcliff26/kube-upgrade/pkg/upgraded/daemon/nodes.go:114.2,116.16 3 0
github.com/heathcliff26/kube-upgrade/pkg/upgraded/daemon/nodes.go:116.16,118.3 1 0
github.com/heathcliff26/kube-upgrade/pkg/upgraded/daemon/nodes.go:120.2,120.48 1 0
github.com/heathcliff26/kube-upgrade/pkg/upgraded/daemon/nodes.go:120.48,123.3 2 0
github.com/heathcliff26/kube-upgrade/pkg/upgraded/daemon/nodes.go:123.8,126.3 2 0
github.com/heathcliff26/kube-upgrade/pkg/upgraded/daemon/nodes.go:127.2,127.16 1 0
github.com/heathcliff26/kube-upgrade/pkg/upgraded/daemon/nodes.go:127.16,129.3 1 0
github.com/heathcliff26/kube-upgrade/pkg/upgraded/daemon/nodes.go:131.2,132.16 2 0
github.com/heathcliff26/kube-upgrade/pkg/upgraded/daemon/nodes.go:132.16,134.3 1 0
github.com/heathcliff26/kube-upgrade/pkg/upgraded/daemon/nodes.go:136.2,138.12 3 0
github.com/heathcliff26/kube-upgrade/pkg/upgraded/daemon/nodes.go:142.56,144.16 2 0
github.com/heathcliff26/kube-upgrade/pkg/upgraded/daemon/nodes.go:144.16,146.3 1 0
github.com/heathcliff26/kube-upgrade/pkg/upgraded/daemon/nodes.go:147.2,147.29 1 0
github.com/heathcliff26/kube-upgrade/pkg/upgraded/daemon/nodes.go:147.29,149.3 1 0
github.com/heathcliff26/kube-upgrade/pkg/upgraded/daemon/nodes.go:150.2,153.16 3 0
github.com/heathcliff26/kube-upgrade/pkg/upgraded/daemon/nodes.go:153.16,155.3 1 0
github.com/heathcliff26/kube-upgrade/pkg/upgraded/daemon/nodes.go:156.2,156.12 1 0
github.com/heathcliff26/kube-upgrade/pkg/upgraded/daemon/stream.go:11.36,13.6 2 0
github.com/heathcliff26/kube-upgrade/pkg/upgraded/daemon/stream.go:13.6,14.23 1 0
github.com/heathcliff26/kube-upgrade/pkg/upgraded/daemon/stream.go:14.23,18.18 4 0
github.com/heathcliff26/kube-upgrade/pkg/upgraded/daemon/stream.go:18.18,20.5 1 0
github.com/heathcliff26/kube-upgrade/pkg/upgraded/daemon/stream.go:21.4,22.16 2 0
github.com/heathcliff26/kube-upgrade/pkg/upgraded/daemon/stream.go:25.3,25.18 1 0
github.com/heathcliff26/kube-upgrade/pkg/upgraded/daemon/stream.go:25.18,27.24 2 0
github.com/heathcliff26/kube-upgrade/pkg/upgraded/daemon/stream.go:27.24,29.19 2 0
github.com/heathcliff26/kube-upgrade/pkg/upgraded/daemon/stream.go:29.19,31.6 1 0
github.com/heathcliff26/kube-upgrade/pkg/upgraded/daemon/stream.go:32.5,33.17 2 0
github.com/heathcliff26/kube-upgrade/pkg/upgraded/daemon/stream.go:35.9,37.4 1 0
github.com/heathcliff26/kube-upgrade/pkg/upgraded/daemon/stream.go:39.3,39.10 1 0
github.com/heathcliff26/kube-upgrade/pkg/upgraded/daemon/stream.go:40.23,41.10 1 0
github.com/heathcliff26/kube-upgrade/pkg/upgraded/daemon/stream.go:42.38,42.38 0 0
github.com/heathcliff26/kube-upgrade/pkg/upgraded/daemon/stream.go:48.36,51.26 1 0
github.com/heathcliff26/kube-upgrade/pkg/upgraded/daemon/stream.go:51.26,53.3 1 0
github.com/heathcliff26/kube-upgrade/pkg/upgraded/daemon/stream.go:54.2,57.16 3 0
github.com/heathcliff26/kube-upgrade/pkg/upgraded/daemon/stream.go:57.16,59.3 1 0
github.com/heathcliff26/kube-upgrade/pkg/upgraded/daemon/stream.go:61.2,62.16 2 0
github.com/heathcliff26/kube-upgrade/pkg/upgraded/daemon/stream.go:62.16,64.3 1 0
github.com/heathcliff26/kube-upgrade/pkg/upgraded/daemon/stream.go:69.2,70.12 2 0
github.com/heathcliff26/kube-upgrade/pkg/upgraded/daemon/utils.go:15.89,17.16 2 0
github.com/heathcliff26/kube-upgrade/pkg/upgraded/daemon/utils.go:17.16,19.3 1 0
github.com/heathcliff26/kube-upgrade/pkg/upgraded/daemon/utils.go:21.2,21.35 1 0
github.com/heathcliff26/kube-upgrade/pkg/upgraded/daemon/utils.go:21.35,22.50 1 0
github.com/heathcliff26/kube-upgrade/pkg/upgraded/daemon/utils.go:22.50,24.4 1 0
github.com/heathcliff26/kube-upgrade/pkg/upgraded/daemon/utils.go:27.2,27.79 1 0
github.com/heathcliff26/kube-upgrade/pkg/upgraded/daemon/utils.go:31.47,32.29 1 0
github.com/heathcliff26/kube-upgrade/pkg/upgraded/daemon/utils.go:32.29,34.3 1 0
github.com/heathcliff26/kube-upgrade/pkg/upgraded/daemon/utils.go:35.2,36.52 2 0
github.com/heathcliff26/kube-upgrade/pkg/upgraded/daemon/utils.go:36.52,38.3 1 0
github.com/heathcliff26/kube-upgrade/pkg/upgraded/daemon/utils.go:39.2,39.69 1 0
github.com/heathcliff26/kube-upgrade/pkg/upgraded/daemon/utils.go:39.69,42.3 2 0
github.com/heathcliff26/kube-upgrade/pkg/upgraded/daemon/utils.go:43.2,43.13 1 0
github.com/heathcliff26/kube-upgrade/pkg/upgraded/fleetlock/client.go:17.61,18.30 1 0
github.com/heathcliff26/kube-upgrade/pkg/upgraded/fleetlock/client.go:18.30,20.3 1 0
github.com/heathcliff26/kube-upgrade/pkg/upgraded/fleetlock/client.go:22.2,23.16 2 0
github.com/heathcliff26/kube-upgrade/pkg/upgraded/fleetlock/client.go:23.16,25.3 1 0
github.com/heathcliff26/kube-upgrade/pkg/upgraded/fleetlock/client.go:27.2,31.8 1 0
github.com/heathcliff26/kube-upgrade/pkg/upgraded/fleetlock/client.go:35.40,37.16 2 0
github.com/heathcliff26/kube-upgrade/pkg/upgraded/fleetlock/client.go:37.16,39.3 1 0
github.com/heathcliff26/kube-upgrade/pkg/upgraded/fleetlock/client.go:39.8,39.15 1 0
github.com/heathcliff26/kube-upgrade/pkg/upgraded/fleetlock/client.go:39.15,41.3 1 0
github.com/heathcliff26/kube-upgrade/pkg/upgraded/fleetlock/client.go:42.2,42.91 1 0
github.com/heathcliff26/kube-upgrade/pkg/upgraded/fleetlock/client.go:46.43,48.16 2 0
github.com/heathcliff26/kube-upgrade/pkg/upgraded/fleetlock/client.go:48.16,50.3 1 0
github.com/heathcliff26/kube-upgrade/pkg/upgraded/fleetlock/client.go:50.8,50.15 1 0
github.com/heathcliff26/kube-upgrade/pkg/upgraded/fleetlock/client.go:50.15,52.3 1 0
github.com/heathcliff26/kube-upgrade/pkg/upgraded/fleetlock/client.go:53.2,53.92 1 0
github.com/heathcliff26/kube-upgrade/pkg/upgraded/fleetlock/client.go:56.90,58.16 2 0
github.com/heathcliff26/kube-upgrade/pkg/upgraded/fleetlock/client.go:58.16,60.3 1 0
github.com/heathcliff26/kube-upgrade/pkg/upgraded/fleetlock/client.go:61.2,62.16 2 0
github.com/heathcliff26/kube-upgrade/pkg/upgraded/fleetlock/client.go:62.16,64.3 1 0
github.com/heathcliff26/kube-upgrade/pkg/upgraded/fleetlock/client.go:65.2,69.16 4 0
github.com/heathcliff26/kube-upgrade/pkg/upgraded/fleetlock/client.go:69.16,71.3 1 0
github.com/heathcliff26/kube-upgrade/pkg/upgraded/fleetlock/client.go:73.2,74.16 2 0
github.com/heathcliff26/kube-upgrade/pkg/upgraded/fleetlock/client.go:74.16,76.3 1 0
github.com/heathcliff26/kube-upgrade/pkg/upgraded/fleetlock/client.go:78.2,78.54 1 0
github.com/heathcliff26/kube-upgrade/pkg/upgraded/fleetlock/utils.go:12.40,14.16 2 0
github.com/heathcliff26/kube-upgrade/pkg/upgraded/fleetlock/utils.go:14.16,16.3 1 0
github.com/heathcliff26/kube-upgrade/pkg/upgraded/fleetlock/utils.go:18.2,19.16 2 0
github.com/heathcliff26/kube-upgrade/pkg/upgraded/fleetlock/utils.go:19.16,21.3 1 0
github.com/heathcliff26/kube-upgrade/pkg/upgraded/fleetlock/utils.go:22.2,22.19 1 0
github.com/heathcliff26/kube-upgrade/pkg/upgraded/fleetlock/utils.go:28.43,30.11 2 0
github.com/heathcliff26/kube-upgrade/pkg/upgraded/fleetlock/utils.go:30.11,32.3 1 0
github.com/heathcliff26/kube-upgrade/pkg/upgraded/fleetlock/utils.go:33.2,33.12 1 0
github.com/heathcliff26/kube-upgrade/pkg/upgraded/kubeadm/kubeadm.go:15.44,17.16 2 0
github.com/heathcliff26/kube-upgrade/pkg/upgraded/kubeadm/kubeadm.go:17.16,19.3 1 0
github.com/heathcliff26/kube-upgrade/pkg/upgraded/kubeadm/kubeadm.go:21.2,23.8 1 0
github.com/heathcliff26/kube-upgrade/pkg/upgraded/kubeadm/kubeadm.go:27.50,32.2 3 0
github.com/heathcliff26/kube-upgrade/pkg/upgraded/kubeadm/kubeadm.go:35.35,40.2 3 0
github.com/heathcliff26/kube-upgrade/pkg/upgraded/rpm-ostree/rpm-ostree.go:17.46,19.16 2 0
github.com/heathcliff26/kube-upgrade/pkg/upgraded/rpm-ostree/rpm-ostree.go:19.16,21.3 1 0
github.com/heathcliff26/kube-upgrade/pkg/upgraded/rpm-ostree/rpm-ostree.go:23.2,25.8 1 0
github.com/heathcliff26/kube-upgrade/pkg/upgraded/rpm-ostree/rpm-ostree.go:29.56,36.23 6 0
github.com/heathcliff26/kube-upgrade/pkg/upgraded/rpm-ostree/rpm-ostree.go:36.23,39.3 2 0
github.com/heathcliff26/kube-upgrade/pkg/upgraded/rpm-ostree/rpm-ostree.go:39.8,39.23 1 0
github.com/heathcliff26/kube-upgrade/pkg/upgraded/rpm-ostree/rpm-ostree.go:39.23,41.3 1 0
github.com/heathcliff26/kube-upgrade/pkg/upgraded/rpm-ostree/rpm-ostree.go:43.2,43.14 1 0
github.com/heathcliff26/kube-upgrade/pkg/upgraded/rpm-ostree/rpm-ostree.go:44.9,45.19 1 0
github.com/heathcliff26/kube-upgrade/pkg/upgraded/rpm-ostree/rpm-ostree.go:46.10,47.20 1 0
github.com/heathcliff26/kube-upgrade/pkg/upgraded/rpm-ostree/rpm-ostree.go:48.10,50.80 2 0
github.com/heathcliff26/kube-upgrade/pkg/upgraded/rpm-ostree/rpm-ostree.go:57.40,62.2 3 0
github.com/heathcliff26/kube-upgrade/pkg/upgraded/rpm-ostree/rpm-ostree.go:67.51,72.2 3 0
github.com/heathcliff26/kube-upgrade/pkg/upgraded/rpm-ostree/utils.go:8.41,9.46 1 0
github.com/heathcliff26/kube-upgrade/pkg/upgraded/rpm-ostree/utils.go:9.46,11.3 1 0
github.com/heathcliff26/kube-upgrade/pkg/upgraded/rpm-ostree/utils.go:12.2,12.17 1 0
github.com/heathcliff26/kube-upgrade/pkg/upgraded/utils/utils.go:11.37,13.16 2 0
github.com/heathcliff26/kube-upgrade/pkg/upgraded/utils/utils.go:13.16,15.3 1 0
github.com/heathcliff26/kube-upgrade/pkg/upgraded/utils/utils.go:16.2,17.23 2 0
github.com/heathcliff26/kube-upgrade/pkg/upgraded/utils/utils.go:21.64,26.2 4 0
github.com/heathcliff26/kube-upgrade/pkg/upgraded/utils/utils.go:29.52,31.16 2 0
github.com/heathcliff26/kube-upgrade/pkg/upgraded/utils/utils.go:31.16,33.3 1 0
github.com/heathcliff26/kube-upgrade/pkg/upgraded/utils/utils.go:34.2,34.31 1 0
github.com/heathcliff26/kube-upgrade/pkg/upgraded/utils/utils.go:34.31,36.3 1 0
github.com/heathcliff26/kube-upgrade/pkg/upgraded/utils/utils.go:37.2,37.12 1 0
github.com/heathcliff26/kube-upgrade/pkg/version/version.go:13.45,17.48 1 1
github.com/heathcliff26/kube-upgrade/pkg/version/version.go:17.48,19.4 1 0
github.com/heathcliff26/kube-upgrade/pkg/version/version.go:22.2,22.65 1 1
github.com/heathcliff26/kube-upgrade/pkg/version/version.go:22.66,22.67 0 0
github.com/heathcliff26/kube-upgrade/pkg/version/version.go:24.2,24.12 1 1
github.com/heathcliff26/kube-upgrade/pkg/version/version.go:27.34,30.42 3 1
github.com/heathcliff26/kube-upgrade/pkg/version/version.go:30.42,31.33 1 0
github.com/heathcliff26/kube-upgrade/pkg/version/version.go:31.33,33.9 2 0
github.com/heathcliff26/kube-upgrade/pkg/version/version.go:36.2,36.21 1 1
github.com/heathcliff26/kube-upgrade/pkg/version/version.go:36.21,38.3 1 0
github.com/heathcliff26/kube-upgrade/pkg/version/version.go:38.8,38.25 1 1
github.com/heathcliff26/kube-upgrade/pkg/version/version.go:38.25,40.3 1 1
github.com/heathcliff26/kube-upgrade/pkg/version/version.go:42.2,47.15 5 1
