mode: set
github.com/heathcliff26/kube-upgrade/pkg/apis/kubeupgrade/v1alpha2/defaults.go:13.63,14.24 1 0
github.com/heathcliff26/kube-upgrade/pkg/apis/kubeupgrade/v1alpha2/defaults.go:14.24,16.3 1 0
github.com/heathcliff26/kube-upgrade/pkg/apis/kubeupgrade/v1alpha2/defaults.go:17.2,17.39 1 0
github.com/heathcliff26/kube-upgrade/pkg/apis/kubeupgrade/v1alpha2/defaults.go:17.39,18.26 1 0
github.com/heathcliff26/kube-upgrade/pkg/apis/kubeupgrade/v1alpha2/defaults.go:18.26,20.4 1 0
github.com/heathcliff26/kube-upgrade/pkg/apis/kubeupgrade/v1alpha2/defaults.go:21.3,21.28 1 0
github.com/heathcliff26/kube-upgrade/pkg/apis/kubeupgrade/v1alpha2/defaults.go:23.2,23.50 1 0
github.com/heathcliff26/kube-upgrade/pkg/apis/kubeupgrade/v1alpha2/defaults.go:26.60,27.22 1 0
github.com/heathcliff26/kube-upgrade/pkg/apis/kubeupgrade/v1alpha2/defaults.go:27.22,29.3 1 0
github.com/heathcliff26/kube-upgrade/pkg/apis/kubeupgrade/v1alpha2/defaults.go:30.2,30.30 1 0
github.com/heathcliff26/kube-upgrade/pkg/apis/kubeupgrade/v1alpha2/defaults.go:30.30,32.3 1 0
github.com/heathcliff26/kube-upgrade/pkg/apis/kubeupgrade/v1alpha2/defaults.go:33.2,33.29 1 0
github.com/heathcliff26/kube-upgrade/pkg/apis/kubeupgrade/v1alpha2/defaults.go:33.29,35.3 1 0
github.com/heathcliff26/kube-upgrade/pkg/apis/kubeupgrade/v1alpha2/defaults.go:36.2,36.29 1 0
github.com/heathcliff26/kube-upgrade/pkg/apis/kubeupgrade/v1alpha2/defaults.go:36.29,38.3 1 0
github.com/heathcliff26/kube-upgrade/pkg/apis/kubeupgrade/v1alpha2/register.go:21.13,26.2 1 0
github.com/heathcliff26/kube-upgrade/pkg/apis/kubeupgrade/v1alpha2/register.go:29.53,31.2 1 0
github.com/heathcliff26/kube-upgrade/pkg/apis/kubeupgrade/v1alpha2/register.go:34.50,52.2 4 0
github.com/heathcliff26/kube-upgrade/pkg/apis/kubeupgrade/v1alpha2/validation.go:12.66,14.2 1 0
github.com/heathcliff26/kube-upgrade/pkg/apis/kubeupgrade/v1alpha2/validation.go:16.65,17.45 1 0
github.com/heathcliff26/kube-upgrade/pkg/apis/kubeupgrade/v1alpha2/validation.go:17.45,19.3 1 0
github.com/heathcliff26/kube-upgrade/pkg/apis/kubeupgrade/v1alpha2/validation.go:20.2,20.123 1 0
github.com/heathcliff26/kube-upgrade/pkg/apis/kubeupgrade/v1alpha2/validation.go:20.123,22.3 1 0
github.com/heathcliff26/kube-upgrade/pkg/apis/kubeupgrade/v1alpha2/validation.go:24.2,24.26 1 0
github.com/heathcliff26/kube-upgrade/pkg/apis/kubeupgrade/v1alpha2/validation.go:24.26,26.3 1 0
github.com/heathcliff26/kube-upgrade/pkg/apis/kubeupgrade/v1alpha2/validation.go:27.2,27.39 1 0
github.com/heathcliff26/kube-upgrade/pkg/apis/kubeupgrade/v1alpha2/validation.go:27.39,28.46 1 0
github.com/heathcliff26/kube-upgrade/pkg/apis/kubeupgrade/v1alpha2/validation.go:28.46,29.45 1 0
github.com/heathcliff26/kube-upgrade/pkg/apis/kubeupgrade/v1alpha2/validation.go:29.45,31.5 1 0
github.com/heathcliff26/kube-upgrade/pkg/apis/kubeupgrade/v1alpha2/validation.go:34.3,34.107 1 0
github.com/heathcliff26/kube-upgrade/pkg/apis/kubeupgrade/v1alpha2/validation.go:34.107,36.4 1 0
github.com/heathcliff26/kube-upgrade/pkg/apis/kubeupgrade/v1alpha2/validation.go:37.3,38.17 2 0
github.com/heathcliff26/kube-upgrade/pkg/apis/kubeupgrade/v1alpha2/validation.go:38.17,40.4 1 0
github.com/heathcliff26/kube-upgrade/pkg/apis/kubeupgrade/v1alpha2/validation.go:42.3,42.28 1 0
github.com/heathcliff26/kube-upgrade/pkg/apis/kubeupgrade/v1alpha2/validation.go:42.28,44.18 2 0
github.com/heathcliff26/kube-upgrade/pkg/apis/kubeupgrade/v1alpha2/validation.go:44.18,46.5 1 0
github.com/heathcliff26/kube-upgrade/pkg/apis/kubeupgrade/v1alpha2/validation.go:50.2,51.16 2 0
github.com/heathcliff26/kube-upgrade/pkg/apis/kubeupgrade/v1alpha2/validation.go:51.16,53.3 1 0
github.com/heathcliff26/kube-upgrade/pkg/apis/kubeupgrade/v1alpha2/validation.go:54.2,54.38 1 0
github.com/heathcliff26/kube-upgrade/pkg/apis/kubeupgrade/v1alpha2/validation.go:54.38,56.3 1 0
github.com/heathcliff26/kube-upgrade/pkg/apis/kubeupgrade/v1alpha2/validation.go:58.2,58.12 1 0
github.com/heathcliff26/kube-upgrade/pkg/apis/kubeupgrade/v1alpha2/validation.go:61.62,62.22 1 0
github.com/heathcliff26/kube-upgrade/pkg/apis/kubeupgrade/v1alpha2/validation.go:62.22,64.17 2 0
github.com/heathcliff26/kube-upgrade/pkg/apis/kubeupgrade/v1alpha2/validation.go:64.17,66.4 1 0
github.com/heathcliff26/kube-upgrade/pkg/apis/kubeupgrade/v1alpha2/validation.go:69.2,69.28 1 0
github.com/heathcliff26/kube-upgrade/pkg/apis/kubeupgrade/v1alpha2/validation.go:69.28,71.17 2 0
github.com/heathcliff26/kube-upgrade/pkg/apis/kubeupgrade/v1alpha2/validation.go:71.17,73.4 1 0
github.com/heathcliff26/kube-upgrade/pkg/apis/kubeupgrade/v1alpha2/validation.go:76.2,76.29 1 0
github.com/heathcliff26/kube-upgrade/pkg/apis/kubeupgrade/v1alpha2/validation.go:76.29,78.17 2 0
github.com/heathcliff26/kube-upgrade/pkg/apis/kubeupgrade/v1alpha2/validation.go:78.17,80.4 1 0
github.com/heathcliff26/kube-upgrade/pkg/apis/kubeupgrade/v1alpha2/validation.go:83.2,83.29 1 0
github.com/heathcliff26/kube-upgrade/pkg/apis/kubeupgrade/v1alpha2/validation.go:83.29,85.17 2 0
github.com/heathcliff26/kube-upgrade/pkg/apis/kubeupgrade/v1alpha2/validation.go:85.17,87.4 1 0
github.com/heathcliff26/kube-upgrade/pkg/apis/kubeupgrade/v1alpha2/validation.go:90.2,90.12 1 0
github.com/heathcliff26/kube-upgrade/pkg/apis/kubeupgrade/v1alpha1/defaults.go:7.63,8.24 1 0
github.com/heathcliff26/kube-upgrade/pkg/apis/kubeupgrade/v1alpha1/defaults.go:8.24,10.3 1 0
github.com/heathcliff26/kube-upgrade/pkg/apis/kubeupgrade/v1alpha1/defaults.go:11.2,11.39 1 0
github.com/heathcliff26/kube-upgrade/pkg/apis/kubeupgrade/v1alpha1/defaults.go:11.39,12.26 1 0
github.com/heathcliff26/kube-upgrade/pkg/apis/kubeupgrade/v1alpha1/defaults.go:12.26,14.4 1 0
github.com/heathcliff26/kube-upgrade/pkg/apis/kubeupgrade/v1alpha1/defaults.go:15.3,15.28 1 0
github.com/heathcliff26/kube-upgrade/pkg/apis/kubeupgrade/v1alpha1/defaults.go:17.2,17.26 1 0
github.com/heathcliff26/kube-upgrade/pkg/apis/kubeupgrade/v1alpha1/defaults.go:17.26,19.3 1 0
github.com/heathcliff26/kube-upgrade/pkg/apis/kubeupgrade/v1alpha1/defaults.go:22.60,23.22 1 0
github.com/heathcliff26/kube-upgrade/pkg/apis/kubeupgrade/v1alpha1/defaults.go:23.22,25.3 1 0
github.com/heathcliff26/kube-upgrade/pkg/apis/kubeupgrade/v1alpha1/defaults.go:26.2,26.30 1 0
github.com/heathcliff26/kube-upgrade/pkg/apis/kubeupgrade/v1alpha1/defaults.go:26.30,28.3 1 0
github.com/heathcliff26/kube-upgrade/pkg/apis/kubeupgrade/v1alpha1/defaults.go:29.2,29.29 1 0
github.com/heathcliff26/kube-upgrade/pkg/apis/kubeupgrade/v1alpha1/defaults.go:29.29,31.3 1 0
github.com/heathcliff26/kube-upgrade/pkg/apis/kubeupgrade/v1alpha1/defaults.go:32.2,32.29 1 0
github.com/heathcliff26/kube-upgrade/pkg/apis/kubeupgrade/v1alpha1/defaults.go:32.29,34.3 1 0
github.com/heathcliff26/kube-upgrade/pkg/apis/kubeupgrade/v1alpha1/register.go:21.13,26.2 1 0
github.com/heathcliff26/kube-upgrade/pkg/apis/kubeupgrade/v1alpha1/register.go:29.53,31.2 1 0
github.com/heathcliff26/kube-upgrade/pkg/apis/kubeupgrade/v1alpha1/register.go:34.50,52.2 4 0
github.com/heathcliff26/kube-upgrade/pkg/apis/kubeupgrade/v1alpha1/validation.go:15.66,17.16 2 0
github.com/heathcliff26/kube-upgrade/pkg/apis/kubeupgrade/v1alpha1/validation.go:17.16,19.3 1 0
github.com/heathcliff26/kube-upgrade/pkg/apis/kubeupgrade/v1alpha1/validation.go:21.2,21.54 1 0
github.com/heathcliff26/kube-upgrade/pkg/apis/kubeupgrade/v1alpha1/validation.go:24.65,26.55 2 0
github.com/heathcliff26/kube-upgrade/pkg/apis/kubeupgrade/v1alpha1/validation.go:26.55,28.3 1 0
github.com/heathcliff26/kube-upgrade/pkg/apis/kubeupgrade/v1alpha1/validation.go:30.2,30.26 1 0
github.com/heathcliff26/kube-upgrade/pkg/apis/kubeupgrade/v1alpha1/validation.go:30.26,32.3 1 0
github.com/heathcliff26/kube-upgrade/pkg/apis/kubeupgrade/v1alpha1/validation.go:33.2,33.39 1 0
github.com/heathcliff26/kube-upgrade/pkg/apis/kubeupgrade/v1alpha1/validation.go:33.39,34.46 1 0
github.com/heathcliff26/kube-upgrade/pkg/apis/kubeupgrade/v1alpha1/validation.go:34.46,35.45 1 0
github.com/heathcliff26/kube-upgrade/pkg/apis/kubeupgrade/v1alpha1/validation.go:35.45,37.5 1 0
github.com/heathcliff26/kube-upgrade/pkg/apis/kubeupgrade/v1alpha1/validation.go:39.3,39.28 1 0
github.com/heathcliff26/kube-upgrade/pkg/apis/kubeupgrade/v1alpha1/validation.go:39.28,41.4 1 0
github.com/heathcliff26/kube-upgrade/pkg/apis/kubeupgrade/v1alpha1/validation.go:42.3,43.17 2 0
github.com/heathcliff26/kube-upgrade/pkg/apis/kubeupgrade/v1alpha1/validation.go:43.17,45.4 1 0
github.com/heathcliff26/kube-upgrade/pkg/apis/kubeupgrade/v1alpha1/validation.go:48.2,49.16 2 0
github.com/heathcliff26/kube-upgrade/pkg/apis/kubeupgrade/v1alpha1/validation.go:49.16,51.3 1 0
github.com/heathcliff26/kube-upgrade/pkg/apis/kubeupgrade/v1alpha1/validation.go:52.2,52.62 1 0
github.com/heathcliff26/kube-upgrade/pkg/apis/kubeupgrade/v1alpha1/validation.go:52.62,54.3 1 0
github.com/heathcliff26/kube-upgrade/pkg/apis/kubeupgrade/v1alpha1/validation.go:56.2,56.12 1 0
github.com/heathcliff26/kube-upgrade/pkg/apis/kubeupgrade/v1alpha1/validation.go:59.63,60.16 1 0
github.com/heathcliff26/kube-upgrade/pkg/apis/kubeupgrade/v1alpha1/validation.go:60.16,62.3 1 0
github.com/heathcliff26/kube-upgrade/pkg/apis/kubeupgrade/v1alpha1/validation.go:64.2,64.22 1 0
github.com/heathcliff26/kube-upgrade/pkg/apis/kubeupgrade/v1alpha1/validation.go:64.22,66.17 2 0
github.com/heathcliff26/kube-upgrade/pkg/apis/kubeupgrade/v1alpha1/validation.go:66.17,68.4 1 0
github.com/heathcliff26/kube-upgrade/pkg/apis/kubeupgrade/v1alpha1/validation.go:71.2,71.28 1 0
github.com/heathcliff26/kube-upgrade/pkg/apis/kubeupgrade/v1alpha1/validation.go:71.28,73.17 2 0
github.com/heathcliff26/kube-upgrade/pkg/apis/kubeupgrade/v1alpha1/validation.go:73.17,75.4 1 0
github.com/heathcliff26/kube-upgrade/pkg/apis/kubeupgrade/v1alpha1/validation.go:78.2,78.29 1 0
github.com/heathcliff26/kube-upgrade/pkg/apis/kubeupgrade/v1alpha1/validation.go:78.29,80.17 2 0
github.com/heathcliff26/kube-upgrade/pkg/apis/kubeupgrade/v1alpha1/validation.go:80.17,82.4 1 0
github.com/heathcliff26/kube-upgrade/pkg/apis/kubeupgrade/v1alpha1/validation.go:85.2,85.29 1 0
github.com/heathcliff26/kube-upgrade/pkg/apis/kubeupgrade/v1alpha1/validation.go:85.29,87.17 2 0
github.com/heathcliff26/kube-upgrade/pkg/apis/kubeupgrade/v1alpha1/validation.go:87.17,89.4 1 0
github.com/heathcliff26/kube-upgrade/pkg/apis/kubeupgrade/v1alpha1/validation.go:92.2,92.12 1 0
github.com/heathcliff26/kube-upgrade/pkg/apis/kubeupgrade/v1alpha1/validation.go:95.71,97.53 1 0
github.com/heathcliff26/kube-upgrade/pkg/apis/kubeupgrade/v1alpha1/validation.go:97.53,99.3 1 0
github.com/heathcliff26/kube-upgrade/pkg/apis/kubeupgrade/v1alpha1/validation.go:101.2,101.57 1 0
github.com/heathcliff26/kube-upgrade/pkg/apis/kubeupgrade/v1alpha1/validation.go:101.57,103.3 1 0
github.com/heathcliff26/kube-upgrade/pkg/apis/kubeupgrade/v1alpha1/validation.go:105.2,105.42 1 0
github.com/heathcliff26/kube-upgrade/pkg/apis/kubeupgrade/v1alpha1/validation.go:105.42,106.49 1 0
github.com/heathcliff26/kube-upgrade/pkg/apis/kubeupgrade/v1alpha1/validation.go:106.49,108.4 1 0
github.com/heathcliff26/kube-upgrade/pkg/apis/kubeupgrade/v1alpha1/validation.go:111.2,111.12 1 0
github.com/heathcliff26/kube-upgrade/pkg/apis/kubeupgrade/v1alpha1/defaults.go:7.63,8.24 1 0
github.com/heathcliff26/kube-upgrade/pkg/apis/kubeupgrade/v1alpha1/defaults.go:8.24,10.3 1 0
github.com/heathcliff26/kube-upgrade/pkg/apis/kubeupgrade/v1alpha1/defaults.go:11.2,11.39 1 0
github.com/heathcliff26/kube-upgrade/pkg/apis/kubeupgrade/v1alpha1/defaults.go:11.39,12.26 1 0
github.com/heathcliff26/kube-upgrade/pkg/apis/kubeupgrade/v1alpha1/defaults.go:12.26,14.4 1 0
github.com/heathcliff26/kube-upgrade/pkg/apis/kubeupgrade/v1alpha1/defaults.go:15.3,15.28 1 0
github.com/heathcliff26/kube-upgrade/pkg/apis/kubeupgrade/v1alpha1/defaults.go:17.2,17.26 1 0
github.com/heathcliff26/kube-upgrade/pkg/apis/kubeupgrade/v1alpha1/defaults.go:17.26,19.3 1 0
github.com/heathcliff26/kube-upgrade/pkg/apis/kubeupgrade/v1alpha1/defaults.go:22.60,23.22 1 0
github.com/heathcliff26/kube-upgrade/pkg/apis/kubeupgrade/v1alpha1/defaults.go:23.22,25.3 1 0
github.com/heathcliff26/kube-upgrade/pkg/apis/kubeupgrade/v1alpha1/defaults.go:26.2,26.30 1 0
github.com/heathcliff26/kube-upgrade/pkg/apis/kubeupgrade/v1alpha1/defaults.go:26.30,28.3 1 0
github.com/heathcliff26/kube-upgrade/pkg/apis/kubeupgrade/v1alpha1/defaults.go:29.2,29.29 1 0
github.com/heathcliff26/kube-upgrade/pkg/apis/kubeupgrade/v1alpha1/defaults.go:29.29,31.3 1 0
github.com/heathcliff26/kube-upgrade/pkg/apis/kubeupgrade/v1alpha1/defaults.go:32.2,32.29 1 0
github.com/heathcliff26/kube-upgrade/pkg/apis/kubeupgrade/v1alpha1/defaults.go:32.29,34.3 1 0
github.com/heathcliff26/kube-upgrade/pkg/apis/kubeupgrade/v1alpha1/register.go:21.13,26.2 1 1
github.com/heathcliff26/kube-upgrade/pkg/apis/kubeupgrade/v1alpha1/register.go:29.53,31.2 1 0
github.com/heathcliff26/kube-upgrade/pkg/apis/kubeupgrade/v1alpha1/register.go:34.50,52.2 4 1
github.com/heathcliff26/kube-upgrade/pkg/apis/kubeupgrade/v1alpha1/validation.go:15.66,17.16 2 0
github.com/heathcliff26/kube-upgrade/pkg/apis/kubeupgrade/v1alpha1/validation.go:17.16,19.3 1 0
github.com/heathcliff26/kube-upgrade/pkg/apis/kubeupgrade/v1alpha1/validation.go:21.2,21.54 1 0
github.com/heathcliff26/kube-upgrade/pkg/apis/kubeupgrade/v1alpha1/validation.go:24.65,26.55 2 0
github.com/heathcliff26/kube-upgrade/pkg/apis/kubeupgrade/v1alpha1/validation.go:26.55,28.3 1 0
github.com/heathcliff26/kube-upgrade/pkg/apis/kubeupgrade/v1alpha1/validation.go:30.2,30.26 1 0
github.com/heathcliff26/kube-upgrade/pkg/apis/kubeupgrade/v1alpha1/validation.go:30.26,32.3 1 0
github.com/heathcliff26/kube-upgrade/pkg/apis/kubeupgrade/v1alpha1/validation.go:33.2,33.39 1 0
github.com/heathcliff26/kube-upgrade/pkg/apis/kubeupgrade/v1alpha1/validation.go:33.39,34.46 1 0
github.com/heathcliff26/kube-upgrade/pkg/apis/kubeupgrade/v1alpha1/validation.go:34.46,35.45 1 0
github.com/heathcliff26/kube-upgrade/pkg/apis/kubeupgrade/v1alpha1/validation.go:35.45,37.5 1 0
github.com/heathcliff26/kube-upgrade/pkg/apis/kubeupgrade/v1alpha1/validation.go:39.3,39.28 1 0
github.com/heathcliff26/kube-upgrade/pkg/apis/kubeupgrade/v1alpha1/validation.go:39.28,41.4 1 0
github.com/heathcliff26/kube-upgrade/pkg/apis/kubeupgrade/v1alpha1/validation.go:42.3,43.17 2 0
github.com/heathcliff26/kube-upgrade/pkg/apis/kubeupgrade/v1alpha1/validation.go:43.17,45.4 1 0
github.com/heathcliff26/kube-upgrade/pkg/apis/kubeupgrade/v1alpha1/validation.go:48.2,49.16 2 0
github.com/heathcliff26/kube-upgrade/pkg/apis/kubeupgrade/v1alpha1/validation.go:49.16,51.3 1 0
github.com/heathcliff26/kube-upgrade/pkg/apis/kubeupgrade/v1alpha1/validation.go:52.2,52.62 1 0
github.com/heathcliff26/kube-upgrade/pkg/apis/kubeupgrade/v1alpha1/validation.go:52.62,54.3 1 0
github.com/heathcliff26/kube-upgrade/pkg/apis/kubeupgrade/v1alpha1/validation.go:56.2,56.12 1 0
github.com/heathcliff26/kube-upgrade/pkg/apis/kubeupgrade/v1alpha1/validation.go:59.63,60.16 1 0
github.com/heathcliff26/kube-upgrade/pkg/apis/kubeupgrade/v1alpha1/validation.go:60.16,62.3 1 0
github.com/heathcliff26/kube-upgrade/pkg/apis/kubeupgrade/v1alpha1/validation.go:64.2,64.22 1 0
github.com/heathcliff26/kube-upgrade/pkg/apis/kubeupgrade/v1alpha1/validation.go:64.22,66.17 2 0
github.com/heathcliff26/kube-upgrade/pkg/apis/kubeupgrade/v1alpha1/validation.go:66.17,68.4 1 0
github.com/heathcliff26/kube-upgrade/pkg/apis/kubeupgrade/v1alpha1/validation.go:71.2,71.28 1 0
github.com/heathcliff26/kube-upgrade/pkg/apis/kubeupgrade/v1alpha1/validation.go:71.28,73.17 2 0
github.com/heathcliff26/kube-upgrade/pkg/apis/kubeupgrade/v1alpha1/validation.go:73.17,75.4 1 0
github.com/heathcliff26/kube-upgrade/pkg/apis/kubeupgrade/v1alpha1/validation.go:78.2,78.29 1 0
github.com/heathcliff26/kube-upgrade/pkg/apis/kubeupgrade/v1alpha1/validation.go:78.29,80.17 2 0
github.com/heathcliff26/kube-upgrade/pkg/apis/kubeupgrade/v1alpha1/validation.go:80.17,82.4 1 0
github.com/heathcliff26/kube-upgrade/pkg/apis/kubeupgrade/v1alpha1/validation.go:85.2,85.29 1 0
github.com/heathcliff26/kube-upgrade/pkg/apis/kubeupgrade/v1alpha1/validation.go:85.29,87.17 2 0
github.com/heathcliff26/kube-upgrade/pkg/apis/kubeupgrade/v1alpha1/validation.go:87.17,89.4 1 0
github.com/heathcliff26/kube-upgrade/pkg/apis/kubeupgrade/v1alpha1/validation.go:92.2,92.12 1 0
github.com/heathcliff26/kube-upgrade/pkg/apis/kubeupgrade/v1alpha1/validation.go:95.71,97.53 1 0
github.com/heathcliff26/kube-upgrade/pkg/apis/kubeupgrade/v1alpha1/validation.go:97.53,99.3 1 0
github.com/heathcliff26/kube-upgrade/pkg/apis/kubeupgrade/v1alpha1/validation.go:101.2,101.57 1 0
github.com/heathcliff26/kube-upgrade/pkg/apis/kubeupgrade/v1alpha1/validation.go:101.57,103.3 1 0
github.com/heathcliff26/kube-upgrade/pkg/apis/kubeupgrade/v1alpha1/validation.go:105.2,105.42 1 0
github.com/heathcliff26/kube-upgrade/pkg/apis/kubeupgrade/v1alpha1/validation.go:105.42,106.49 1 0
github.com/heathcliff26/kube-upgrade/pkg/apis/kubeupgrade/v1alpha1/validation.go:106.49,108.4 1 0
github.com/heathcliff26/kube-upgrade/pkg/apis/kubeupgrade/v1alpha1/validation.go:111.2,111.12 1 0
github.com/heathcliff26/kube-upgrade/pkg/apis/kubeupgrade/v1alpha2/defaults.go:13.63,14.24 1 0
github.com/heathcliff26/kube-upgrade/pkg/apis/kubeupgrade/v1alpha2/defaults.go:14.24,16.3 1 0
github.com/heathcliff26/kube-upgrade/pkg/apis/kubeupgrade/v1alpha2/defaults.go:17.2,17.39 1 0
github.com/heathcliff26/kube-upgrade/pkg/apis/kubeupgrade/v1alpha2/defaults.go:17.39,18.26 1 0
github.com/heathcliff26/kube-upgrade/pkg/apis/kubeupgrade/v1alpha2/defaults.go:18.26,20.4 1 0
github.com/heathcliff26/kube-upgrade/pkg/apis/kubeupgrade/v1alpha2/defaults.go:21.3,21.28 1 0
github.com/heathcliff26/kube-upgrade/pkg/apis/kubeupgrade/v1alpha2/defaults.go:23.2,23.50 1 0
github.com/heathcliff26/kube-upgrade/pkg/apis/kubeupgrade/v1alpha2/defaults.go:26.60,27.22 1 0
github.com/heathcliff26/kube-upgrade/pkg/apis/kubeupgrade/v1alpha2/defaults.go:27.22,29.3 1 0
github.com/heathcliff26/kube-upgrade/pkg/apis/kubeupgrade/v1alpha2/defaults.go:30.2,30.30 1 0
github.com/heathcliff26/kube-upgrade/pkg/apis/kubeupgrade/v1alpha2/defaults.go:30.30,32.3 1 0
github.com/heathcliff26/kube-upgrade/pkg/apis/kubeupgrade/v1alpha2/defaults.go:33.2,33.29 1 0
github.com/heathcliff26/kube-upgrade/pkg/apis/kubeupgrade/v1alpha2/defaults.go:33.29,35.3 1 0
github.com/heathcliff26/kube-upgrade/pkg/apis/kubeupgrade/v1alpha2/defaults.go:36.2,36.29 1 0
github.com/heathcliff26/kube-upgrade/pkg/apis/kubeupgrade/v1alpha2/defaults.go:36.29,38.3 1 0
github.com/heathcliff26/kube-upgrade/pkg/apis/kubeupgrade/v1alpha2/register.go:21.13,26.2 1 1
github.com/heathcliff26/kube-upgrade/pkg/apis/kubeupgrade/v1alpha2/register.go:29.53,31.2 1 0
github.com/heathcliff26/kube-upgrade/pkg/apis/kubeupgrade/v1alpha2/register.go:34.50,52.2 4 1
github.com/heathcliff26/kube-upgrade/pkg/apis/kubeupgrade/v1alpha2/validation.go:12.66,14.2 1 0
github.com/heathcliff26/kube-upgrade/pkg/apis/kubeupgrade/v1alpha2/validation.go:16.65,17.45 1 0
github.com/heathcliff26/kube-upgrade/pkg/apis/kubeupgrade/v1alpha2/validation.go:17.45,19.3 1 0
github.com/heathcliff26/kube-upgrade/pkg/apis/kubeupgrade/v1alpha2/validation.go:20.2,20.123 1 0
github.com/heathcliff26/kube-upgrade/pkg/apis/kubeupgrade/v1alpha2/validation.go:20.123,22.3 1 0
github.com/heathcliff26/kube-upgrade/pkg/apis/kubeupgrade/v1alpha2/validation.go:24.2,24.26 1 0
github.com/heathcliff26/kube-upgrade/pkg/apis/kubeupgrade/v1alpha2/validation.go:24.26,26.3 1 0
github.com/heathcliff26/kube-upgrade/pkg/apis/kubeupgrade/v1alpha2/validation.go:27.2,27.39 1 0
github.com/heathcliff26/kube-upgrade/pkg/apis/kubeupgrade/v1alpha2/validation.go:27.39,28.46 1 0
github.com/heathcliff26/kube-upgrade/pkg/apis/kubeupgrade/v1alpha2/validation.go:28.46,29.45 1 0
github.com/heathcliff26/kube-upgrade/pkg/apis/kubeupgrade/v1alpha2/validation.go:29.45,31.5 1 0
github.com/heathcliff26/kube-upgrade/pkg/apis/kubeupgrade/v1alpha2/validation.go:34.3,34.107 1 0
github.com/heathcliff26/kube-upgrade/pkg/apis/kubeupgrade/v1alpha2/validation.go:34.107,36.4 1 0
github.com/heathcliff26/kube-upgrade/pkg/apis/kubeupgrade/v1alpha2/validation.go:37.3,38.17 2 0
github.com/heathcliff26/kube-upgrade/pkg/apis/kubeupgrade/v1alpha2/validation.go:38.17,40.4 1 0
github.com/heathcliff26/kube-upgrade/pkg/apis/kubeupgrade/v1alpha2/validation.go:42.3,42.28 1 0
github.com/heathcliff26/kube-upgrade/pkg/apis/kubeupgrade/v1alpha2/validation.go:42.28,44.18 2 0
github.com/heathcliff26/kube-upgrade/pkg/apis/kubeupgrade/v1alpha2/validation.go:44.18,46.5 1 0
github.com/heathcliff26/kube-upgrade/pkg/apis/kubeupgrade/v1alpha2/validation.go:50.2,51.16 2 0
github.com/heathcliff26/kube-upgrade/pkg/apis/kubeupgrade/v1alpha2/validation.go:51.16,53.3 1 0
github.com/heathcliff26/kube-upgrade/pkg/apis/kubeupgrade/v1alpha2/validation.go:54.2,54.38 1 0
github.com/heathcliff26/kube-upgrade/pkg/apis/kubeupgrade/v1alpha2/validation.go:54.38,56.3 1 0
github.com/heathcliff26/kube-upgrade/pkg/apis/kubeupgrade/v1alpha2/validation.go:58.2,58.12 1 0
github.com/heathcliff26/kube-upgrade/pkg/apis/kubeupgrade/v1alpha2/validation.go:61.62,62.22 1 0
github.com/heathcliff26/kube-upgrade/pkg/apis/kubeupgrade/v1alpha2/validation.go:62.22,64.17 2 0
github.com/heathcliff26/kube-upgrade/pkg/apis/kubeupgrade/v1alpha2/validation.go:64.17,66.4 1 0
github.com/heathcliff26/kube-upgrade/pkg/apis/kubeupgrade/v1alpha2/validation.go:69.2,69.28 1 0
github.com/heathcliff26/kube-upgrade/pkg/apis/kubeupgrade/v1alpha2/validation.go:69.28,71.17 2 0
github.com/heathcliff26/kube-upgrade/pkg/apis/kubeupgrade/v1alpha2/validation.go:71.17,73.4 1 0
github.com/heathcliff26/kube-upgrade/pkg/apis/kubeupgrade/v1alpha2/validation.go:76.2,76.29 1 0
github.com/heathcliff26/kube-upgrade/pkg/apis/kubeupgrade/v1alpha2/validation.go:76.29,78.17 2 0
github.com/heathcliff26/kube-upgrade/pkg/apis/kubeupgrade/v1alpha2/validation.go:78.17,80.4 1 0
github.com/heathcliff26/kube-upgrade/pkg/apis/kubeupgrade/v1alpha2/validation.go:83.2,83.29 1 0
github.com/heathcliff26/kube-upgrade/pkg/apis/kubeupgrade/v1alpha2/validation.go:83.29,85.17 2 0
github.com/heathcliff26/kube-upgrade/pkg/apis/kubeupgrade/v1alpha2/validation.go:85.17,87.4 1 0
github.com/heathcliff26/kube-upgrade/pkg/apis/kubeupgrade/v1alpha2/validation.go:90.2,90.12 1 0
github.com/heathcliff26/kube-upgrade/pkg/upgrade-controller/root.go:13.16,16.16 3 0
github.com/heathcliff26/kube-upgrade/pkg/upgrade-controller/root.go:16.16,18.3 1 0
github.com/heathcliff26/kube-upgrade/pkg/upgrade-controller/root.go:21.44,23.32 1 1
github.com/heathcliff26/kube-upgrade/pkg/upgrade-controller/root.go:23.32,25.4 1 0
github.com/heathcliff26/kube-upgrade/pkg/upgrade-controller/root.go:28.2,31.52 1 1
github.com/heathcliff26/kube-upgrade/pkg/upgrade-controller/root.go:31.52,34.4 2 0
github.com/heathcliff26/kube-upgrade/pkg/upgrade-controller/root.go:37.2,41.16 2 1
github.com/heathcliff26/kube-upgrade/pkg/upgrade-controller/root.go:44.12,46.16 2 0
github.com/heathcliff26/kube-upgrade/pkg/upgrade-controller/root.go:46.16,48.3 1 0
github.com/heathcliff26/kube-upgrade/pkg/upgrade-controller/root.go:49.2,50.16 2 0
github.com/heathcliff26/kube-upgrade/pkg/upgrade-controller/root.go:50.16,52.3 1 0
github.com/heathcliff26/kube-upgrade/pkg/upgrade-controller/controller/config.go:14.92,15.18 1 0
github.com/heathcliff26/kube-upgrade/pkg/upgrade-controller/controller/config.go:15.18,17.3 1 0
github.com/heathcliff26/kube-upgrade/pkg/upgrade-controller/controller/config.go:18.2,20.24 2 0
github.com/heathcliff26/kube-upgrade/pkg/upgrade-controller/controller/config.go:20.24,22.3 1 0
github.com/heathcliff26/kube-upgrade/pkg/upgrade-controller/controller/config.go:23.2,23.30 1 0
github.com/heathcliff26/kube-upgrade/pkg/upgrade-controller/controller/config.go:23.30,25.3 1 0
github.com/heathcliff26/kube-upgrade/pkg/upgrade-controller/controller/config.go:26.2,26.32 1 0
github.com/heathcliff26/kube-upgrade/pkg/upgrade-controller/controller/config.go:26.32,28.3 1 0
github.com/heathcliff26/kube-upgrade/pkg/upgrade-controller/controller/config.go:29.2,29.31 1 0
github.com/heathcliff26/kube-upgrade/pkg/upgrade-controller/controller/config.go:29.31,31.3 1 0
github.com/heathcliff26/kube-upgrade/pkg/upgrade-controller/controller/config.go:32.2,32.31 1 0
github.com/heathcliff26/kube-upgrade/pkg/upgrade-controller/controller/config.go:32.31,34.3 1 0
github.com/heathcliff26/kube-upgrade/pkg/upgrade-controller/controller/config.go:36.2,36.37 1 0
github.com/heathcliff26/kube-upgrade/pkg/upgrade-controller/controller/config.go:40.72,43.22 2 0
github.com/heathcliff26/kube-upgrade/pkg/upgrade-controller/controller/config.go:43.22,45.3 1 0
github.com/heathcliff26/kube-upgrade/pkg/upgrade-controller/controller/config.go:46.2,46.28 1 0
github.com/heathcliff26/kube-upgrade/pkg/upgrade-controller/controller/config.go:46.28,48.3 1 0
github.com/heathcliff26/kube-upgrade/pkg/upgrade-controller/controller/config.go:49.2,49.30 1 0
github.com/heathcliff26/kube-upgrade/pkg/upgrade-controller/controller/config.go:49.30,51.3 1 0
github.com/heathcliff26/kube-upgrade/pkg/upgrade-controller/controller/config.go:52.2,52.29 1 0
github.com/heathcliff26/kube-upgrade/pkg/upgrade-controller/controller/config.go:52.29,54.3 1 0
github.com/heathcliff26/kube-upgrade/pkg/upgrade-controller/controller/config.go:55.2,55.29 1 0
github.com/heathcliff26/kube-upgrade/pkg/upgrade-controller/controller/config.go:55.29,57.3 1 0
github.com/heathcliff26/kube-upgrade/pkg/upgrade-controller/controller/config.go:59.2,59.12 1 0
github.com/heathcliff26/kube-upgrade/pkg/upgrade-controller/controller/config.go:65.88,69.29 3 0
github.com/heathcliff26/kube-upgrade/pkg/upgrade-controller/controller/config.go:69.29,70.51 1 0
github.com/heathcliff26/kube-upgrade/pkg/upgrade-controller/controller/config.go:70.51,72.4 1 0
github.com/heathcliff26/kube-upgrade/pkg/upgrade-controller/controller/config.go:75.2,76.50 2 0
github.com/heathcliff26/kube-upgrade/pkg/upgrade-controller/controller/controller.go:26.13,28.2 1 1
github.com/heathcliff26/kube-upgrade/pkg/upgrade-controller/controller/controller.go:41.54,43.16 2 0
github.com/heathcliff26/kube-upgrade/pkg/upgrade-controller/controller/controller.go:43.16,45.3 1 0
github.com/heathcliff26/kube-upgrade/pkg/upgrade-controller/controller/controller.go:46.2,47.16 2 0
github.com/heathcliff26/kube-upgrade/pkg/upgrade-controller/controller/controller.go:47.16,49.3 1 0
github.com/heathcliff26/kube-upgrade/pkg/upgrade-controller/controller/controller.go:51.2,52.16 2 0
github.com/heathcliff26/kube-upgrade/pkg/upgrade-controller/controller/controller.go:52.16,54.3 1 0
github.com/heathcliff26/kube-upgrade/pkg/upgrade-controller/controller/controller.go:56.2,67.16 2 0
github.com/heathcliff26/kube-upgrade/pkg/upgrade-controller/controller/controller.go:67.16,69.3 1 0
github.com/heathcliff26/kube-upgrade/pkg/upgrade-controller/controller/controller.go:70.2,71.16 2 0
github.com/heathcliff26/kube-upgrade/pkg/upgrade-controller/controller/controller.go:71.16,73.3 1 0
github.com/heathcliff26/kube-upgrade/pkg/upgrade-controller/controller/controller.go:74.2,75.16 2 0
github.com/heathcliff26/kube-upgrade/pkg/upgrade-controller/controller/controller.go:75.16,77.3 1 0
github.com/heathcliff26/kube-upgrade/pkg/upgrade-controller/controller/controller.go:79.2,83.8 1 0
github.com/heathcliff26/kube-upgrade/pkg/upgrade-controller/controller/controller.go:86.34,88.16 2 0
github.com/heathcliff26/kube-upgrade/pkg/upgrade-controller/controller/controller.go:88.16,90.3 1 0
github.com/heathcliff26/kube-upgrade/pkg/upgrade-controller/controller/controller.go:92.2,97.16 2 0
github.com/heathcliff26/kube-upgrade/pkg/upgrade-controller/controller/controller.go:97.16,99.3 1 0
github.com/heathcliff26/kube-upgrade/pkg/upgrade-controller/controller/controller.go:101.2,101.54 1 0
github.com/heathcliff26/kube-upgrade/pkg/upgrade-controller/controller/controller.go:104.92,109.16 4 0
github.com/heathcliff26/kube-upgrade/pkg/upgrade-controller/controller/controller.go:109.16,112.3 2 0
github.com/heathcliff26/kube-upgrade/pkg/upgrade-controller/controller/controller.go:114.2,115.16 2 0
github.com/heathcliff26/kube-upgrade/pkg/upgrade-controller/controller/controller.go:115.16,117.3 1 0
github.com/heathcliff26/kube-upgrade/pkg/upgrade-controller/controller/controller.go:119.2,120.16 2 0
github.com/heathcliff26/kube-upgrade/pkg/upgrade-controller/controller/controller.go:120.16,123.3 2 0
github.com/heathcliff26/kube-upgrade/pkg/upgrade-controller/controller/controller.go:125.2,128.8 1 0
github.com/heathcliff26/kube-upgrade/pkg/upgrade-controller/controller/controller.go:131.106,132.31 1 0
github.com/heathcliff26/kube-upgrade/pkg/upgrade-controller/controller/controller.go:132.31,134.3 1 0
github.com/heathcliff26/kube-upgrade/pkg/upgrade-controller/controller/controller.go:136.2,139.42 3 0
github.com/heathcliff26/kube-upgrade/pkg/upgrade-controller/controller/controller.go:139.42,143.17 3 0
github.com/heathcliff26/kube-upgrade/pkg/upgrade-controller/controller/controller.go:143.17,146.4 2 0
github.com/heathcliff26/kube-upgrade/pkg/upgrade-controller/controller/controller.go:148.3,151.17 2 0
github.com/heathcliff26/kube-upgrade/pkg/upgrade-controller/controller/controller.go:151.17,154.4 2 0
github.com/heathcliff26/kube-upgrade/pkg/upgrade-controller/controller/controller.go:156.3,157.17 2 0
github.com/heathcliff26/kube-upgrade/pkg/upgrade-controller/controller/controller.go:157.17,160.4 2 0
github.com/heathcliff26/kube-upgrade/pkg/upgrade-controller/controller/controller.go:162.3,164.13 2 0
github.com/heathcliff26/kube-upgrade/pkg/upgrade-controller/controller/controller.go:164.13,166.4 1 0
github.com/heathcliff26/kube-upgrade/pkg/upgrade-controller/controller/controller.go:166.9,166.62 1 0
github.com/heathcliff26/kube-upgrade/pkg/upgrade-controller/controller/controller.go:166.62,168.4 1 0
github.com/heathcliff26/kube-upgrade/pkg/upgrade-controller/controller/controller.go:171.2,171.41 1 0
github.com/heathcliff26/kube-upgrade/pkg/upgrade-controller/controller/controller.go:171.41,172.79 1 0
github.com/heathcliff26/kube-upgrade/pkg/upgrade-controller/controller/controller.go:172.79,175.12 3 0
github.com/heathcliff26/kube-upgrade/pkg/upgrade-controller/controller/controller.go:176.9,176.62 1 0
github.com/heathcliff26/kube-upgrade/pkg/upgrade-controller/controller/controller.go:176.62,178.4 1 0
github.com/heathcliff26/kube-upgrade/pkg/upgrade-controller/controller/controller.go:180.3,180.30 1 0
github.com/heathcliff26/kube-upgrade/pkg/upgrade-controller/controller/controller.go:180.30,182.18 2 0
github.com/heathcliff26/kube-upgrade/pkg/upgrade-controller/controller/controller.go:182.18,184.5 1 0
github.com/heathcliff26/kube-upgrade/pkg/upgrade-controller/controller/controller.go:188.2,191.12 3 0
github.com/heathcliff26/kube-upgrade/pkg/upgrade-controller/controller/controller.go:194.165,195.21 1 0
github.com/heathcliff26/kube-upgrade/pkg/upgrade-controller/controller/controller.go:195.21,197.3 1 0
github.com/heathcliff26/kube-upgrade/pkg/upgrade-controller/controller/controller.go:199.2,203.23 4 0
github.com/heathcliff26/kube-upgrade/pkg/upgrade-controller/controller/controller.go:203.23,204.34 1 0
github.com/heathcliff26/kube-upgrade/pkg/upgrade-controller/controller/controller.go:204.34,206.4 1 0
github.com/heathcliff26/kube-upgrade/pkg/upgrade-controller/controller/controller.go:208.3,208.67 1 0
github.com/heathcliff26/kube-upgrade/pkg/upgrade-controller/controller/controller.go:208.67,210.4 1 0
github.com/heathcliff26/kube-upgrade/pkg/upgrade-controller/controller/controller.go:212.3,212.93 1 0
github.com/heathcliff26/kube-upgrade/pkg/upgrade-controller/controller/controller.go:212.93,214.4 1 0
github.com/heathcliff26/kube-upgrade/pkg/upgrade-controller/controller/controller.go:216.3,216.75 1 0
github.com/heathcliff26/kube-upgrade/pkg/upgrade-controller/controller/controller.go:216.75,217.97 1 0
github.com/heathcliff26/kube-upgrade/pkg/upgrade-controller/controller/controller.go:217.97,219.5 1 0
github.com/heathcliff26/kube-upgrade/pkg/upgrade-controller/controller/controller.go:219.10,219.100 1 0
github.com/heathcliff26/kube-upgrade/pkg/upgrade-controller/controller/controller.go:219.100,221.5 1 0
github.com/heathcliff26/kube-upgrade/pkg/upgrade-controller/controller/controller.go:222.4,222.12 1 0
github.com/heathcliff26/kube-upgrade/pkg/upgrade-controller/controller/controller.go:225.3,228.20 3 0
github.com/heathcliff26/kube-upgrade/pkg/upgrade-controller/controller/controller.go:231.2,232.25 2 0
github.com/heathcliff26/kube-upgrade/pkg/upgrade-controller/controller/controller.go:232.25,234.3 1 0
github.com/heathcliff26/kube-upgrade/pkg/upgrade-controller/controller/controller.go:234.8,234.36 1 0
github.com/heathcliff26/kube-upgrade/pkg/upgrade-controller/controller/controller.go:234.36,236.3 1 0
github.com/heathcliff26/kube-upgrade/pkg/upgrade-controller/controller/controller.go:236.8,238.3 1 0
github.com/heathcliff26/kube-upgrade/pkg/upgrade-controller/controller/controller.go:239.2,239.39 1 0
github.com/heathcliff26/kube-upgrade/pkg/upgrade-controller/controller/errors.go:10.57,15.2 1 0
github.com/heathcliff26/kube-upgrade/pkg/upgrade-controller/controller/errors.go:17.44,19.2 1 0
github.com/heathcliff26/kube-upgrade/pkg/upgrade-controller/controller/mutatingwebhook.go:17.79,19.9 2 0
github.com/heathcliff26/kube-upgrade/pkg/upgrade-controller/controller/mutatingwebhook.go:19.9,21.3 1 0
github.com/heathcliff26/kube-upgrade/pkg/upgrade-controller/controller/mutatingwebhook.go:23.2,25.12 2 0
github.com/heathcliff26/kube-upgrade/pkg/upgrade-controller/controller/utils.go:17.37,19.16 2 0
github.com/heathcliff26/kube-upgrade/pkg/upgrade-controller/controller/utils.go:19.16,20.38 1 0
github.com/heathcliff26/kube-upgrade/pkg/upgrade-controller/controller/utils.go:20.38,22.4 1 0
github.com/heathcliff26/kube-upgrade/pkg/upgrade-controller/controller/utils.go:22.9,24.4 1 0
github.com/heathcliff26/kube-upgrade/pkg/upgrade-controller/controller/utils.go:27.2,28.18 2 0
github.com/heathcliff26/kube-upgrade/pkg/upgrade-controller/controller/utils.go:28.18,30.3 1 0
github.com/heathcliff26/kube-upgrade/pkg/upgrade-controller/controller/utils.go:31.2,31.16 1 0
github.com/heathcliff26/kube-upgrade/pkg/upgrade-controller/controller/utils.go:35.29,37.2 1 0
github.com/heathcliff26/kube-upgrade/pkg/upgrade-controller/controller/utils.go:40.75,41.25 1 0
github.com/heathcliff26/kube-upgrade/pkg/upgrade-controller/controller/utils.go:41.25,42.42 1 0
github.com/heathcliff26/kube-upgrade/pkg/upgrade-controller/controller/utils.go:42.42,44.4 1 0
github.com/heathcliff26/kube-upgrade/pkg/upgrade-controller/controller/utils.go:46.2,46.14 1 0
github.com/heathcliff26/kube-upgrade/pkg/upgrade-controller/controller/utils.go:50.59,51.22 1 0
github.com/heathcliff26/kube-upgrade/pkg/upgrade-controller/controller/utils.go:51.22,53.3 1 0
github.com/heathcliff26/kube-upgrade/pkg/upgrade-controller/controller/utils.go:54.2,59.31 5 0
github.com/heathcliff26/kube-upgrade/pkg/upgrade-controller/controller/utils.go:59.31,60.10 1 0
github.com/heathcliff26/kube-upgrade/pkg/upgrade-controller/controller/utils.go:61.36,61.36 0 0
github.com/heathcliff26/kube-upgrade/pkg/upgrade-controller/controller/utils.go:62.56,63.44 1 0
github.com/heathcliff26/kube-upgrade/pkg/upgrade-controller/controller/utils.go:64.35,65.18 1 0
github.com/heathcliff26/kube-upgrade/pkg/upgrade-controller/controller/utils.go:66.50,67.44 1 0
github.com/heathcliff26/kube-upgrade/pkg/upgrade-controller/controller/utils.go:68.11,69.18 1 0
github.com/heathcliff26/kube-upgrade/pkg/upgrade-controller/controller/utils.go:73.2,73.13 1 0
github.com/heathcliff26/kube-upgrade/pkg/upgrade-controller/controller/utils.go:73.13,75.3 1 0
github.com/heathcliff26/kube-upgrade/pkg/upgrade-controller/controller/utils.go:75.8,75.33 1 0
github.com/heathcliff26/kube-upgrade/pkg/upgrade-controller/controller/utils.go:75.33,77.3 1 0
github.com/heathcliff26/kube-upgrade/pkg/upgrade-controller/controller/utils.go:77.8,77.33 1 0
github.com/heathcliff26/kube-upgrade/pkg/upgrade-controller/controller/utils.go:77.33,79.3 1 0
github.com/heathcliff26/kube-upgrade/pkg/upgrade-controller/controller/utils.go:79.8,79.20 1 0
github.com/heathcliff26/kube-upgrade/pkg/upgrade-controller/controller/utils.go:79.20,81.3 1 0
github.com/heathcliff26/kube-upgrade/pkg/upgrade-controller/controller/utils.go:81.8,83.3 1 0
github.com/heathcliff26/kube-upgrade/pkg/upgrade-controller/controller/validatingwebhook.go:18.85,20.9 2 0
github.com/heathcliff26/kube-upgrade/pkg/upgrade-controller/controller/validatingwebhook.go:20.9,22.3 1 0
github.com/heathcliff26/kube-upgrade/pkg/upgrade-controller/controller/validatingwebhook.go:24.2,25.16 2 0
github.com/heathcliff26/kube-upgrade/pkg/upgrade-controller/controller/validatingwebhook.go:25.16,27.3 1 0
github.com/heathcliff26/kube-upgrade/pkg/upgrade-controller/controller/validatingwebhook.go:29.2,29.17 1 0
github.com/heathcliff26/kube-upgrade/pkg/upgrade-controller/controller/validatingwebhook.go:35.112,37.2 1 0
github.com/heathcliff26/kube-upgrade/pkg/upgrade-controller/controller/validatingwebhook.go:42.133,44.2 1 0
github.com/heathcliff26/kube-upgrade/pkg/upgrade-controller/controller/validatingwebhook.go:49.108,51.2 1 0
github.com/heathcliff26/kube-upgrade/pkg/upgraded/root.go:17.16,20.16 3 0
github.com/heathcliff26/kube-upgrade/pkg/upgraded/root.go:20.16,23.3 2 0
github.com/heathcliff26/kube-upgrade/pkg/upgraded/root.go:26.35,28.32 1 0
github.com/heathcliff26/kube-upgrade/pkg/upgraded/root.go:28.32,30.4 1 0
github.com/heathcliff26/kube-upgrade/pkg/upgraded/root.go:33.2,36.45 1 0
github.com/heathcliff26/kube-upgrade/pkg/upgraded/root.go:36.45,38.18 2 0
github.com/heathcliff26/kube-upgrade/pkg/upgraded/root.go:38.18,41.5 2 0
github.com/heathcliff26/kube-upgrade/pkg/upgraded/root.go:43.4,43.12 1 0
github.com/heathcliff26/kube-upgrade/pkg/upgraded/root.go:47.2,52.16 3 0
github.com/heathcliff26/kube-upgrade/pkg/upgraded/root.go:55.26,57.16 2 0
github.com/heathcliff26/kube-upgrade/pkg/upgraded/root.go:57.16,60.3 2 0
github.com/heathcliff26/kube-upgrade/pkg/upgraded/root.go:62.2,63.16 2 0
github.com/heathcliff26/kube-upgrade/pkg/upgraded/root.go:63.16,66.3 2 0
github.com/heathcliff26/kube-upgrade/pkg/upgraded/root.go:67.2,67.26 1 0
github.com/heathcliff26/kube-upgrade/pkg/upgraded/root.go:67.26,70.3 2 0
github.com/heathcliff26/kube-upgrade/pkg/upgraded/root.go:72.2,73.16 2 0
github.com/heathcliff26/kube-upgrade/pkg/upgraded/root.go:73.16,76.3 2 0
github.com/heathcliff26/kube-upgrade/pkg/upgraded/root.go:78.2,79.16 2 0
github.com/heathcliff26/kube-upgrade/pkg/upgraded/root.go:79.16,82.3 2 0
github.com/heathcliff26/kube-upgrade/pkg/upgraded/config/config.go:28.13,35.2 4 0
github.com/heathcliff26/kube-upgrade/pkg/upgraded/config/config.go:65.38,66.32 1 0
github.com/heathcliff26/kube-upgrade/pkg/upgraded/config/config.go:67.15,68.32 1 0
github.com/heathcliff26/kube-upgrade/pkg/upgraded/config/config.go:69.14,70.31 1 0
github.com/heathcliff26/kube-upgrade/pkg/upgraded/config/config.go:71.14,72.31 1 0
github.com/heathcliff26/kube-upgrade/pkg/upgraded/config/config.go:73.15,74.32 1 0
github.com/heathcliff26/kube-upgrade/pkg/upgraded/config/config.go:75.10,76.38 1 0
github.com/heathcliff26/kube-upgrade/pkg/upgraded/config/config.go:78.2,78.12 1 0
github.com/heathcliff26/kube-upgrade/pkg/upgraded/config/config.go:81.30,94.2 1 0
github.com/heathcliff26/kube-upgrade/pkg/upgraded/config/config.go:100.47,104.16 3 0
github.com/heathcliff26/kube-upgrade/pkg/upgraded/config/config.go:104.16,106.3 1 0
github.com/heathcliff26/kube-upgrade/pkg/upgraded/config/config.go:108.2,109.38 2 0
github.com/heathcliff26/kube-upgrade/pkg/upgraded/config/config.go:109.38,112.3 2 0
github.com/heathcliff26/kube-upgrade/pkg/upgraded/config/config.go:112.8,112.23 1 0
github.com/heathcliff26/kube-upgrade/pkg/upgraded/config/config.go:112.23,114.3 1 0
github.com/heathcliff26/kube-upgrade/pkg/upgraded/config/config.go:116.2,117.16 2 0
github.com/heathcliff26/kube-upgrade/pkg/upgraded/config/config.go:117.16,119.3 1 0
github.com/heathcliff26/kube-upgrade/pkg/upgraded/config/config.go:121.2,122.16 2 0
github.com/heathcliff26/kube-upgrade/pkg/upgraded/config/config.go:122.16,124.3 1 0
github.com/heathcliff26/kube-upgrade/pkg/upgraded/config/config.go:126.2,126.15 1 0
github.com/heathcliff26/kube-upgrade/pkg/upgraded/config/errors.go:7.48,11.2 1 0
github.com/heathcliff26/kube-upgrade/pkg/upgraded/config/errors.go:13.45,15.2 1 0
github.com/heathcliff26/kube-upgrade/pkg/upgraded/daemon/config.go:13.47,15.16 2 0
github.com/heathcliff26/kube-upgrade/pkg/upgraded/daemon/config.go:15.16,17.3 1 0
github.com/heathcliff26/kube-upgrade/pkg/upgraded/daemon/config.go:18.2,18.61 1 0
github.com/heathcliff26/kube-upgrade/pkg/upgraded/daemon/config.go:23.83,24.38 1 0
github.com/heathcliff26/kube-upgrade/pkg/upgraded/daemon/config.go:24.38,25.14 1 0
github.com/heathcliff26/kube-upgrade/pkg/upgraded/daemon/config.go:26.31,27.19 1 0
github.com/heathcliff26/kube-upgrade/pkg/upgraded/daemon/config.go:27.19,29.5 1 0
github.com/heathcliff26/kube-upgrade/pkg/upgraded/daemon/config.go:30.4,30.25 1 0
github.com/heathcliff26/kube-upgrade/pkg/upgraded/daemon/config.go:30.25,33.5 2 0
github.com/heathcliff26/kube-upgrade/pkg/upgraded/daemon/config.go:34.37,35.37 1 0
github.com/heathcliff26/kube-upgrade/pkg/upgraded/daemon/config.go:35.37,37.5 1 0
github.com/heathcliff26/kube-upgrade/pkg/upgraded/daemon/config.go:37.10,38.13 1 0
github.com/heathcliff26/kube-upgrade/pkg/upgraded/daemon/config.go:41.4,42.18 2 0
github.com/heathcliff26/kube-upgrade/pkg/upgraded/daemon/config.go:42.18,44.5 1 0
github.com/heathcliff26/kube-upgrade/pkg/upgraded/daemon/config.go:45.39,46.39 1 0
github.com/heathcliff26/kube-upgrade/pkg/upgraded/daemon/config.go:46.39,48.5 1 0
github.com/heathcliff26/kube-upgrade/pkg/upgraded/daemon/config.go:48.10,49.13 1 0
github.com/heathcliff26/kube-upgrade/pkg/upgraded/daemon/config.go:52.4,53.18 2 0
github.com/heathcliff26/kube-upgrade/pkg/upgraded/daemon/config.go:53.18,55.5 1 0
github.com/heathcliff26/kube-upgrade/pkg/upgraded/daemon/config.go:56.38,58.18 2 0
github.com/heathcliff26/kube-upgrade/pkg/upgraded/daemon/config.go:58.18,60.5 1 0
github.com/heathcliff26/kube-upgrade/pkg/upgraded/daemon/config.go:61.4,61.35 1 0
github.com/heathcliff26/kube-upgrade/pkg/upgraded/daemon/config.go:61.35,64.5 2 0
github.com/heathcliff26/kube-upgrade/pkg/upgraded/daemon/config.go:65.38,67.18 2 0
github.com/heathcliff26/kube-upgrade/pkg/upgraded/daemon/config.go:67.18,69.5 1 0
github.com/heathcliff26/kube-upgrade/pkg/upgraded/daemon/config.go:70.4,70.35 1 0
github.com/heathcliff26/kube-upgrade/pkg/upgraded/daemon/config.go:70.35,73.5 2 0
github.com/heathcliff26/kube-upgrade/pkg/upgraded/daemon/config.go:74.11,75.12 1 0
github.com/heathcliff26/kube-upgrade/pkg/upgraded/daemon/config.go:79.2,79.32 1 0
github.com/heathcliff26/kube-upgrade/pkg/upgraded/daemon/config.go:79.32,81.3 1 0
github.com/heathcliff26/kube-upgrade/pkg/upgraded/daemon/config.go:83.2,83.12 1 0
github.com/heathcliff26/kube-upgrade/pkg/upgraded/daemon/daemon.go:41.53,44.29 3 0
github.com/heathcliff26/kube-upgrade/pkg/upgraded/daemon/daemon.go:44.29,47.3 2 0
github.com/heathcliff26/kube-upgrade/pkg/upgraded/daemon/daemon.go:47.8,50.46 3 0
github.com/heathcliff26/kube-upgrade/pkg/upgraded/daemon/daemon.go:50.46,52.4 1 0
github.com/heathcliff26/kube-upgrade/pkg/upgraded/daemon/daemon.go:54.2,54.16 1 0
github.com/heathcliff26/kube-upgrade/pkg/upgraded/daemon/daemon.go:54.16,56.3 1 0
github.com/heathcliff26/kube-upgrade/pkg/upgraded/daemon/daemon.go:58.2,59.16 2 0
github.com/heathcliff26/kube-upgrade/pkg/upgraded/daemon/daemon.go:59.16,61.3 1 0
github.com/heathcliff26/kube-upgrade/pkg/upgraded/daemon/daemon.go:62.2,63.16 2 0
github.com/heathcliff26/kube-upgrade/pkg/upgraded/daemon/daemon.go:63.16,65.3 1 0
github.com/heathcliff26/kube-upgrade/pkg/upgraded/daemon/daemon.go:67.2,67.26 1 0
github.com/heathcliff26/kube-upgrade/pkg/upgraded/daemon/daemon.go:67.26,69.3 1 0
github.com/heathcliff26/kube-upgrade/pkg/upgraded/daemon/daemon.go:70.2,71.16 2 0
github.com/heathcliff26/kube-upgrade/pkg/upgraded/daemon/daemon.go:71.16,73.3 1 0
github.com/heathcliff26/kube-upgrade/pkg/upgraded/daemon/daemon.go:74.2,75.16 2 0
github.com/heathcliff26/kube-upgrade/pkg/upgraded/daemon/daemon.go:75.16,77.3 1 0
github.com/heathcliff26/kube-upgrade/pkg/upgraded/daemon/daemon.go:79.2,79.22 1 0
github.com/heathcliff26/kube-upgrade/pkg/upgraded/daemon/daemon.go:79.22,81.3 1 0
github.com/heathcliff26/kube-upgrade/pkg/upgraded/daemon/daemon.go:83.2,84.16 2 0
github.com/heathcliff26/kube-upgrade/pkg/upgraded/daemon/daemon.go:84.16,86.3 1 0
github.com/heathcliff26/kube-upgrade/pkg/upgraded/daemon/daemon.go:87.2,88.16 2 0
github.com/heathcliff26/kube-upgrade/pkg/upgraded/daemon/daemon.go:88.16,90.3 1 0
github.com/heathcliff26/kube-upgrade/pkg/upgraded/daemon/daemon.go:91.2,104.8 2 0
github.com/heathcliff26/kube-upgrade/pkg/upgraded/daemon/daemon.go:108.39,109.11 1 0
github.com/heathcliff26/kube-upgrade/pkg/upgraded/daemon/daemon.go:109.11,110.10 1 0
github.com/heathcliff26/kube-upgrade/pkg/upgraded/daemon/daemon.go:111.23,112.10 1 0
github.com/heathcliff26/kube-upgrade/pkg/upgraded/daemon/daemon.go:113.38,113.38 0 0
github.com/heathcliff26/kube-upgrade/pkg/upgraded/daemon/daemon.go:119.32,120.22 1 0
github.com/heathcliff26/kube-upgrade/pkg/upgraded/daemon/daemon.go:120.22,122.17 2 0
github.com/heathcliff26/kube-upgrade/pkg/upgraded/daemon/daemon.go:122.17,124.4 1 0
github.com/heathcliff26/kube-upgrade/pkg/upgraded/daemon/daemon.go:126.3,127.15 2 0
github.com/heathcliff26/kube-upgrade/pkg/upgraded/daemon/daemon.go:132.30,138.12 6 0
github.com/heathcliff26/kube-upgrade/pkg/upgraded/daemon/daemon.go:138.12,141.3 2 0
github.com/heathcliff26/kube-upgrade/pkg/upgraded/daemon/daemon.go:143.2,144.16 2 0
github.com/heathcliff26/kube-upgrade/pkg/upgraded/daemon/daemon.go:144.16,146.3 1 0
github.com/heathcliff26/kube-upgrade/pkg/upgraded/daemon/daemon.go:148.2,149.16 2 0
github.com/heathcliff26/kube-upgrade/pkg/upgraded/daemon/daemon.go:149.16,151.3 1 0
github.com/heathcliff26/kube-upgrade/pkg/upgraded/daemon/daemon.go:153.2,153.29 1 0
github.com/heathcliff26/kube-upgrade/pkg/upgraded/daemon/daemon.go:153.29,156.25 3 0
github.com/heathcliff26/kube-upgrade/pkg/upgraded/daemon/daemon.go:156.25,158.4 1 0
github.com/heathcliff26/kube-upgrade/pkg/upgraded/daemon/daemon.go:159.8,162.3 2 0
github.com/heathcliff26/kube-upgrade/pkg/upgraded/daemon/daemon.go:164.2,169.12 4 0
github.com/heathcliff26/kube-upgrade/pkg/upgraded/daemon/daemon.go:169.12,173.3 3 0
github.com/heathcliff26/kube-upgrade/pkg/upgraded/daemon/daemon.go:174.2,174.12 1 0
github.com/heathcliff26/kube-upgrade/pkg/upgraded/daemon/daemon.go:174.12,178.3 3 0
github.com/heathcliff26/kube-upgrade/pkg/upgraded/daemon/daemon.go:180.2,181.12 2 0
github.com/heathcliff26/kube-upgrade/pkg/upgraded/daemon/nodes.go:19.40,20.144 1 0
github.com/heathcliff26/kube-upgrade/pkg/upgraded/daemon/nodes.go:20.144,22.3 1 0
github.com/heathcliff26/kube-upgrade/pkg/upgraded/daemon/nodes.go:24.2,26.43 2 0
github.com/heathcliff26/kube-upgrade/pkg/upgraded/daemon/nodes.go:26.43,29.4 2 0
github.com/heathcliff26/kube-upgrade/pkg/upgraded/daemon/nodes.go:31.2,31.16 1 0
github.com/heathcliff26/kube-upgrade/pkg/upgraded/daemon/nodes.go:31.16,35.3 3 0
github.com/heathcliff26/kube-upgrade/pkg/upgraded/daemon/nodes.go:36.2,37.16 2 0
github.com/heathcliff26/kube-upgrade/pkg/upgraded/daemon/nodes.go:37.16,41.3 3 0
github.com/heathcliff26/kube-upgrade/pkg/upgraded/daemon/nodes.go:42.2,43.28 2 0
github.com/heathcliff26/kube-upgrade/pkg/upgraded/daemon/nodes.go:47.53,48.29 1 0
github.com/heathcliff26/kube-upgrade/pkg/upgraded/daemon/nodes.go:48.29,50.3 1 0
github.com/heathcliff26/kube-upgrade/pkg/upgraded/daemon/nodes.go:52.2,52.31 1 0
github.com/heathcliff26/kube-upgrade/pkg/upgraded/daemon/nodes.go:56.60,57.22 1 0
github.com/heathcliff26/kube-upgrade/pkg/upgraded/daemon/nodes.go:57.22,59.17 2 0
github.com/heathcliff26/kube-upgrade/pkg/upgraded/daemon/nodes.go:59.17,61.4 1 0
github.com/heathcliff26/kube-upgrade/pkg/upgraded/daemon/nodes.go:62.3,63.15 2 0
github.com/heathcliff26/kube-upgrade/pkg/upgraded/daemon/nodes.go:68.57,73.17 4 0
github.com/heathcliff26/kube-upgrade/pkg/upgraded/daemon/nodes.go:73.17,76.17 2 0
github.com/heathcliff26/kube-upgrade/pkg/upgraded/daemon/nodes.go:76.17,78.4 1 0
github.com/heathcliff26/kube-upgrade/pkg/upgraded/daemon/nodes.go:79.3,79.30 1 0
github.com/heathcliff26/kube-upgrade/pkg/upgraded/daemon/nodes.go:79.30,81.4 1 0
github.com/heathcliff26/kube-upgrade/pkg/upgraded/daemon/nodes.go:84.2,85.16 2 0
github.com/heathcliff26/kube-upgrade/pkg/upgraded/daemon/nodes.go:85.16,87.3 1 0
github.com/heathcliff26/kube-upgrade/pkg/upgraded/daemon/nodes.go:89.2,93.16 4 0
github.com/heathcliff26/kube-upgrade/pkg/upgraded/daemon/nodes.go:93.16,95.3 1 0
github.com/heathcliff26/kube-upgrade/pkg/upgraded/daemon/nodes.go:97.2,97.36 1 0
github.com/heathcliff26/kube-upgrade/pkg/upgraded/daemon/nodes.go:97.36,100.17 3 0
github.com/heathcliff26/kube-upgrade/pkg/upgraded/daemon/nodes.go:100.17,102.4 1 0
github.com/heathcliff26/kube-upgrade/pkg/upgraded/daemon/nodes.go:103.3,104.17 2 0
github.com/heathcliff26/kube-upgrade/pkg/upgraded/daemon/nodes.go:104.17,106.4 1 0
github.com/heathcliff26/kube-upgrade/pkg/upgraded/daemon/nodes.go:108.3,108.13 1 0
github.com/heathcliff26/kube-upgrade/pkg/upgraded/daemon/nodes.go:111.2,114.16 3 0
github.com/heathcliff26/kube-upgrade/pkg/upgraded/daemon/nodes.go:114.16,116.3 1 0
github.com/heathcliff26/kube-upgrade/pkg/upgraded/daemon/nodes.go:118.2,119.16 2 0
github.com/heathcliff26/kube-upgrade/pkg/upgraded/daemon/nodes.go:119.16,121.3 1 0
github.com/heathcliff26/kube-upgrade/pkg/upgraded/daemon/nodes.go:122.2,122.34 1 0
github.com/heathcliff26/kube-upgrade/pkg/upgraded/daemon/nodes.go:122.34,124.3 1 0
github.com/heathcliff26/kube-upgrade/pkg/upgraded/daemon/nodes.go:125.2,127.16 3 0
github.com/heathcliff26/kube-upgrade/pkg/upgraded/daemon/nodes.go:127.16,129.3 1 0
github.com/heathcliff26/kube-upgrade/pkg/upgraded/daemon/nodes.go:131.2,131.48 1 0
github.com/heathcliff26/kube-upgrade/pkg/upgraded/daemon/nodes.go:131.48,134.3 2 0
github.com/heathcliff26/kube-upgrade/pkg/upgraded/daemon/nodes.go:134.8,137.3 2 0
github.com/heathcliff26/kube-upgrade/pkg/upgraded/daemon/nodes.go:138.2,138.16 1 0
github.com/heathcliff26/kube-upgrade/pkg/upgraded/daemon/nodes.go:138.16,140.3 1 0
github.com/heathcliff26/kube-upgrade/pkg/upgraded/daemon/nodes.go:142.2,143.16 2 0
github.com/heathcliff26/kube-upgrade/pkg/upgraded/daemon/nodes.go:143.16,145.3 1 0
github.com/heathcliff26/kube-upgrade/pkg/upgraded/daemon/nodes.go:147.2,149.12 3 0
github.com/heathcliff26/kube-upgrade/pkg/upgraded/daemon/nodes.go:153.56,155.16 2 0
github.com/heathcliff26/kube-upgrade/pkg/upgraded/daemon/nodes.go:155.16,157.3 1 0
github.com/heathcliff26/kube-upgrade/pkg/upgraded/daemon/nodes.go:158.2,158.29 1 0
github.com/heathcliff26/kube-upgrade/pkg/upgraded/daemon/nodes.go:158.29,160.3 1 0
github.com/heathcliff26/kube-upgrade/pkg/upgraded/daemon/nodes.go:161.2,164.16 3 0
github.com/heathcliff26/kube-upgrade/pkg/upgraded/daemon/nodes.go:164.16,166.3 1 0
github.com/heathcliff26/kube-upgrade/pkg/upgraded/daemon/nodes.go:167.2,167.12 1 0
github.com/heathcliff26/kube-upgrade/pkg/upgraded/daemon/nodes.go:171.50,173.2 1 0
github.com/heathcliff26/kube-upgrade/pkg/upgraded/daemon/nodes.go:176.58,178.22 2 0
github.com/heathcliff26/kube-upgrade/pkg/upgraded/daemon/nodes.go:178.22,180.3 1 0
github.com/heathcliff26/kube-upgrade/pkg/upgraded/daemon/nodes.go:181.2,181.12 1 0
github.com/heathcliff26/kube-upgrade/pkg/upgraded/daemon/stream.go:11.36,13.6 2 0
github.com/heathcliff26/kube-upgrade/pkg/upgraded/daemon/stream.go:13.6,14.23 1 0
github.com/heathcliff26/kube-upgrade/pkg/upgraded/daemon/stream.go:14.23,18.18 4 0
github.com/heathcliff26/kube-upgrade/pkg/upgraded/daemon/stream.go:18.18,20.5 1 0
github.com/heathcliff26/kube-upgrade/pkg/upgraded/daemon/stream.go:21.4,22.16 2 0
github.com/heathcliff26/kube-upgrade/pkg/upgraded/daemon/stream.go:25.3,25.18 1 0
github.com/heathcliff26/kube-upgrade/pkg/upgraded/daemon/stream.go:25.18,27.24 2 0
github.com/heathcliff26/kube-upgrade/pkg/upgraded/daemon/stream.go:27.24,29.19 2 0
github.com/heathcliff26/kube-upgrade/pkg/upgraded/daemon/stream.go:29.19,31.6 1 0
github.com/heathcliff26/kube-upgrade/pkg/upgraded/daemon/stream.go:32.5,33.17 2 0
github.com/heathcliff26/kube-upgrade/pkg/upgraded/daemon/stream.go:35.9,37.4 1 0
github.com/heathcliff26/kube-upgrade/pkg/upgraded/daemon/stream.go:39.3,39.10 1 0
github.com/heathcliff26/kube-upgrade/pkg/upgraded/daemon/stream.go:40.23,41.10 1 0
github.com/heathcliff26/kube-upgrade/pkg/upgraded/daemon/stream.go:42.38,42.38 0 0
github.com/heathcliff26/kube-upgrade/pkg/upgraded/daemon/stream.go:48.36,53.16 4 0
github.com/heathcliff26/kube-upgrade/pkg/upgraded/daemon/stream.go:53.16,55.3 1 0
github.com/heathcliff26/kube-upgrade/pkg/upgraded/daemon/stream.go:57.2,58.16 2 0
github.com/heathcliff26/kube-upgrade/pkg/upgraded/daemon/stream.go:58.16,60.3 1 0
github.com/heathcliff26/kube-upgrade/pkg/upgraded/daemon/stream.go:62.2,63.16 2 0
github.com/heathcliff26/kube-upgrade/pkg/upgraded/daemon/stream.go:63.16,65.3 1 0
github.com/heathcliff26/kube-upgrade/pkg/upgraded/daemon/stream.go:70.2,71.12 2 0
github.com/heathcliff26/kube-upgrade/pkg/upgraded/daemon/utils.go:15.89,17.16 2 0
github.com/heathcliff26/kube-upgrade/pkg/upgraded/daemon/utils.go:17.16,19.3 1 0
github.com/heathcliff26/kube-upgrade/pkg/upgraded/daemon/utils.go:21.2,21.35 1 0
github.com/heathcliff26/kube-upgrade/pkg/upgraded/daemon/utils.go:21.35,22.50 1 0
github.com/heathcliff26/kube-upgrade/pkg/upgraded/daemon/utils.go:22.50,24.4 1 0
github.com/heathcliff26/kube-upgrade/pkg/upgraded/daemon/utils.go:27.2,27.79 1 0
github.com/heathcliff26/kube-upgrade/pkg/upgraded/daemon/utils.go:31.47,32.29 1 0
github.com/heathcliff26/kube-upgrade/pkg/upgraded/daemon/utils.go:32.29,34.3 1 0
github.com/heathcliff26/kube-upgrade/pkg/upgraded/daemon/utils.go:35.2,36.52 2 0
github.com/heathcliff26/kube-upgrade/pkg/upgraded/daemon/utils.go:36.52,38.3 1 0
github.com/heathcliff26/kube-upgrade/pkg/upgraded/daemon/utils.go:39.2,39.69 1 0
github.com/heathcliff26/kube-upgrade/pkg/upgraded/daemon/utils.go:39.69,42.3 2 0
github.com/heathcliff26/kube-upgrade/pkg/upgraded/daemon/utils.go:43.2,43.13 1 0
github.com/heathcliff26/kube-upgrade/pkg/upgraded/fleetlock/client.go:20.61,22.16 2 0
github.com/heathcliff26/kube-upgrade/pkg/upgraded/fleetlock/client.go:22.16,24.3 1 0
github.com/heathcliff26/kube-upgrade/pkg/upgraded/fleetlock/client.go:26.2,27.16 2 0
github.com/heathcliff26/kube-upgrade/pkg/upgraded/fleetlock/client.go:27.16,29.3 1 0
github.com/heathcliff26/kube-upgrade/pkg/upgraded/fleetlock/client.go:31.2,32.16 2 0
github.com/heathcliff26/kube-upgrade/pkg/upgraded/fleetlock/client.go:32.16,34.3 1 0
github.com/heathcliff26/kube-upgrade/pkg/upgraded/fleetlock/client.go:36.2,36.15 1 0
github.com/heathcliff26/kube-upgrade/pkg/upgraded/fleetlock/client.go:40.49,42.16 2 0
github.com/heathcliff26/kube-upgrade/pkg/upgraded/fleetlock/client.go:42.16,44.3 1 0
github.com/heathcliff26/kube-upgrade/pkg/upgraded/fleetlock/client.go:46.2,48.8 1 0
github.com/heathcliff26/kube-upgrade/pkg/upgraded/fleetlock/client.go:52.40,54.16 2 0
github.com/heathcliff26/kube-upgrade/pkg/upgraded/fleetlock/client.go:54.16,56.3 1 0
github.com/heathcliff26/kube-upgrade/pkg/upgraded/fleetlock/client.go:56.8,56.15 1 0
github.com/heathcliff26/kube-upgrade/pkg/upgraded/fleetlock/client.go:56.15,58.3 1 0
github.com/heathcliff26/kube-upgrade/pkg/upgraded/fleetlock/client.go:59.2,59.91 1 0
github.com/heathcliff26/kube-upgrade/pkg/upgraded/fleetlock/client.go:63.43,65.16 2 0
github.com/heathcliff26/kube-upgrade/pkg/upgraded/fleetlock/client.go:65.16,67.3 1 0
github.com/heathcliff26/kube-upgrade/pkg/upgraded/fleetlock/client.go:67.8,67.15 1 0
github.com/heathcliff26/kube-upgrade/pkg/upgraded/fleetlock/client.go:67.15,69.3 1 0
github.com/heathcliff26/kube-upgrade/pkg/upgraded/fleetlock/client.go:70.2,70.92 1 0
github.com/heathcliff26/kube-upgrade/pkg/upgraded/fleetlock/client.go:73.90,78.16 4 0
github.com/heathcliff26/kube-upgrade/pkg/upgraded/fleetlock/client.go:78.16,80.3 1 0
github.com/heathcliff26/kube-upgrade/pkg/upgraded/fleetlock/client.go:81.2,82.16 2 0
github.com/heathcliff26/kube-upgrade/pkg/upgraded/fleetlock/client.go:82.16,84.3 1 0
github.com/heathcliff26/kube-upgrade/pkg/upgraded/fleetlock/client.go:85.2,89.16 4 0
github.com/heathcliff26/kube-upgrade/pkg/upgraded/fleetlock/client.go:89.16,91.3 1 0
github.com/heathcliff26/kube-upgrade/pkg/upgraded/fleetlock/client.go:93.2,94.16 2 0
github.com/heathcliff26/kube-upgrade/pkg/upgraded/fleetlock/client.go:94.16,96.3 1 0
github.com/heathcliff26/kube-upgrade/pkg/upgraded/fleetlock/client.go:98.2,98.54 1 0
github.com/heathcliff26/kube-upgrade/pkg/upgraded/fleetlock/client.go:102.43,103.14 1 0
github.com/heathcliff26/kube-upgrade/pkg/upgraded/fleetlock/client.go:103.14,105.3 1 0
github.com/heathcliff26/kube-upgrade/pkg/upgraded/fleetlock/client.go:107.2,110.14 3 0
github.com/heathcliff26/kube-upgrade/pkg/upgraded/fleetlock/client.go:114.52,118.15 3 0
github.com/heathcliff26/kube-upgrade/pkg/upgraded/fleetlock/client.go:118.15,120.3 1 0
github.com/heathcliff26/kube-upgrade/pkg/upgraded/fleetlock/client.go:121.2,122.12 2 0
github.com/heathcliff26/kube-upgrade/pkg/upgraded/fleetlock/client.go:126.45,127.14 1 0
github.com/heathcliff26/kube-upgrade/pkg/upgraded/fleetlock/client.go:127.14,129.3 1 0
github.com/heathcliff26/kube-upgrade/pkg/upgraded/fleetlock/client.go:131.2,134.16 3 0
github.com/heathcliff26/kube-upgrade/pkg/upgraded/fleetlock/client.go:138.56,142.17 3 0
github.com/heathcliff26/kube-upgrade/pkg/upgraded/fleetlock/client.go:142.17,144.3 1 0
github.com/heathcliff26/kube-upgrade/pkg/upgraded/fleetlock/client.go:145.2,146.12 2 0
github.com/heathcliff26/kube-upgrade/pkg/upgraded/fleetlock/utils.go:12.40,14.16 2 0
github.com/heathcliff26/kube-upgrade/pkg/upgraded/fleetlock/utils.go:14.16,16.3 1 0
github.com/heathcliff26/kube-upgrade/pkg/upgraded/fleetlock/utils.go:18.2,19.16 2 0
github.com/heathcliff26/kube-upgrade/pkg/upgraded/fleetlock/utils.go:19.16,21.3 1 0
github.com/heathcliff26/kube-upgrade/pkg/upgraded/fleetlock/utils.go:22.2,22.19 1 0
github.com/heathcliff26/kube-upgrade/pkg/upgraded/fleetlock/utils.go:28.43,30.11 2 0
github.com/heathcliff26/kube-upgrade/pkg/upgraded/fleetlock/utils.go:30.11,32.3 1 0
github.com/heathcliff26/kube-upgrade/pkg/upgraded/fleetlock/utils.go:33.2,33.12 1 0
github.com/heathcliff26/kube-upgrade/pkg/upgraded/kubeadm/kubeadm.go:19.44,21.16 2 0
github.com/heathcliff26/kube-upgrade/pkg/upgraded/kubeadm/kubeadm.go:21.16,23.3 1 0
github.com/heathcliff26/kube-upgrade/pkg/upgraded/kubeadm/kubeadm.go:25.2,30.16 3 0
github.com/heathcliff26/kube-upgrade/pkg/upgraded/kubeadm/kubeadm.go:30.16,32.3 1 0
github.com/heathcliff26/kube-upgrade/pkg/upgraded/kubeadm/kubeadm.go:33.2,35.15 2 0
github.com/heathcliff26/kube-upgrade/pkg/upgraded/kubeadm/kubeadm.go:39.50,44.2 3 0
github.com/heathcliff26/kube-upgrade/pkg/upgraded/kubeadm/kubeadm.go:47.35,52.2 3 0
github.com/heathcliff26/kube-upgrade/pkg/upgraded/kubeadm/kubeadm.go:54.39,56.2 1 0
github.com/heathcliff26/kube-upgrade/pkg/upgraded/kubeadm/kubeadm.go:58.51,60.16 2 0
github.com/heathcliff26/kube-upgrade/pkg/upgraded/kubeadm/kubeadm.go:60.16,62.3 1 0
github.com/heathcliff26/kube-upgrade/pkg/upgraded/kubeadm/kubeadm.go:63.2,63.25 1 0
github.com/heathcliff26/kube-upgrade/pkg/upgraded/rpm-ostree/rpm-ostree.go:17.46,19.16 2 0
github.com/heathcliff26/kube-upgrade/pkg/upgraded/rpm-ostree/rpm-ostree.go:19.16,21.3 1 0
github.com/heathcliff26/kube-upgrade/pkg/upgraded/rpm-ostree/rpm-ostree.go:23.2,25.8 1 0
github.com/heathcliff26/kube-upgrade/pkg/upgraded/rpm-ostree/rpm-ostree.go:29.56,36.23 6 0
github.com/heathcliff26/kube-upgrade/pkg/upgraded/rpm-ostree/rpm-ostree.go:36.23,39.3 2 0
github.com/heathcliff26/kube-upgrade/pkg/upgraded/rpm-ostree/rpm-ostree.go:39.8,39.23 1 0
github.com/heathcliff26/kube-upgrade/pkg/upgraded/rpm-ostree/rpm-ostree.go:39.23,41.3 1 0
github.com/heathcliff26/kube-upgrade/pkg/upgraded/rpm-ostree/rpm-ostree.go:43.2,43.14 1 0
github.com/heathcliff26/kube-upgrade/pkg/upgraded/rpm-ostree/rpm-ostree.go:44.9,45.19 1 0
github.com/heathcliff26/kube-upgrade/pkg/upgraded/rpm-ostree/rpm-ostree.go:46.10,47.20 1 0
github.com/heathcliff26/kube-upgrade/pkg/upgraded/rpm-ostree/rpm-ostree.go:48.10,50.80 2 0
github.com/heathcliff26/kube-upgrade/pkg/upgraded/rpm-ostree/rpm-ostree.go:57.40,62.2 3 0
github.com/heathcliff26/kube-upgrade/pkg/upgraded/rpm-ostree/rpm-ostree.go:67.51,72.2 3 0
github.com/heathcliff26/kube-upgrade/pkg/upgraded/rpm-ostree/utils.go:8.41,9.46 1 0
github.com/heathcliff26/kube-upgrade/pkg/upgraded/rpm-ostree/utils.go:9.46,11.3 1 0
github.com/heathcliff26/kube-upgrade/pkg/upgraded/rpm-ostree/utils.go:12.2,12.17 1 0
github.com/heathcliff26/kube-upgrade/pkg/upgraded/utils/utils.go:11.37,13.16 2 0
github.com/heathcliff26/kube-upgrade/pkg/upgraded/utils/utils.go:13.16,15.3 1 0
github.com/heathcliff26/kube-upgrade/pkg/upgraded/utils/utils.go:16.2,17.23 2 0
github.com/heathcliff26/kube-upgrade/pkg/upgraded/utils/utils.go:21.64,26.2 4 0
github.com/heathcliff26/kube-upgrade/pkg/upgraded/utils/utils.go:29.52,31.16 2 0
github.com/heathcliff26/kube-upgrade/pkg/upgraded/utils/utils.go:31.16,33.3 1 0
github.com/heathcliff26/kube-upgrade/pkg/upgraded/utils/utils.go:34.2,34.31 1 0
github.com/heathcliff26/kube-upgrade/pkg/upgraded/utils/utils.go:34.31,36.3 1 0
github.com/heathcliff26/kube-upgrade/pkg/upgraded/utils/utils.go:37.2,37.12 1 0
github.com/heathcliff26/kube-upgrade/pkg/version/version.go:13.45,17.48 1 1
github.com/heathcliff26/kube-upgrade/pkg/version/version.go:17.48,19.4 1 0
github.com/heathcliff26/kube-upgrade/pkg/version/version.go:22.2,22.65 1 1
github.com/heathcliff26/kube-upgrade/pkg/version/version.go:22.66,22.67 0 0
github.com/heathcliff26/kube-upgrade/pkg/version/version.go:24.2,24.12 1 1
github.com/heathcliff26/kube-upgrade/pkg/version/version.go:27.34,30.42 3 0
github.com/heathcliff26/kube-upgrade/pkg/version/version.go:30.42,31.33 1 0
github.com/heathcliff26/kube-upgrade/pkg/version/version.go:31.33,33.9 2 0
github.com/heathcliff26/kube-upgrade/pkg/version/version.go:36.2,36.21 1 0
github.com/heathcliff26/kube-upgrade/pkg/version/version.go:36.21,38.3 1 0
github.com/heathcliff26/kube-upgrade/pkg/version/version.go:38.8,38.25 1 0
github.com/heathcliff26/kube-upgrade/pkg/version/version.go:38.25,40.3 1 0
github.com/heathcliff26/kube-upgrade/pkg/version/version.go:42.2,47.15 5 0
github.com/heathcliff26/kube-upgrade/pkg/apis/kubeupgrade/v1alpha1/defaults.go:7.63,8.24 1 0
github.com/heathcliff26/kube-upgrade/pkg/apis/kubeupgrade/v1alpha1/defaults.go:8.24,10.3 1 0
github.com/heathcliff26/kube-upgrade/pkg/apis/kubeupgrade/v1alpha1/defaults.go:11.2,11.39 1 0
github.com/heathcliff26/kube-upgrade/pkg/apis/kubeupgrade/v1alpha1/defaults.go:11.39,12.26 1 0
github.com/heathcliff26/kube-upgrade/pkg/apis/kubeupgrade/v1alpha1/defaults.go:12.26,14.4 1 0
github.com/heathcliff26/kube-upgrade/pkg/apis/kubeupgrade/v1alpha1/defaults.go:15.3,15.28 1 0
github.com/heathcliff26/kube-upgrade/pkg/apis/kubeupgrade/v1alpha1/defaults.go:17.2,17.26 1 0
github.com/heathcliff26/kube-upgrade/pkg/apis/kubeupgrade/v1alpha1/defaults.go:17.26,19.3 1 0
github.com/heathcliff26/kube-upgrade/pkg/apis/kubeupgrade/v1alpha1/defaults.go:22.60,23.22 1 0
github.com/heathcliff26/kube-upgrade/pkg/apis/kubeupgrade/v1alpha1/defaults.go:23.22,25.3 1 0
github.com/heathcliff26/kube-upgrade/pkg/apis/kubeupgrade/v1alpha1/defaults.go:26.2,26.30 1 0
github.com/heathcliff26/kube-upgrade/pkg/apis/kubeupgrade/v1alpha1/defaults.go:26.30,28.3 1 0
github.com/heathcliff26/kube-upgrade/pkg/apis/kubeupgrade/v1alpha1/defaults.go:29.2,29.29 1 0
github.com/heathcliff26/kube-upgrade/pkg/apis/kubeupgrade/v1alpha1/defaults.go:29.29,31.3 1 0
github.com/heathcliff26/kube-upgrade/pkg/apis/kubeupgrade/v1alpha1/defaults.go:32.2,32.29 1 0
github.com/heathcliff26/kube-upgrade/pkg/apis/kubeupgrade/v1alpha1/defaults.go:32.29,34.3 1 0
github.com/heathcliff26/kube-upgrade/pkg/apis/kubeupgrade/v1alpha1/register.go:21.13,26.2 1 0
github.com/heathcliff26/kube-upgrade/pkg/apis/kubeupgrade/v1alpha1/register.go:29.53,31.2 1 0
github.com/heathcliff26/kube-upgrade/pkg/apis/kubeupgrade/v1alpha1/register.go:34.50,52.2 4 0
github.com/heathcliff26/kube-upgrade/pkg/apis/kubeupgrade/v1alpha1/validation.go:15.66,17.16 2 0
github.com/heathcliff26/kube-upgrade/pkg/apis/kubeupgrade/v1alpha1/validation.go:17.16,19.3 1 0
github.com/heathcliff26/kube-upgrade/pkg/apis/kubeupgrade/v1alpha1/validation.go:21.2,21.54 1 0
github.com/heathcliff26/kube-upgrade/pkg/apis/kubeupgrade/v1alpha1/validation.go:24.65,26.55 2 0
github.com/heathcliff26/kube-upgrade/pkg/apis/kubeupgrade/v1alpha1/validation.go:26.55,28.3 1 0
github.com/heathcliff26/kube-upgrade/pkg/apis/kubeupgrade/v1alpha1/validation.go:30.2,30.26 1 0
github.com/heathcliff26/kube-upgrade/pkg/apis/kubeupgrade/v1alpha1/validation.go:30.26,32.3 1 0
github.com/heathcliff26/kube-upgrade/pkg/apis/kubeupgrade/v1alpha1/validation.go:33.2,33.39 1 0
github.com/heathcliff26/kube-upgrade/pkg/apis/kubeupgrade/v1alpha1/validation.go:33.39,34.46 1 0
github.com/heathcliff26/kube-upgrade/pkg/apis/kubeupgrade/v1alpha1/validation.go:34.46,35.45 1 0
github.com/heathcliff26/kube-upgrade/pkg/apis/kubeupgrade/v1alpha1/validation.go:35.45,37.5 1 0
github.com/heathcliff26/kube-upgrade/pkg/apis/kubeupgrade/v1alpha1/validation.go:39.3,39.28 1 0
github.com/heathcliff26/kube-upgrade/pkg/apis/kubeupgrade/v1alpha1/validation.go:39.28,41.4 1 0
github.com/heathcliff26/kube-upgrade/pkg/apis/kubeupgrade/v1alpha1/validation.go:42.3,43.17 2 0
github.com/heathcliff26/kube-upgrade/pkg/apis/kubeupgrade/v1alpha1/validation.go:43.17,45.4 1 0
github.com/heathcliff26/kube-upgrade/pkg/apis/kubeupgrade/v1alpha1/validation.go:48.2,49.16 2 0
github.com/heathcliff26/kube-upgrade/pkg/apis/kubeupgrade/v1alpha1/validation.go:49.16,51.3 1 0
github.com/heathcliff26/kube-upgrade/pkg/apis/kubeupgrade/v1alpha1/validation.go:52.2,52.62 1 0
github.com/heathcliff26/kube-upgrade/pkg/apis/kubeupgrade/v1alpha1/validation.go:52.62,54.3 1 0
github.com/heathcliff26/kube-upgrade/pkg/apis/kubeupgrade/v1alpha1/validation.go:56.2,56.12 1 0
github.com/heathcliff26/kube-upgrade/pkg/apis/kubeupgrade/v1alpha1/validation.go:59.63,60.16 1 0
github.com/heathcliff26/kube-upgrade/pkg/apis/kubeupgrade/v1alpha1/validation.go:60.16,62.3 1 0
github.com/heathcliff26/kube-upgrade/pkg/apis/kubeupgrade/v1alpha1/validation.go:64.2,64.22 1 0
github.com/heathcliff26/kube-upgrade/pkg/apis/kubeupgrade/v1alpha1/validation.go:64.22,66.17 2 0
github.com/heathcliff26/kube-upgrade/pkg/apis/kubeupgrade/v1alpha1/validation.go:66.17,68.4 1 0
github.com/heathcliff26/kube-upgrade/pkg/apis/kubeupgrade/v1alpha1/validation.go:71.2,71.28 1 0
github.com/heathcliff26/kube-upgrade/pkg/apis/kubeupgrade/v1alpha1/validation.go:71.28,73.17 2 0
github.com/heathcliff26/kube-upgrade/pkg/apis/kubeupgrade/v1alpha1/validation.go:73.17,75.4 1 0
github.com/heathcliff26/kube-upgrade/pkg/apis/kubeupgrade/v1alpha1/validation.go:78.2,78.29 1 0
github.com/heathcliff26/kube-upgrade/pkg/apis/kubeupgrade/v1alpha1/validation.go:78.29,80.17 2 0
github.com/heathcliff26/kube-upgrade/pkg/apis/kubeupgrade/v1alpha1/validation.go:80.17,82.4 1 0
github.com/heathcliff26/kube-upgrade/pkg/apis/kubeupgrade/v1alpha1/validation.go:85.2,85.29 1 0
github.com/heathcliff26/kube-upgrade/pkg/apis/kubeupgrade/v1alpha1/validation.go:85.29,87.17 2 0
github.com/heathcliff26/kube-upgrade/pkg/apis/kubeupgrade/v1alpha1/validation.go:87.17,89.4 1 0
github.com/heathcliff26/kube-upgrade/pkg/apis/kubeupgrade/v1alpha1/validation.go:92.2,92.12 1 0
github.com/heathcliff26/kube-upgrade/pkg/apis/kubeupgrade/v1alpha1/validation.go:95.71,97.53 1 0
github.com/heathcliff26/kube-upgrade/pkg/apis/kubeupgrade/v1alpha1/validation.go:97.53,99.3 1 0
github.com/heathcliff26/kube-upgrade/pkg/apis/kubeupgrade/v1alpha1/validation.go:101.2,101.57 1 0
github.com/heathcliff26/kube-upgrade/pkg/apis/kubeupgrade/v1alpha1/validation.go:101.57,103.3 1 0
github.com/heathcliff26/kube-upgrade/pkg/apis/kubeupgrade/v1alpha1/validation.go:105.2,105.42 1 0
github.com/heathcliff26/kube-upgrade/pkg/apis/kubeupgrade/v1alpha1/validation.go:105.42,106.49 1 0
github.com/heathcliff26/kube-upgrade/pkg/apis/kubeupgrade/v1alpha1/validation.go:106.49,108.4 1 0
github.com/heathcliff26/kube-upgrade/pkg/apis/kubeupgrade/v1alpha1/validation.go:111.2,111.12 1 0
github.com/heathcliff26/kube-upgrade/pkg/apis/kubeupgrade/v1alpha2/defaults.go:13.63,14.24 1 0
github.com/heathcliff26/kube-upgrade/pkg/apis/kubeupgrade/v1alpha2/defaults.go:14.24,16.3 1 0
github.com/heathcliff26/kube-upgrade/pkg/apis/kubeupgrade/v1alpha2/defaults.go:17.2,17.39 1 0
github.com/heathcliff26/kube-upgrade/pkg/apis/kubeupgrade/v1alpha2/defaults.go:17.39,18.26 1 0
github.com/heathcliff26/kube-upgrade/pkg/apis/kubeupgrade/v1alpha2/defaults.go:18.26,20.4 1 0
github.com/heathcliff26/kube-upgrade/pkg/apis/kubeupgrade/v1alpha2/defaults.go:21.3,21.28 1 0
github.com/heathcliff26/kube-upgrade/pkg/apis/kubeupgrade/v1alpha2/defaults.go:23.2,23.50 1 0
github.com/heathcliff26/kube-upgrade/pkg/apis/kubeupgrade/v1alpha2/defaults.go:26.60,27.22 1 0
github.com/heathcliff26/kube-upgrade/pkg/apis/kubeupgrade/v1alpha2/defaults.go:27.22,29.3 1 0
github.com/heathcliff26/kube-upgrade/pkg/apis/kubeupgrade/v1alpha2/defaults.go:30.2,30.30 1 0
github.com/heathcliff26/kube-upgrade/pkg/apis/kubeupgrade/v1alpha2/defaults.go:30.30,32.3 1 0
github.com/heathcliff26/kube-upgrade/pkg/apis/kubeupgrade/v1alpha2/defaults.go:33.2,33.29 1 0
github.com/heathcliff26/kube-upgrade/pkg/apis/kubeupgrade/v1alpha2/defaults.go:33.29,35.3 1 0
github.com/heathcliff26/kube-upgrade/pkg/apis/kubeupgrade/v1alpha2/defaults.go:36.2,36.29 1 0
github.com/heathcliff26/kube-upgrade/pkg/apis/kubeupgrade/v1alpha2/defaults.go:36.29,38.3 1 0
github.com/heathcliff26/kube-upgrade/pkg/apis/kubeupgrade/v1alpha2/register.go:21.13,26.2 1 0
github.com/heathcliff26/kube-upgrade/pkg/apis/kubeupgrade/v1alpha2/register.go:29.53,31.2 1 0
github.com/heathcliff26/kube-upgrade/pkg/apis/kubeupgrade/v1alpha2/register.go:34.50,52.2 4 0
github.com/heathcliff26/kube-upgrade/pkg/apis/kubeupgrade/v1alpha2/validation.go:12.66,14.2 1 0
github.com/heathcliff26/kube-upgrade/pkg/apis/kubeupgrade/v1alpha2/validation.go:16.65,17.45 1 0
github.com/heathcliff26/kube-upgrade/pkg/apis/kubeupgrade/v1alpha2/validation.go:17.45,19.3 1 0
github.com/heathcliff26/kube-upgrade/pkg/apis/kubeupgrade/v1alpha2/validation.go:20.2,20.123 1 0
github.com/heathcliff26/kube-upgrade/pkg/apis/kubeupgrade/v1alpha2/validation.go:20.123,22.3 1 0
github.com/heathcliff26/kube-upgrade/pkg/apis/kubeupgrade/v1alpha2/validation.go:24.2,24.26 1 0
github.com/heathcliff26/kube-upgrade/pkg/apis/kubeupgrade/v1alpha2/validation.go:24.26,26.3 1 0
github.com/heathcliff26/kube-upgrade/pkg/apis/kubeupgrade/v1alpha2/validation.go:27.2,27.39 1 0
github.com/heathcliff26/kube-upgrade/pkg/apis/kubeupgrade/v1alpha2/validation.go:27.39,28.46 1 0
github.com/heathcliff26/kube-upgrade/pkg/apis/kubeupgrade/v1alpha2/validation.go:28.46,29.45 1 0
github.com/heathcliff26/kube-upgrade/pkg/apis/kubeupgrade/v1alpha2/validation.go:29.45,31.5 1 0
github.com/heathcliff26/kube-upgrade/pkg/apis/kubeupgrade/v1alpha2/validation.go:34.3,34.107 1 0
github.com/heathcliff26/kube-upgrade/pkg/apis/kubeupgrade/v1alpha2/validation.go:34.107,36.4 1 0
github.com/heathcliff26/kube-upgrade/pkg/apis/kubeupgrade/v1alpha2/validation.go:37.3,38.17 2 0
github.com/heathcliff26/kube-upgrade/pkg/apis/kubeupgrade/v1alpha2/validation.go:38.17,40.4 1 0
github.com/heathcliff26/kube-upgrade/pkg/apis/kubeupgrade/v1alpha2/validation.go:42.3,42.28 1 0
github.com/heathcliff26/kube-upgrade/pkg/apis/kubeupgrade/v1alpha2/validation.go:42.28,44.18 2 0
github.com/heathcliff26/kube-upgrade/pkg/apis/kubeupgrade/v1alpha2/validation.go:44.18,46.5 1 0
github.com/heathcliff26/kube-upgrade/pkg/apis/kubeupgrade/v1alpha2/validation.go:50.2,51.16 2 0
github.com/heathcliff26/kube-upgrade/pkg/apis/kubeupgrade/v1alpha2/validation.go:51.16,53.3 1 0
github.com/heathcliff26/kube-upgrade/pkg/apis/kubeupgrade/v1alpha2/validation.go:54.2,54.38 1 0
github.com/heathcliff26/kube-upgrade/pkg/apis/kubeupgrade/v1alpha2/validation.go:54.38,56.3 1 0
github.com/heathcliff26/kube-upgrade/pkg/apis/kubeupgrade/v1alpha2/validation.go:58.2,58.12 1 0
github.com/heathcliff26/kube-upgrade/pkg/apis/kubeupgrade/v1alpha2/validation.go:61.62,62.22 1 0
github.com/heathcliff26/kube-upgrade/pkg/apis/kubeupgrade/v1alpha2/validation.go:62.22,64.17 2 0
github.com/heathcliff26/kube-upgrade/pkg/apis/kubeupgrade/v1alpha2/validation.go:64.17,66.4 1 0
github.com/heathcliff26/kube-upgrade/pkg/apis/kubeupgrade/v1alpha2/validation.go:69.2,69.28 1 0
github.com/heathcliff26/kube-upgrade/pkg/apis/kubeupgrade/v1alpha2/validation.go:69.28,71.17 2 0
github.com/heathcliff26/kube-upgrade/pkg/apis/kubeupgrade/v1alpha2/validation.go:71.17,73.4 1 0
github.com/heathcliff26/kube-upgrade/pkg/apis/kubeupgrade/v1alpha2/validation.go:76.2,76.29 1 0
github.com/heathcliff26/kube-upgrade/pkg/apis/kubeupgrade/v1alpha2/validation.go:76.29,78.17 2 0
github.com/heathcliff26/kube-upgrade/pkg/apis/kubeupgrade/v1alpha2/validation.go:78.17,80.4 1 0
github.com/heathcliff26/kube-upgrade/pkg/apis/kubeupgrade/v1alpha2/validation.go:83.2,83.29 1 0
github.com/heathcliff26/kube-upgrade/pkg/apis/kubeupgrade/v1alpha2/validation.go:83.29,85.17 2 0
github.com/heathcliff26/kube-upgrade/pkg/apis/kubeupgrade/v1alpha2/validation.go:85.17,87.4 1 0
github.com/heathcliff26/kube-upgrade/pkg/apis/kubeupgrade/v1alpha2/validation.go:90.2,90.12 1 0
github.com/heathcliff26/kube-upgrade/pkg/upgrade-controller/root.go:13.16,16.16 3 0
github.com/heathcliff26/kube-upgrade/pkg/upgrade-controller/root.go:16.16,18.3 1 0
github.com/heathcliff26/kube-upgrade/pkg/upgrade-controller/root.go:21.44,23.32 1 0
github.com/heathcliff26/kube-upgrade/pkg/upgrade-controller/root.go:23.32,25.4 1 0
github.com/heathcliff26/kube-upgrade/pkg/upgrade-controller/root.go:28.2,31.52 1 0
github.com/heathcliff26/kube-upgrade/pkg/upgrade-controller/root.go:31.52,34.4 2 0
github.com/heathcliff26/kube-upgrade/pkg/upgrade-controller/root.go:37.2,41.16 2 0
github.com/heathcliff26/kube-upgrade/pkg/upgrade-controller/root.go:44.12,46.16 2 0
github.com/heathcliff26/kube-upgrade/pkg/upgrade-controller/root.go:46.16,48.3 1 0
github.com/heathcliff26/kube-upgrade/pkg/upgrade-controller/root.go:49.2,50.16 2 0
github.com/heathcliff26/kube-upgrade/pkg/upgrade-controller/root.go:50.16,52.3 1 0
github.com/heathcliff26/kube-upgrade/pkg/upgrade-controller/controller/config.go:14.92,15.18 1 0
github.com/heathcliff26/kube-upgrade/pkg/upgrade-controller/controller/config.go:15.18,17.3 1 0
github.com/heathcliff26/kube-upgrade/pkg/upgrade-controller/controller/config.go:18.2,20.24 2 0
github.com/heathcliff26/kube-upgrade/pkg/upgrade-controller/controller/config.go:20.24,22.3 1 0
github.com/heathcliff26/kube-upgrade/pkg/upgrade-controller/controller/config.go:23.2,23.30 1 0
github.com/heathcliff26/kube-upgrade/pkg/upgrade-controller/controller/config.go:23.30,25.3 1 0
github.com/heathcliff26/kube-upgrade/pkg/upgrade-controller/controller/config.go:26.2,26.32 1 0
github.com/heathcliff26/kube-upgrade/pkg/upgrade-controller/controller/config.go:26.32,28.3 1 0
github.com/heathcliff26/kube-upgrade/pkg/upgrade-controller/controller/config.go:29.2,29.31 1 0
github.com/heathcliff26/kube-upgrade/pkg/upgrade-controller/controller/config.go:29.31,31.3 1 0
github.com/heathcliff26/kube-upgrade/pkg/upgrade-controller/controller/config.go:32.2,32.31 1 0
github.com/heathcliff26/kube-upgrade/pkg/upgrade-controller/controller/config.go:32.31,34.3 1 0
github.com/heathcliff26/kube-upgrade/pkg/upgrade-controller/controller/config.go:36.2,36.37 1 0
github.com/heathcliff26/kube-upgrade/pkg/upgrade-controller/controller/config.go:40.72,43.22 2 0
github.com/heathcliff26/kube-upgrade/pkg/upgrade-controller/controller/config.go:43.22,45.3 1 0
github.com/heathcliff26/kube-upgrade/pkg/upgrade-controller/controller/config.go:46.2,46.28 1 0
github.com/heathcliff26/kube-upgrade/pkg/upgrade-controller/controller/config.go:46.28,48.3 1 0
github.com/heathcliff26/kube-upgrade/pkg/upgrade-controller/controller/config.go:49.2,49.30 1 0
github.com/heathcliff26/kube-upgrade/pkg/upgrade-controller/controller/config.go:49.30,51.3 1 0
github.com/heathcliff26/kube-upgrade/pkg/upgrade-controller/controller/config.go:52.2,52.29 1 0
github.com/heathcliff26/kube-upgrade/pkg/upgrade-controller/controller/config.go:52.29,54.3 1 0
github.com/heathcliff26/kube-upgrade/pkg/upgrade-controller/controller/config.go:55.2,55.29 1 0
github.com/heathcliff26/kube-upgrade/pkg/upgrade-controller/controller/config.go:55.29,57.3 1 0
github.com/heathcliff26/kube-upgrade/pkg/upgrade-controller/controller/config.go:59.2,59.12 1 0
github.com/heathcliff26/kube-upgrade/pkg/upgrade-controller/controller/config.go:65.88,69.29 3 0
github.com/heathcliff26/kube-upgrade/pkg/upgrade-controller/controller/config.go:69.29,70.51 1 0
github.com/heathcliff26/kube-upgrade/pkg/upgrade-controller/controller/config.go:70.51,72.4 1 0
github.com/heathcliff26/kube-upgrade/pkg/upgrade-controller/controller/config.go:75.2,76.50 2 0
github.com/heathcliff26/kube-upgrade/pkg/upgrade-controller/controller/controller.go:26.13,28.2 1 0
github.com/heathcliff26/kube-upgrade/pkg/upgrade-controller/controller/controller.go:41.54,43.16 2 0
github.com/heathcliff26/kube-upgrade/pkg/upgrade-controller/controller/controller.go:43.16,45.3 1 0
github.com/heathcliff26/kube-upgrade/pkg/upgrade-controller/controller/controller.go:46.2,47.16 2 0
github.com/heathcliff26/kube-upgrade/pkg/upgrade-controller/controller/controller.go:47.16,49.3 1 0
github.com/heathcliff26/kube-upgrade/pkg/upgrade-controller/controller/controller.go:51.2,52.16 2 0
github.com/heathcliff26/kube-upgrade/pkg/upgrade-controller/controller/controller.go:52.16,54.3 1 0
github.com/heathcliff26/kube-upgrade/pkg/upgrade-controller/controller/controller.go:56.2,67.16 2 0
github.com/heathcliff26/kube-upgrade/pkg/upgrade-controller/controller/controller.go:67.16,69.3 1 0
github.com/heathcliff26/kube-upgrade/pkg/upgrade-controller/controller/controller.go:70.2,71.16 2 0
github.com/heathcliff26/kube-upgrade/pkg/upgrade-controller/controller/controller.go:71.16,73.3 1 0
github.com/heathcliff26/kube-upgrade/pkg/upgrade-controller/controller/controller.go:74.2,75.16 2 0
github.com/heathcliff26/kube-upgrade/pkg/upgrade-controller/controller/controller.go:75.16,77.3 1 0
github.com/heathcliff26/kube-upgrade/pkg/upgrade-controller/controller/controller.go:79.2,83.8 1 0
github.com/heathcliff26/kube-upgrade/pkg/upgrade-controller/controller/controller.go:86.34,88.16 2 0
github.com/heathcliff26/kube-upgrade/pkg/upgrade-controller/controller/controller.go:88.16,90.3 1 0
github.com/heathcliff26/kube-upgrade/pkg/upgrade-controller/controller/controller.go:92.2,97.16 2 0
github.com/heathcliff26/kube-upgrade/pkg/upgrade-controller/controller/controller.go:97.16,99.3 1 0
github.com/heathcliff26/kube-upgrade/pkg/upgrade-controller/controller/controller.go:101.2,101.54 1 0
github.com/heathcliff26/kube-upgrade/pkg/upgrade-controller/controller/controller.go:104.92,109.16 4 0
github.com/heathcliff26/kube-upgrade/pkg/upgrade-controller/controller/controller.go:109.16,112.3 2 0
github.com/heathcliff26/kube-upgrade/pkg/upgrade-controller/controller/controller.go:114.2,115.16 2 0
github.com/heathcliff26/kube-upgrade/pkg/upgrade-controller/controller/controller.go:115.16,117.3 1 0
github.com/heathcliff26/kube-upgrade/pkg/upgrade-controller/controller/controller.go:119.2,120.16 2 0
github.com/heathcliff26/kube-upgrade/pkg/upgrade-controller/controller/controller.go:120.16,123.3 2 0
github.com/heathcliff26/kube-upgrade/pkg/upgrade-controller/controller/controller.go:125.2,128.8 1 0
github.com/heathcliff26/kube-upgrade/pkg/upgrade-controller/controller/controller.go:131.106,132.31 1 0
[...]
github.com/heathcliff26/kube-upgrade/pkg/upgraded/daemon/config.go:74.11,75.12 1 1
github.com/heathcliff26/kube-upgrade/pkg/upgraded/daemon/config.go:79.2,79.32 1 1
github.com/heathcliff26/kube-upgrade/pkg/upgraded/daemon/config.go:79.32,81.3 1 1
github.com/heathcliff26/kube-upgrade/pkg/upgraded/daemon/config.go:83.2,83.12 1 1
github.com/heathcliff26/kube-upgrade/pkg/upgraded/daemon/daemon.go:41.53,44.29 3 1
github.com/heathcliff26/kube-upgrade/pkg/upgraded/daemon/daemon.go:44.29,47.3 2 1
github.com/heathcliff26/kube-upgrade/pkg/upgraded/daemon/daemon.go:47.8,50.46 3 1
github.com/heathcliff26/kube-upgrade/pkg/upgraded/daemon/daemon.go:50.46,52.4 1 0
github.com/heathcliff26/kube-upgrade/pkg/upgraded/daemon/daemon.go:54.2,54.16 1 1
github.com/heathcliff26/kube-upgrade/pkg/upgraded/daemon/daemon.go:54.16,56.3 1 0
github.com/heathcliff26/kube-upgrade/pkg/upgraded/daemon/daemon.go:58.2,59.16 2 1
github.com/heathcliff26/kube-upgrade/pkg/upgraded/daemon/daemon.go:59.16,61.3 1 1
github.com/heathcliff26/kube-upgrade/pkg/upgraded/daemon/daemon.go:62.2,63.16 2 1
github.com/heathcliff26/kube-upgrade/pkg/upgraded/daemon/daemon.go:63.16,65.3 1 1
github.com/heathcliff26/kube-upgrade/pkg/upgraded/daemon/daemon.go:67.2,67.26 1 1
github.com/heathcliff26/kube-upgrade/pkg/upgraded/daemon/daemon.go:67.26,69.3 1 1
github.com/heathcliff26/kube-upgrade/pkg/upgraded/daemon/daemon.go:70.2,71.16 2 1
github.com/heathcliff26/kube-upgrade/pkg/upgraded/daemon/daemon.go:71.16,73.3 1 1
github.com/heathcliff26/kube-upgrade/pkg/upgraded/daemon/daemon.go:74.2,75.16 2 1
github.com/heathcliff26/kube-upgrade/pkg/upgraded/daemon/daemon.go:75.16,77.3 1 0
github.com/heathcliff26/kube-upgrade/pkg/upgraded/daemon/daemon.go:79.2,79.22 1 1
github.com/heathcliff26/kube-upgrade/pkg/upgraded/daemon/daemon.go:79.22,81.3 1 1
github.com/heathcliff26/kube-upgrade/pkg/upgraded/daemon/daemon.go:83.2,84.16 2 1
github.com/heathcliff26/kube-upgrade/pkg/upgraded/daemon/daemon.go:84.16,86.3 1 0
github.com/heathcliff26/kube-upgrade/pkg/upgraded/daemon/daemon.go:87.2,88.16 2 1
github.com/heathcliff26/kube-upgrade/pkg/upgraded/daemon/daemon.go:88.16,90.3 1 1
github.com/heathcliff26/kube-upgrade/pkg/upgraded/daemon/daemon.go:91.2,104.8 2 0
github.com/heathcliff26/kube-upgrade/pkg/upgraded/daemon/daemon.go:108.39,109.11 1 1
github.com/heathcliff26/kube-upgrade/pkg/upgraded/daemon/daemon.go:109.11,110.10 1 1
github.com/heathcliff26/kube-upgrade/pkg/upgraded/daemon/daemon.go:111.23,112.10 1 1
github.com/heathcliff26/kube-upgrade/pkg/upgraded/daemon/daemon.go:113.38,113.38 0 1
github.com/heathcliff26/kube-upgrade/pkg/upgraded/daemon/daemon.go:119.32,120.22 1 1
github.com/heathcliff26/kube-upgrade/pkg/upgraded/daemon/daemon.go:120.22,122.17 2 1
github.com/heathcliff26/kube-upgrade/pkg/upgraded/daemon/daemon.go:122.17,124.4 1 1
github.com/heathcliff26/kube-upgrade/pkg/upgraded/daemon/daemon.go:126.3,127.15 2 0
github.com/heathcliff26/kube-upgrade/pkg/upgraded/daemon/daemon.go:132.30,138.12 6 0
github.com/heathcliff26/kube-upgrade/pkg/upgraded/daemon/daemon.go:138.12,141.3 2 0
github.com/heathcliff26/kube-upgrade/pkg/upgraded/daemon/daemon.go:143.2,144.16 2 0
github.com/heathcliff26/kube-upgrade/pkg/upgraded/daemon/daemon.go:144.16,146.3 1 0
github.com/heathcliff26/kube-upgrade/pkg/upgraded/daemon/daemon.go:148.2,149.16 2 0
github.com/heathcliff26/kube-upgrade/pkg/upgraded/daemon/daemon.go:149.16,151.3 1 0
github.com/heathcliff26/kube-upgrade/pkg/upgraded/daemon/daemon.go:153.2,153.29 1 0
github.com/heathcliff26/kube-upgrade/pkg/upgraded/daemon/daemon.go:153.29,156.25 3 0
github.com/heathcliff26/kube-upgrade/pkg/upgraded/daemon/daemon.go:156.25,158.4 1 0
github.com/heathcliff26/kube-upgrade/pkg/upgraded/daemon/daemon.go:159.8,162.3 2 0
github.com/heathcliff26/kube-upgrade/pkg/upgraded/daemon/daemon.go:164.2,169.12 4 0
github.com/heathcliff26/kube-upgrade/pkg/upgraded/daemon/daemon.go:169.12,173.3 3 0
github.com/heathcliff26/kube-upgrade/pkg/upgraded/daemon/daemon.go:174.2,174.12 1 0
github.com/heathcliff26/kube-upgrade/pkg/upgraded/daemon/daemon.go:174.12,178.3 3 0
github.com/heathcliff26/kube-upgrade/pkg/upgraded/daemon/daemon.go:180.2,181.12 2 0
github.com/heathcliff26/kube-upgrade/pkg/upgraded/daemon/nodes.go:19.40,20.144 1 0
github.com/heathcliff26/kube-upgrade/pkg/upgraded/daemon/nodes.go:20.144,22.3 1 0
github.com/heathcliff26/kube-upgrade/pkg/upgraded/daemon/nodes.go:24.2,26.43 2 0
github.com/heathcliff26/kube-upgrade/pkg/upgraded/daemon/nodes.go:26.43,29.4 2 0
github.com/heathcliff26/kube-upgrade/pkg/upgraded/daemon/nodes.go:31.2,31.16 1 0
github.com/heathcliff26/kube-upgrade/pkg/upgraded/daemon/nodes.go:31.16,35.3 3 0
github.com/heathcliff26/kube-upgrade/pkg/upgraded/daemon/nodes.go:36.2,37.16 2 0
github.com/heathcliff26/kube-upgrade/pkg/upgraded/daemon/nodes.go:37.16,41.3 3 0
github.com/heathcliff26/kube-upgrade/pkg/upgraded/daemon/nodes.go:42.2,43.28 2 0
github.com/heathcliff26/kube-upgrade/pkg/upgraded/daemon/nodes.go:47.53,48.29 1 0
github.com/heathcliff26/kube-upgrade/pkg/upgraded/daemon/nodes.go:48.29,50.3 1 0
github.com/heathcliff26/kube-upgrade/pkg/upgraded/daemon/nodes.go:52.2,52.31 1 0
github.com/heathcliff26/kube-upgrade/pkg/upgraded/daemon/nodes.go:56.60,57.22 1 1
github.com/heathcliff26/kube-upgrade/pkg/upgraded/daemon/nodes.go:57.22,59.17 2 1
github.com/heathcliff26/kube-upgrade/pkg/upgraded/daemon/nodes.go:59.17,61.4 1 0
github.com/heathcliff26/kube-upgrade/pkg/upgraded/daemon/nodes.go:62.3,63.15 2 1
github.com/heathcliff26/kube-upgrade/pkg/upgraded/daemon/nodes.go:68.57,73.17 4 1
github.com/heathcliff26/kube-upgrade/pkg/upgraded/daemon/nodes.go:73.17,76.17 2 1
github.com/heathcliff26/kube-upgrade/pkg/upgraded/daemon/nodes.go:76.17,78.4 1 1
github.com/heathcliff26/kube-upgrade/pkg/upgraded/daemon/nodes.go:79.3,79.30 1 0
github.com/heathcliff26/kube-upgrade/pkg/upgraded/daemon/nodes.go:79.30,81.4 1 0
github.com/heathcliff26/kube-upgrade/pkg/upgraded/daemon/nodes.go:84.2,85.16 2 1
github.com/heathcliff26/kube-upgrade/pkg/upgraded/daemon/nodes.go:85.16,87.3 1 0
github.com/heathcliff26/kube-upgrade/pkg/upgraded/daemon/nodes.go:89.2,93.16 4 1
github.com/heathcliff26/kube-upgrade/pkg/upgraded/daemon/nodes.go:93.16,95.3 1 1
github.com/heathcliff26/kube-upgrade/pkg/upgraded/daemon/nodes.go:97.2,97.36 1 1
github.com/heathcliff26/kube-upgrade/pkg/upgraded/daemon/nodes.go:97.36,100.17 3 1
github.com/heathcliff26/kube-upgrade/pkg/upgraded/daemon/nodes.go:100.17,102.4 1 0
github.com/heathcliff26/kube-upgrade/pkg/upgraded/daemon/nodes.go:103.3,104.17 2 1
github.com/heathcliff26/kube-upgrade/pkg/upgraded/daemon/nodes.go:104.17,106.4 1 1
github.com/heathcliff26/kube-upgrade/pkg/upgraded/daemon/nodes.go:108.3,108.13 1 1
github.com/heathcliff26/kube-upgrade/pkg/upgraded/daemon/nodes.go:111.2,114.16 3 0
github.com/heathcliff26/kube-upgrade/pkg/upgraded/daemon/nodes.go:114.16,116.3 1 0
github.com/heathcliff26/kube-upgrade/pkg/upgraded/daemon/nodes.go:118.2,119.16 2 0
github.com/heathcliff26/kube-upgrade/pkg/upgraded/daemon/nodes.go:119.16,121.3 1 0
github.com/heathcliff26/kube-upgrade/pkg/upgraded/daemon/nodes.go:122.2,122.34 1 0
github.com/heathcliff26/kube-upgrade/pkg/upgraded/daemon/nodes.go:122.34,124.3 1 0
github.com/heathcliff26/kube-upgrade/pkg/upgraded/daemon/nodes.go:125.2,127.16 3 0
github.com/heathcliff26/kube-upgrade/pkg/upgraded/daemon/nodes.go:127.16,129.3 1 0
github.com/heathcliff26/kube-upgrade/pkg/upgraded/daemon/nodes.go:131.2,131.48 1 0
github.com/heathcliff26/kube-upgrade/pkg/upgraded/daemon/nodes.go:131.48,134.3 2 0
github.com/heathcliff26/kube-upgrade/pkg/upgraded/daemon/nodes.go:134.8,137.3 2 0
github.com/heathcliff26/kube-upgrade/pkg/upgraded/daemon/nodes.go:138.2,138.16 1 0
github.com/heathcliff26/kube-upgrade/pkg/upgraded/daemon/nodes.go:138.16,140.3 1 0
github.com/heathcliff26/kube-upgrade/pkg/upgraded/daemon/nodes.go:142.2,143.16 2 0
github.com/heathcliff26/kube-upgrade/pkg/upgraded/daemon/nodes.go:143.16,145.3 1 0
github.com/heathcliff26/kube-upgrade/pkg/upgraded/daemon/nodes.go:147.2,149.12 3 0
github.com/heathcliff26/kube-upgrade/pkg/upgraded/daemon/nodes.go:153.56,155.16 2 1
github.com/heathcliff26/kube-upgrade/pkg/upgraded/daemon/nodes.go:155.16,157.3 1 1
github.com/heathcliff26/kube-upgrade/pkg/upgraded/daemon/nodes.go:158.2,158.29 1 1
github.com/heathcliff26/kube-upgrade/pkg/upgraded/daemon/nodes.go:158.29,160.3 1 1
github.com/heathcliff26/kube-upgrade/pkg/upgraded/daemon/nodes.go:161.2,164.16 3 1
github.com/heathcliff26/kube-upgrade/pkg/upgraded/daemon/nodes.go:164.16,166.3 1 1
github.com/heathcliff26/kube-upgrade/pkg/upgraded/daemon/nodes.go:167.2,167.12 1 1
github.com/heathcliff26/kube-upgrade/pkg/upgraded/daemon/nodes.go:171.50,173.2 1 1
github.com/heathcliff26/kube-upgrade/pkg/upgraded/daemon/nodes.go:176.58,178.22 2 1
github.com/heathcliff26/kube-upgrade/pkg/upgraded/daemon/nodes.go:178.22,180.3 1 0
github.com/heathcliff26/kube-upgrade/pkg/upgraded/daemon/nodes.go:181.2,181.12 1 1
github.com/heathcliff26/kube-upgrade/pkg/upgraded/daemon/stream.go:11.36,13.6 2 0
github.com/heathcliff26/kube-upgrade/pkg/upgraded/daemon/stream.go:13.6,14.23 1 0
github.com/heathcliff26/kube-upgrade/pkg/upgraded/daemon/stream.go:14.23,18.18 4 0
github.com/heathcliff26/kube-upgrade/pkg/upgraded/daemon/stream.go:18.18,20.5 1 0
github.com/heathcliff26/kube-upgrade/pkg/upgraded/daemon/stream.go:21.4,22.16 2 0
github.com/heathcliff26/kube-upgrade/pkg/upgraded/daemon/stream.go:25.3,25.18 1 0
github.com/heathcliff26/kube-upgrade/pkg/upgraded/daemon/stream.go:25.18,27.24 2 0
github.com/heathcliff26/kube-upgrade/pkg/upgraded/daemon/stream.go:27.24,29.19 2 0
github.com/heathcliff26/kube-upgrade/pkg/upgraded/daemon/stream.go:29.19,31.6 1 0
github.com/heathcliff26/kube-upgrade/pkg/upgraded/daemon/stream.go:32.5,33.17 2 0
github.com/heathcliff26/kube-upgrade/pkg/upgraded/daemon/stream.go:35.9,37.4 1 0
github.com/heathcliff26/kube-upgrade/pkg/upgraded/daemon/stream.go:39.3,39.10 1 0
github.com/heathcliff26/kube-upgrade/pkg/upgraded/daemon/stream.go:40.23,41.10 1 0
github.com/heathcliff26/kube-upgrade/pkg/upgraded/daemon/stream.go:42.38,42.38 0 0
github.com/heathcliff26/kube-upgrade/pkg/upgraded/daemon/stream.go:48.36,53.16 4 1
github.com/heathcliff26/kube-upgrade/pkg/upgraded/daemon/stream.go:53.16,55.3 1 0
github.com/heathcliff26/kube-upgrade/pkg/upgraded/daemon/stream.go:57.2,58.16 2 1
github.com/heathcliff26/kube-upgrade/pkg/upgraded/daemon/stream.go:58.16,60.3 1 1
github.com/heathcliff26/kube-upgrade/pkg/upgraded/daemon/stream.go:62.2,63.16 2 1
github.com/heathcliff26/kube-upgrade/pkg/upgraded/daemon/stream.go:63.16,65.3 1 1
github.com/heathcliff26/kube-upgrade/pkg/upgraded/daemon/stream.go:70.2,71.12 2 1
github.com/heathcliff26/kube-upgrade/pkg/upgraded/daemon/utils.go:15.89,17.16 2 1
github.com/heathcliff26/kube-upgrade/pkg/upgraded/daemon/utils.go:17.16,19.3 1 1
github.com/heathcliff26/kube-upgrade/pkg/upgraded/daemon/utils.go:21.2,21.35 1 1
github.com/heathcliff26/kube-upgrade/pkg/upgraded/daemon/utils.go:21.35,22.50 1 1
github.com/heathcliff26/kube-upgrade/pkg/upgraded/daemon/utils.go:22.50,24.4 1 1
github.com/heathcliff26/kube-upgrade/pkg/upgraded/daemon/utils.go:27.2,27.79 1 0
github.com/heathcliff26/kube-upgrade/pkg/upgraded/daemon/utils.go:31.47,32.29 1 1
github.com/heathcliff26/kube-upgrade/pkg/upgraded/daemon/utils.go:32.29,34.3 1 1
github.com/heathcliff26/kube-upgrade/pkg/upgraded/daemon/utils.go:35.2,36.52 2 1
github.com/heathcliff26/kube-upgrade/pkg/upgraded/daemon/utils.go:36.52,38.3 1 1
github.com/heathcliff26/kube-upgrade/pkg/upgraded/daemon/utils.go:39.2,39.69 1 1
github.com/heathcliff26/kube-upgrade/pkg/upgraded/daemon/utils.go:39.69,42.3 2 1
github.com/heathcliff26/kube-upgrade/pkg/upgraded/daemon/utils.go:43.2,43.13 1 1
github.com/heathcliff26/kube-upgrade/pkg/upgraded/fleetlock/client.go:20.61,22.16 2 1
github.com/heathcliff26/kube-upgrade/pkg/upgraded/fleetlock/client.go:22.16,24.3 1 0
github.com/heathcliff26/kube-upgrade/pkg/upgraded/fleetlock/client.go:26.2,27.16 2 1
github.com/heathcliff26/kube-upgrade/pkg/upgraded/fleetlock/client.go:27.16,29.3 1 0
github.com/heathcliff26/kube-upgrade/pkg/upgraded/fleetlock/client.go:31.2,32.16 2 1
github.com/heathcliff26/kube-upgrade/pkg/upgraded/fleetlock/client.go:32.16,34.3 1 0
github.com/heathcliff26/kube-upgrade/pkg/upgraded/fleetlock/client.go:36.2,36.15 1 1
github.com/heathcliff26/kube-upgrade/pkg/upgraded/fleetlock/client.go:40.49,42.16 2 1
github.com/heathcliff26/kube-upgrade/pkg/upgraded/fleetlock/client.go:42.16,44.3 1 0
github.com/heathcliff26/kube-upgrade/pkg/upgraded/fleetlock/client.go:46.2,48.8 1 1
github.com/heathcliff26/kube-upgrade/pkg/upgraded/fleetlock/client.go:52.40,54.16 2 1
github.com/heathcliff26/kube-upgrade/pkg/upgraded/fleetlock/client.go:54.16,56.3 1 0
github.com/heathcliff26/kube-upgrade/pkg/upgraded/fleetlock/client.go:56.8,56.15 1 1
github.com/heathcliff26/kube-upgrade/pkg/upgraded/fleetlock/client.go:56.15,58.3 1 1
github.com/heathcliff26/kube-upgrade/pkg/upgraded/fleetlock/client.go:59.2,59.91 1 1
github.com/heathcliff26/kube-upgrade/pkg/upgraded/fleetlock/client.go:63.43,65.16 2 1
github.com/heathcliff26/kube-upgrade/pkg/upgraded/fleetlock/client.go:65.16,67.3 1 0
github.com/heathcliff26/kube-upgrade/pkg/upgraded/fleetlock/client.go:67.8,67.15 1 1
github.com/heathcliff26/kube-upgrade/pkg/upgraded/fleetlock/client.go:67.15,69.3 1 1
github.com/heathcliff26/kube-upgrade/pkg/upgraded/fleetlock/client.go:70.2,70.92 1 0
github.com/heathcliff26/kube-upgrade/pkg/upgraded/fleetlock/client.go:73.90,78.16 4 1
github.com/heathcliff26/kube-upgrade/pkg/upgraded/fleetlock/client.go:78.16,80.3 1 0
github.com/heathcliff26/kube-upgrade/pkg/upgraded/fleetlock/client.go:81.2,82.16 2 1
github.com/heathcliff26/kube-upgrade/pkg/upgraded/fleetlock/client.go:82.16,84.3 1 0
github.com/heathcliff26/kube-upgrade/pkg/upgraded/fleetlock/client.go:85.2,89.16 4 1
github.com/heathcliff26/kube-upgrade/pkg/upgraded/fleetlock/client.go:89.16,91.3 1 0
github.com/heathcliff26/kube-upgrade/pkg/upgraded/fleetlock/client.go:93.2,94.16 2 1
github.com/heathcliff26/kube-upgrade/pkg/upgraded/fleetlock/client.go:94.16,96.3 1 0
github.com/heathcliff26/kube-upgrade/pkg/upgraded/fleetlock/client.go:98.2,98.54 1 1
github.com/heathcliff26/kube-upgrade/pkg/upgraded/fleetlock/client.go:102.43,103.14 1 1
github.com/heathcliff26/kube-upgrade/pkg/upgraded/fleetlock/client.go:103.14,105.3 1 0
github.com/heathcliff26/kube-upgrade/pkg/upgraded/fleetlock/client.go:107.2,110.14 3 1
github.com/heathcliff26/kube-upgrade/pkg/upgraded/fleetlock/client.go:114.52,118.15 3 1
github.com/heathcliff26/kube-upgrade/pkg/upgraded/fleetlock/client.go:118.15,120.3 1 0
github.com/heathcliff26/kube-upgrade/pkg/upgraded/fleetlock/client.go:121.2,122.12 2 1
github.com/heathcliff26/kube-upgrade/pkg/upgraded/fleetlock/client.go:126.45,127.14 1 1
github.com/heathcliff26/kube-upgrade/pkg/upgraded/fleetlock/client.go:127.14,129.3 1 0
github.com/heathcliff26/kube-upgrade/pkg/upgraded/fleetlock/client.go:131.2,134.16 3 1
github.com/heathcliff26/kube-upgrade/pkg/upgraded/fleetlock/client.go:138.56,142.17 3 1
github.com/heathcliff26/kube-upgrade/pkg/upgraded/fleetlock/client.go:142.17,144.3 1 0
github.com/heathcliff26/kube-upgrade/pkg/upgraded/fleetlock/client.go:145.2,146.12 2 1
github.com/heathcliff26/kube-upgrade/pkg/upgraded/fleetlock/utils.go:12.40,14.16 2 1
github.com/heathcliff26/kube-upgrade/pkg/upgraded/fleetlock/utils.go:14.16,16.3 1 0
github.com/heathcliff26/kube-upgrade/pkg/upgraded/fleetlock/utils.go:18.2,19.16 2 1
github.com/heathcliff26/kube-upgrade/pkg/upgraded/fleetlock/utils.go:19.16,21.3 1 0
github.com/heathcliff26/kube-upgrade/pkg/upgraded/fleetlock/utils.go:22.2,22.19 1 1
github.com/heathcliff26/kube-upgrade/pkg/upgraded/fleetlock/utils.go:28.43,30.11 2 1
github.com/heathcliff26/kube-upgrade/pkg/upgraded/fleetlock/utils.go:30.11,32.3 1 0
github.com/heathcliff26/kube-upgrade/pkg/upgraded/fleetlock/utils.go:33.2,33.12 1 1
github.com/heathcliff26/kube-upgrade/pkg/upgraded/kubeadm/kubeadm.go:19.44,21.16 2 1
github.com/heathcliff26/kube-upgrade/pkg/upgraded/kubeadm/kubeadm.go:21.16,23.3 1 1
github.com/heathcliff26/kube-upgrade/pkg/upgraded/kubeadm/kubeadm.go:25.2,30.16 3 1
github.com/heathcliff26/kube-upgrade/pkg/upgraded/kubeadm/kubeadm.go:30.16,32.3 1 0
github.com/heathcliff26/kube-upgrade/pkg/upgraded/kubeadm/kubeadm.go:33.2,35.15 2 1
github.com/heathcliff26/kube-upgrade/pkg/upgraded/kubeadm/kubeadm.go:39.50,44.2 3 0
github.com/heathcliff26/kube-upgrade/pkg/upgraded/kubeadm/kubeadm.go:47.35,52.2 3 0
github.com/heathcliff26/kube-upgrade/pkg/upgraded/kubeadm/kubeadm.go:54.39,56.2 1 1
github.com/heathcliff26/kube-upgrade/pkg/upgraded/kubeadm/kubeadm.go:58.51,60.16 2 1
github.com/heathcliff26/kube-upgrade/pkg/upgraded/kubeadm/kubeadm.go:60.16,62.3 1 0
github.com/heathcliff26/kube-upgrade/pkg/upgraded/kubeadm/kubeadm.go:63.2,63.25 1 1
github.com/heathcliff26/kube-upgrade/pkg/upgraded/rpm-ostree/rpm-ostree.go:17.46,19.16 2 1
github.com/heathcliff26/kube-upgrade/pkg/upgraded/rpm-ostree/rpm-ostree.go:19.16,21.3 1 1
github.com/heathcliff26/kube-upgrade/pkg/upgraded/rpm-ostree/rpm-ostree.go:23.2,25.8 1 1
github.com/heathcliff26/kube-upgrade/pkg/upgraded/rpm-ostree/rpm-ostree.go:29.56,36.23 6 0
github.com/heathcliff26/kube-upgrade/pkg/upgraded/rpm-ostree/rpm-ostree.go:36.23,39.3 2 0
github.com/heathcliff26/kube-upgrade/pkg/upgraded/rpm-ostree/rpm-ostree.go:39.8,39.23 1 0
github.com/heathcliff26/kube-upgrade/pkg/upgraded/rpm-ostree/rpm-ostree.go:39.23,41.3 1 0
github.com/heathcliff26/kube-upgrade/pkg/upgraded/rpm-ostree/rpm-ostree.go:43.2,43.14 1 0
github.com/heathcliff26/kube-upgrade/pkg/upgraded/rpm-ostree/rpm-ostree.go:44.9,45.19 1 0
github.com/heathcliff26/kube-upgrade/pkg/upgraded/rpm-ostree/rpm-ostree.go:46.10,47.20 1 0
github.com/heathcliff26/kube-upgrade/pkg/upgraded/rpm-ostree/rpm-ostree.go:48.10,50.80 2 0
github.com/heathcliff26/kube-upgrade/pkg/upgraded/rpm-ostree/rpm-ostree.go:57.40,62.2 3 1
github.com/heathcliff26/kube-upgrade/pkg/upgraded/rpm-ostree/rpm-ostree.go:67.51,72.2 3 1
github.com/heathcliff26/kube-upgrade/pkg/upgraded/rpm-ostree/utils.go:8.41,9.46 1 0
github.com/heathcliff26/kube-upgrade/pkg/upgraded/rpm-ostree/utils.go:9.46,11.3 1 0
github.com/heathcliff26/kube-upgrade/pkg/upgraded/rpm-ostree/utils.go:12.2,12.17 1 0
github.com/heathcliff26/kube-upgrade/pkg/upgraded/utils/utils.go:11.37,13.16 2 1
github.com/heathcliff26/kube-upgrade/pkg/upgraded/utils/utils.go:13.16,15.3 1 0
github.com/heathcliff26/kube-upgrade/pkg/upgraded/utils/utils.go:16.2,17.23 2 1
github.com/heathcliff26/kube-upgrade/pkg/upgraded/utils/utils.go:21.64,26.2 4 1
github.com/heathcliff26/kube-upgrade/pkg/upgraded/utils/utils.go:29.52,31.16 2 1
github.com/heathcliff26/kube-upgrade/pkg/upgraded/utils/utils.go:31.16,33.3 1 1
github.com/heathcliff26/kube-upgrade/pkg/upgraded/utils/utils.go:34.2,34.31 1 1
github.com/heathcliff26/kube-upgrade/pkg/upgraded/utils/utils.go:34.31,36.3 1 0
github.com/heathcliff26/kube-upgrade/pkg/upgraded/utils/utils.go:37.2,37.12 1 1
github.com/heathcliff26/kube-upgrade/pkg/version/version.go:13.45,17.48 1 0
github.com/heathcliff26/kube-upgrade/pkg/version/version.go:17.48,19.4 1 0
github.com/heathcliff26/kube-upgrade/pkg/version/version.go:22.2,22.65 1 0
github.com/heathcliff26/kube-upgrade/pkg/version/version.go:22.66,22.67 0 0
github.com/heathcliff26/kube-upgrade/pkg/version/version.go:24.2,24.12 1 0
github.com/heathcliff26/kube-upgrade/pkg/version/version.go:27.34,30.42 3 0
github.com/heathcliff26/kube-upgrade/pkg/version/version.go:30.42,31.33 1 0
github.com/heathcliff26/kube-upgrade/pkg/version/version.go:31.33,33.9 2 0
github.com/heathcliff26/kube-upgrade/pkg/version/version.go:36.2,36.21 1 0
github.com/heathcliff26/kube-upgrade/pkg/version/version.go:36.21,38.3 1 0
github.com/heathcliff26/kube-upgrade/pkg/version/version.go:38.8,38.25 1 0
github.com/heathcliff26/kube-upgrade/pkg/version/version.go:38.25,40.3 1 0
github.com/heathcliff26/kube-upgrade/pkg/version/version.go:42.2,47.15 5 0
